<?xml version="1.0" encoding="UTF-8"?>
<testsuites name="US13 Test Suite" time="160.251" tests="1" failures="0" errors="0">
   <testsuite name="US13 Test Suite" tests="1" failures="0" errors="0" time="160.251" skipped="0" timestamp="2022-12-08 19:35:39" hostname="Yunikyon - host.docker.internal" id="Test Suites/US13 Test Suite">
      <properties>
         <property name="deviceName" value="emulator-5554 (sdk_gphone64_x86_64 - Android 13)"/>
         <property name="devicePlatform" value=""/>
         <property name="logFolder" value="D:\\UCs_5th_Semester\\TA_EngenhariaSoftware\\Projeto\\taes22_grupow_fastugadriver_tests.git\\Reports\\20221208_193528\\US13 Test Suite\\20221208_193528"/>
         <property name="logFiles" value="D:\\UCs_5th_Semester\\TA_EngenhariaSoftware\\Projeto\\taes22_grupow_fastugadriver_tests.git\\Reports\\20221208_193528\\US13 Test Suite\\20221208_193528\\appium.log, D:\\UCs_5th_Semester\\TA_EngenhariaSoftware\\Projeto\\taes22_grupow_fastugadriver_tests.git\\Reports\\20221208_193528\\US13 Test Suite\\20221208_193528\\execution0.log"/>
         <property name="attachments" value=""/>
         <property name="hostName" value="Yunikyon - host.docker.internal"/>
         <property name="os" value="Windows 10 64bit"/>
         <property name="appiumServerStatus" value="{&quot;value&quot;:{&quot;build&quot;:{&quot;version&quot;:&quot;1.22.3&quot;}},&quot;sessionId&quot;:null,&quot;status&quot;:0}"/>
         <property name="katalonVersion" value="8.5.2.208"/>
         <property name="deviceOS" value="Android"/>
         <property name="appiumVersion" value="1.22.3"/>
         <property name="deviceModel" value="sdk_gphone64_x86_64"/>
         <property name="hostAddress" value="192.168.1.71"/>
         <property name="deviceManufacturer" value="Google"/>
         <property name="deviceId" value="emulator-5554"/>
         <property name="deviceName" value="emulator-5554 (sdk_gphone64_x86_64 - Android 13)"/>
         <property name="deviceOSVersion" value="13"/>
      </properties>
      <testcase name="Test Cases/US13 - Order from Closest-Furthest Available Orders/US13TestCaseAllFeatures" time="159.886" classname="Test Cases/US13 - Order from Closest-Furthest Available Orders/US13TestCaseAllFeatures" status="PASSED">
         <system-out><![CDATA[2022-12-08 19:35:39 - [TEST_CASE][PASSED] - Test Cases/US13 - Order from Closest-Furthest Available Orders/US13TestCaseAllFeatures: Test Cases/US13 - Order from Closest-Furthest Available Orders/US13TestCaseAllFeatures

2022-12-08 19:35:40 - [TEST_STEP][PASSED] - runFeatureFile("include/features/us13.feature"): Feature file: 'include/features/us13.feature' was passed

2022-12-08 19:35:40 - [MESSAGE][INFO] - Starting run keyword runFeatureFile: 'include/features/us13.feature' and extract report to folder: 'D:\UCs_5th_Semester\TA_EngenhariaSoftware\Projeto\taes22_grupow_fastugadriver_tests.git\Reports\20221208_193528\US13 Test Suite\20221208_193528/cucumber_report/1670528140517'...

2022-12-08 19:35:42 - [TEST_CASE][PASSED] - Start Test Case : SCENARIO Check Available Orders "Closest" Button Exists: SCENARIO Check Available Orders "Closest" Button Exists

2022-12-08 19:35:42 - [TEST_STEP][PASSED] - the user opens the application: the user opens the application

2022-12-08 19:35:43 - [MESSAGE][INFO] - User set preference: ['appWaitActivity', '*']

2022-12-08 19:35:43 - [MESSAGE][INFO] - User set preference: ['deviceId', 'emulator-5554']

2022-12-08 19:35:43 - [MESSAGE][INFO] - Detected NodeJS location: "C:\Program Files\nodejs\node.exe"

2022-12-08 19:35:45 - [MESSAGE][INFO] - Appium server started on port 59,080

2022-12-08 19:36:15 - [MESSAGE][PASSED] - Started app at: 'D:\UCs_5th_Semester\TA_EngenhariaSoftware\Projeto\taes22_grupow_fastugadriver_tests.git\Apk\app-debug.apk'

2022-12-08 19:36:15 - [MESSAGE][PASSED] - the user opens the application

2022-12-08 19:36:15 - [TEST_STEP][PASSED] - the user is logged in: the user is logged in

2022-12-08 19:36:15 - [MESSAGE][WARNING] - Timeout '0' is invalid. Using default page load timeout: '30'

2022-12-08 19:36:17 - [MESSAGE][PASSED] - Text 'contacto@email.pt' has been set to element 'Object Repository/android.widget.EditText - email'

2022-12-08 19:36:17 - [MESSAGE][WARNING] - Timeout '0' is invalid. Using default page load timeout: '30'

2022-12-08 19:36:18 - [MESSAGE][PASSED] - Text 'password' has been set to element 'Object Repository/android.widget.EditText - password'

2022-12-08 19:36:18 - [MESSAGE][WARNING] - Timeout '0' is invalid. Using default page load timeout: '30'

2022-12-08 19:36:19 - [MESSAGE][PASSED] - Tapped on element 'Object Repository/android.widget.Button - LOGIN'

2022-12-08 19:36:19 - [MESSAGE][WARNING] - Timeout '0' is invalid. Using default page load timeout: '30'

2022-12-08 19:36:28 - [MESSAGE][PASSED] - Element 'Object Repository/android.widget.TextView - Welcome' is exist

2022-12-08 19:36:28 - [MESSAGE][PASSED] - the user is logged in

2022-12-08 19:36:28 - [TEST_STEP][PASSED] - the user sees the "Welcome" screen: the user sees the "Welcome" screen

2022-12-08 19:36:28 - [MESSAGE][WARNING] - Timeout '0' is invalid. Using default page load timeout: '30'

2022-12-08 19:36:28 - [MESSAGE][PASSED] - Element 'Object Repository/android.widget.TextView - Welcome' is exist

2022-12-08 19:36:28 - [MESSAGE][PASSED] - the user sees the "Welcome" screen

2022-12-08 19:36:28 - [TEST_STEP][PASSED] - the user sees the "Available Orders Closest" button: the user sees the "Available Orders Closest" button

2022-12-08 19:36:28 - [MESSAGE][WARNING] - Timeout '0' is invalid. Using default page load timeout: '30'

2022-12-08 19:36:29 - [MESSAGE][PASSED] - Element 'Object Repository/android.widget.Button - Available Orders Closest' is exist

2022-12-08 19:36:29 - [MESSAGE][PASSED] - the user sees the "Available Orders Closest" button

2022-12-08 19:36:29 - [TEST_CASE][PASSED] - Start Test Case : SCENARIO Check Available Orders Sorted by Closest: SCENARIO Check Available Orders Sorted by Closest

2022-12-08 19:36:29 - [TEST_STEP][PASSED] - the user opens the application: the user opens the application

2022-12-08 19:36:29 - [MESSAGE][INFO] - User set preference: ['appWaitActivity', '*']

2022-12-08 19:36:29 - [MESSAGE][INFO] - User set preference: ['deviceId', 'emulator-5554']

2022-12-08 19:36:50 - [MESSAGE][PASSED] - Started app at: 'D:\UCs_5th_Semester\TA_EngenhariaSoftware\Projeto\taes22_grupow_fastugadriver_tests.git\Apk\app-debug.apk'

2022-12-08 19:36:50 - [MESSAGE][PASSED] - the user opens the application

2022-12-08 19:36:50 - [TEST_STEP][PASSED] - the user is logged in: the user is logged in

2022-12-08 19:36:50 - [MESSAGE][WARNING] - Timeout '0' is invalid. Using default page load timeout: '30'

2022-12-08 19:36:51 - [MESSAGE][PASSED] - Text 'contacto@email.pt' has been set to element 'Object Repository/android.widget.EditText - email'

2022-12-08 19:36:51 - [MESSAGE][WARNING] - Timeout '0' is invalid. Using default page load timeout: '30'

2022-12-08 19:36:53 - [MESSAGE][PASSED] - Text 'password' has been set to element 'Object Repository/android.widget.EditText - password'

2022-12-08 19:36:53 - [MESSAGE][WARNING] - Timeout '0' is invalid. Using default page load timeout: '30'

2022-12-08 19:36:54 - [MESSAGE][PASSED] - Tapped on element 'Object Repository/android.widget.Button - LOGIN'

2022-12-08 19:36:54 - [MESSAGE][WARNING] - Timeout '0' is invalid. Using default page load timeout: '30'

2022-12-08 19:37:01 - [MESSAGE][PASSED] - Element 'Object Repository/android.widget.TextView - Welcome' is exist

2022-12-08 19:37:01 - [MESSAGE][PASSED] - the user is logged in

2022-12-08 19:37:01 - [TEST_STEP][PASSED] - the user sees the "Welcome" screen: the user sees the "Welcome" screen

2022-12-08 19:37:01 - [MESSAGE][WARNING] - Timeout '0' is invalid. Using default page load timeout: '30'

2022-12-08 19:37:01 - [MESSAGE][PASSED] - Element 'Object Repository/android.widget.TextView - Welcome' is exist

2022-12-08 19:37:01 - [MESSAGE][PASSED] - the user sees the "Welcome" screen

2022-12-08 19:37:01 - [TEST_STEP][PASSED] - the user clicks on the "Available Orders Closest" button: the user clicks on the "Available Orders Closest" button

2022-12-08 19:37:01 - [MESSAGE][WARNING] - Timeout '0' is invalid. Using default page load timeout: '30'

2022-12-08 19:37:02 - [MESSAGE][PASSED] - Tapped on element 'Object Repository/android.widget.Button - Available Orders Closest'

2022-12-08 19:37:02 - [MESSAGE][PASSED] - the user clicks on the "Available Orders Closest" button

2022-12-08 19:37:02 - [TEST_STEP][PASSED] - the user sees the available orders sorted by "Closest": the user sees the available orders sorted by "Closest"

2022-12-08 19:37:03 - [MESSAGE][PASSED] - Element '' has attribute 'text' is 'ORDER: 9112
DISTANCE: 2.37 KM
DURATION: 4.35 MIN
EARNING: 2€
STATUS: AVAILABLE'

2022-12-08 19:37:04 - [MESSAGE][PASSED] - Element '' has attribute 'text' is 'ORDER: 9111
DISTANCE: 3.62 KM
DURATION: 5.99 MIN
EARNING: 3€
STATUS: AVAILABLE'

2022-12-08 19:37:04 - [MESSAGE][PASSED] - the user sees the available orders sorted by "Closest"

2022-12-08 19:37:04 - [TEST_CASE][PASSED] - Start Test Case : SCENARIO Check Available Orders "Furthest" Button Exists: SCENARIO Check Available Orders "Furthest" Button Exists

2022-12-08 19:37:04 - [TEST_STEP][PASSED] - the user opens the application: the user opens the application

2022-12-08 19:37:04 - [MESSAGE][INFO] - User set preference: ['appWaitActivity', '*']

2022-12-08 19:37:04 - [MESSAGE][INFO] - User set preference: ['deviceId', 'emulator-5554']

2022-12-08 19:37:30 - [MESSAGE][PASSED] - Started app at: 'D:\UCs_5th_Semester\TA_EngenhariaSoftware\Projeto\taes22_grupow_fastugadriver_tests.git\Apk\app-debug.apk'

2022-12-08 19:37:30 - [MESSAGE][PASSED] - the user opens the application

2022-12-08 19:37:30 - [TEST_STEP][PASSED] - the user is logged in: the user is logged in

2022-12-08 19:37:30 - [MESSAGE][WARNING] - Timeout '0' is invalid. Using default page load timeout: '30'

2022-12-08 19:37:32 - [MESSAGE][PASSED] - Text 'contacto@email.pt' has been set to element 'Object Repository/android.widget.EditText - email'

2022-12-08 19:37:32 - [MESSAGE][WARNING] - Timeout '0' is invalid. Using default page load timeout: '30'

2022-12-08 19:37:33 - [MESSAGE][PASSED] - Text 'password' has been set to element 'Object Repository/android.widget.EditText - password'

2022-12-08 19:37:33 - [MESSAGE][WARNING] - Timeout '0' is invalid. Using default page load timeout: '30'

2022-12-08 19:37:34 - [MESSAGE][PASSED] - Tapped on element 'Object Repository/android.widget.Button - LOGIN'

2022-12-08 19:37:34 - [MESSAGE][WARNING] - Timeout '0' is invalid. Using default page load timeout: '30'

2022-12-08 19:37:41 - [MESSAGE][PASSED] - Element 'Object Repository/android.widget.TextView - Welcome' is exist

2022-12-08 19:37:41 - [MESSAGE][PASSED] - the user is logged in

2022-12-08 19:37:41 - [TEST_STEP][PASSED] - the user sees the "Welcome" screen: the user sees the "Welcome" screen

2022-12-08 19:37:42 - [MESSAGE][WARNING] - Timeout '0' is invalid. Using default page load timeout: '30'

2022-12-08 19:37:42 - [MESSAGE][PASSED] - Element 'Object Repository/android.widget.TextView - Welcome' is exist

2022-12-08 19:37:42 - [MESSAGE][PASSED] - the user sees the "Welcome" screen

2022-12-08 19:37:42 - [TEST_STEP][PASSED] - the user sees the "Available Orders Closest" button: the user sees the "Available Orders Closest" button

2022-12-08 19:37:42 - [MESSAGE][WARNING] - Timeout '0' is invalid. Using default page load timeout: '30'

2022-12-08 19:37:43 - [MESSAGE][PASSED] - Element 'Object Repository/android.widget.Button - Available Orders Closest' is exist

2022-12-08 19:37:43 - [MESSAGE][PASSED] - the user sees the "Available Orders Closest" button

2022-12-08 19:37:43 - [TEST_CASE][PASSED] - Start Test Case : SCENARIO Check Available Orders Sorted by Furthest: SCENARIO Check Available Orders Sorted by Furthest

2022-12-08 19:37:43 - [TEST_STEP][PASSED] - the user opens the application: the user opens the application

2022-12-08 19:37:43 - [MESSAGE][INFO] - User set preference: ['appWaitActivity', '*']

2022-12-08 19:37:43 - [MESSAGE][INFO] - User set preference: ['deviceId', 'emulator-5554']

2022-12-08 19:38:05 - [MESSAGE][PASSED] - Started app at: 'D:\UCs_5th_Semester\TA_EngenhariaSoftware\Projeto\taes22_grupow_fastugadriver_tests.git\Apk\app-debug.apk'

2022-12-08 19:38:05 - [MESSAGE][PASSED] - the user opens the application

2022-12-08 19:38:05 - [TEST_STEP][PASSED] - the user is logged in: the user is logged in

2022-12-08 19:38:05 - [MESSAGE][WARNING] - Timeout '0' is invalid. Using default page load timeout: '30'

2022-12-08 19:38:07 - [MESSAGE][PASSED] - Text 'contacto@email.pt' has been set to element 'Object Repository/android.widget.EditText - email'

2022-12-08 19:38:07 - [MESSAGE][WARNING] - Timeout '0' is invalid. Using default page load timeout: '30'

2022-12-08 19:38:08 - [MESSAGE][PASSED] - Text 'password' has been set to element 'Object Repository/android.widget.EditText - password'

2022-12-08 19:38:08 - [MESSAGE][WARNING] - Timeout '0' is invalid. Using default page load timeout: '30'

2022-12-08 19:38:09 - [MESSAGE][PASSED] - Tapped on element 'Object Repository/android.widget.Button - LOGIN'

2022-12-08 19:38:09 - [MESSAGE][WARNING] - Timeout '0' is invalid. Using default page load timeout: '30'

2022-12-08 19:38:17 - [MESSAGE][PASSED] - Element 'Object Repository/android.widget.TextView - Welcome' is exist

2022-12-08 19:38:17 - [MESSAGE][PASSED] - the user is logged in

2022-12-08 19:38:17 - [TEST_STEP][PASSED] - the user sees the "Welcome" screen: the user sees the "Welcome" screen

2022-12-08 19:38:17 - [MESSAGE][WARNING] - Timeout '0' is invalid. Using default page load timeout: '30'

2022-12-08 19:38:17 - [MESSAGE][PASSED] - Element 'Object Repository/android.widget.TextView - Welcome' is exist

2022-12-08 19:38:17 - [MESSAGE][PASSED] - the user sees the "Welcome" screen

2022-12-08 19:38:17 - [TEST_STEP][PASSED] - the user clicks on the "Available Orders Furthest" button: the user clicks on the "Available Orders Furthest" button

2022-12-08 19:38:17 - [MESSAGE][WARNING] - Timeout '0' is invalid. Using default page load timeout: '30'

2022-12-08 19:38:19 - [MESSAGE][PASSED] - Tapped on element 'Object Repository/android.widget.Button - Available Orders Furthest'

2022-12-08 19:38:19 - [MESSAGE][PASSED] - the user clicks on the "Available Orders Furthest" button

2022-12-08 19:38:19 - [TEST_STEP][PASSED] - the user sees the available orders sorted by "Furthest": the user sees the available orders sorted by "Furthest"

2022-12-08 19:38:19 - [MESSAGE][PASSED] - Element '' has attribute 'text' is 'ORDER: 9111
DISTANCE: 3.62 KM
DURATION: 5.99 MIN
EARNING: 3€
STATUS: AVAILABLE'

2022-12-08 19:38:19 - [MESSAGE][PASSED] - Element '' has attribute 'text' is 'ORDER: 9112
DISTANCE: 2.37 KM
DURATION: 4.35 MIN
EARNING: 2€
STATUS: AVAILABLE'

2022-12-08 19:38:19 - [MESSAGE][PASSED] - the user sees the available orders sorted by "Furthest"

2022-12-08 19:38:19 - [MESSAGE][PASSED] - Feature file: 'include/features/us13.feature' was passed]]></system-out>
         <system-err><![CDATA[]]></system-err>
      </testcase>
      <system-out><![CDATA[2022-12-08 19:35:39 - [TEST_SUITE][PASSED] - US13 Test Suite: Test Cases/US13 - Order from Closest-Furthest Available Orders/US13TestCaseAllFeatures]]></system-out>
      <system-err><![CDATA[]]></system-err>
   </testsuite>
</testsuites>
