<?xml version="1.0" encoding="UTF-8"?>
<testsuites name="US3 Test Suite" time="85.524" tests="1" failures="0" errors="0">
   <testsuite name="US3 Test Suite" tests="1" failures="0" errors="0" time="85.524" skipped="0" timestamp="2022-12-06 21:25:07" hostname="Yunikyon - DESKTOP-553098Q.mshome.net" id="Test Suites/US3 Test Suite">
      <properties>
         <property name="deviceName" value="emulator-5554 (sdk_gphone64_x86_64 - Android 13)"/>
         <property name="devicePlatform" value=""/>
         <property name="logFolder" value="D:\\UCs_5th_Semester\\TA_EngenhariaSoftware\\Projeto\\taes22_grupow_fastugadriver_tests.git\\Reports\\20221206_212458\\US3 Test Suite\\20221206_212458"/>
         <property name="logFiles" value="D:\\UCs_5th_Semester\\TA_EngenhariaSoftware\\Projeto\\taes22_grupow_fastugadriver_tests.git\\Reports\\20221206_212458\\US3 Test Suite\\20221206_212458\\appium.log, D:\\UCs_5th_Semester\\TA_EngenhariaSoftware\\Projeto\\taes22_grupow_fastugadriver_tests.git\\Reports\\20221206_212458\\US3 Test Suite\\20221206_212458\\execution0.log"/>
         <property name="attachments" value=""/>
         <property name="hostName" value="Yunikyon - DESKTOP-553098Q.mshome.net"/>
         <property name="os" value="Windows 10 64bit"/>
         <property name="appiumServerStatus" value="{&quot;value&quot;:{&quot;build&quot;:{&quot;version&quot;:&quot;1.22.3&quot;}},&quot;sessionId&quot;:null,&quot;status&quot;:0}"/>
         <property name="katalonVersion" value="8.5.2.208"/>
         <property name="deviceOS" value="Android"/>
         <property name="appiumVersion" value="1.22.3"/>
         <property name="deviceModel" value="sdk_gphone64_x86_64"/>
         <property name="hostAddress" value="172.20.112.1"/>
         <property name="deviceManufacturer" value="Google"/>
         <property name="deviceId" value="emulator-5554"/>
         <property name="deviceName" value="emulator-5554 (sdk_gphone64_x86_64 - Android 13)"/>
         <property name="deviceOSVersion" value="13"/>
      </properties>
      <testcase name="Test Cases/US3 - List Available Orders/US3TestCaseAllFeatures" time="85.184" classname="Test Cases/US3 - List Available Orders/US3TestCaseAllFeatures" status="PASSED">
         <system-out><![CDATA[2022-12-06 21:25:07 - [TEST_CASE][PASSED] - Test Cases/US3 - List Available Orders/US3TestCaseAllFeatures: Test Cases/US3 - List Available Orders/US3TestCaseAllFeatures

2022-12-06 21:25:08 - [TEST_STEP][PASSED] - runFeatureFile("include/features/us3.feature"): Feature file: 'include/features/us3.feature' was passed

2022-12-06 21:25:08 - [MESSAGE][INFO] - Starting run keyword runFeatureFile: 'include/features/us3.feature' and extract report to folder: 'D:\UCs_5th_Semester\TA_EngenhariaSoftware\Projeto\taes22_grupow_fastugadriver_tests.git\Reports\20221206_212458\US3 Test Suite\20221206_212458/cucumber_report/1670361908678'...

2022-12-06 21:25:10 - [TEST_CASE][PASSED] - Start Test Case : SCENARIO Check Available Orders Screen Exists: SCENARIO Check Available Orders Screen Exists

2022-12-06 21:25:10 - [TEST_STEP][PASSED] - the user opens the application: the user opens the application

2022-12-06 21:25:11 - [MESSAGE][INFO] - User set preference: ['appWaitActivity', '*']

2022-12-06 21:25:11 - [MESSAGE][INFO] - User set preference: ['deviceId', 'emulator-5554']

2022-12-06 21:25:11 - [MESSAGE][INFO] - Detected NodeJS location: "C:\Program Files\nodejs\node.exe"

2022-12-06 21:25:13 - [MESSAGE][INFO] - Appium server started on port 55,130

2022-12-06 21:25:39 - [MESSAGE][PASSED] - Started app at: 'D:\UCs_5th_Semester\TA_EngenhariaSoftware\Projeto\taes22_grupow_fastugadriver_tests.git\Apk\app-debug.apk'

2022-12-06 21:25:39 - [MESSAGE][PASSED] - the user opens the application

2022-12-06 21:25:39 - [TEST_STEP][PASSED] - the user is logged in: the user is logged in

2022-12-06 21:25:39 - [MESSAGE][WARNING] - Timeout '0' is invalid. Using default page load timeout: '30'

2022-12-06 21:25:41 - [MESSAGE][PASSED] - Text 'contacto@email.pt' has been set to element 'Object Repository/android.widget.EditText - email'

2022-12-06 21:25:41 - [MESSAGE][WARNING] - Timeout '0' is invalid. Using default page load timeout: '30'

2022-12-06 21:25:43 - [MESSAGE][PASSED] - Text 'password' has been set to element 'Object Repository/android.widget.EditText - password'

2022-12-06 21:25:43 - [MESSAGE][WARNING] - Timeout '0' is invalid. Using default page load timeout: '30'

2022-12-06 21:25:43 - [MESSAGE][PASSED] - Tapped on element 'Object Repository/android.widget.Button - LOGIN'

2022-12-06 21:25:44 - [MESSAGE][WARNING] - Timeout '0' is invalid. Using default page load timeout: '30'

2022-12-06 21:25:48 - [MESSAGE][PASSED] - Element 'Object Repository/android.widget.TextView - Welcome' is exist

2022-12-06 21:25:48 - [MESSAGE][PASSED] - the user is logged in

2022-12-06 21:25:48 - [TEST_STEP][PASSED] - the user sees the "Available Orders List" list: the user sees the "Available Orders List" list

2022-12-06 21:25:48 - [MESSAGE][WARNING] - Timeout '0' is invalid. Using default page load timeout: '30'

2022-12-06 21:25:49 - [MESSAGE][PASSED] - Element 'Object Repository/android.widget.ScrollView - Available Orders List' is exist

2022-12-06 21:25:49 - [MESSAGE][PASSED] - the user sees the "Available Orders List" list

2022-12-06 21:25:49 - [TEST_CASE][PASSED] - Start Test Case : SCENARIO Check Empty Available Orders: SCENARIO Check Empty Available Orders

2022-12-06 21:25:49 - [TEST_STEP][PASSED] - the user opens the application: the user opens the application

2022-12-06 21:25:49 - [MESSAGE][INFO] - User set preference: ['appWaitActivity', '*']

2022-12-06 21:25:49 - [MESSAGE][INFO] - User set preference: ['deviceId', 'emulator-5554']

2022-12-06 21:26:18 - [MESSAGE][PASSED] - Started app at: 'D:\UCs_5th_Semester\TA_EngenhariaSoftware\Projeto\taes22_grupow_fastugadriver_tests.git\Apk\app-debug.apk'

2022-12-06 21:26:18 - [MESSAGE][PASSED] - the user opens the application

2022-12-06 21:26:18 - [TEST_STEP][PASSED] - the user is logged in: the user is logged in

2022-12-06 21:26:18 - [MESSAGE][WARNING] - Timeout '0' is invalid. Using default page load timeout: '30'

2022-12-06 21:26:20 - [MESSAGE][PASSED] - Text 'contacto@email.pt' has been set to element 'Object Repository/android.widget.EditText - email'

2022-12-06 21:26:20 - [MESSAGE][WARNING] - Timeout '0' is invalid. Using default page load timeout: '30'

2022-12-06 21:26:21 - [MESSAGE][PASSED] - Text 'password' has been set to element 'Object Repository/android.widget.EditText - password'

2022-12-06 21:26:22 - [MESSAGE][WARNING] - Timeout '0' is invalid. Using default page load timeout: '30'

2022-12-06 21:26:22 - [MESSAGE][PASSED] - Tapped on element 'Object Repository/android.widget.Button - LOGIN'

2022-12-06 21:26:22 - [MESSAGE][WARNING] - Timeout '0' is invalid. Using default page load timeout: '30'

2022-12-06 21:26:32 - [MESSAGE][PASSED] - Element 'Object Repository/android.widget.TextView - Welcome' is exist

2022-12-06 21:26:32 - [MESSAGE][PASSED] - the user is logged in

2022-12-06 21:26:32 - [TEST_STEP][PASSED] - the user sees the "No orders Available" text: the user sees the "No orders Available" text

2022-12-06 21:26:33 - [MESSAGE][PASSED] - Actual text and expected text of test object 'Object Repository/android.widget.TextView - No orders Available' are matched.

2022-12-06 21:26:33 - [MESSAGE][PASSED] - the user sees the "No orders Available" text

2022-12-06 21:26:33 - [MESSAGE][PASSED] - Feature file: 'include/features/us3.feature' was passed]]></system-out>
         <system-err><![CDATA[]]></system-err>
      </testcase>
      <system-out><![CDATA[2022-12-06 21:25:07 - [TEST_SUITE][PASSED] - US3 Test Suite: Test Cases/US3 - List Available Orders/US3TestCaseAllFeatures]]></system-out>
      <system-err><![CDATA[]]></system-err>
   </testsuite>
</testsuites>
