<?xml version="1.0" encoding="UTF-8"?>
<testsuites name="US20 Test Suite" time="47.962" tests="1" failures="0" errors="0">
   <testsuite name="US20 Test Suite" tests="1" failures="0" errors="0" time="47.962" skipped="0" timestamp="2022-12-10 18:00:12" hostname="André - DESKTOP-MHCQ2QC.mshome.net" id="Test Suites/US20 Test Suite">
      <properties>
         <property name="deviceName" value="emulator-5554 (sdk_gphone64_x86_64 - Android 12)"/>
         <property name="devicePlatform" value=""/>
         <property name="logFolder" value="C:\\Users\\Andr\u00E9\\Katalon Studio\\taes22_grupow_fastugadriver_tests.git\\Reports\\20221210_180006\\US20 Test Suite\\20221210_180006"/>
         <property name="logFiles" value="C:\\Users\\Andr\u00E9\\Katalon Studio\\taes22_grupow_fastugadriver_tests.git\\Reports\\20221210_180006\\US20 Test Suite\\20221210_180006\\appium.log, C:\\Users\\Andr\u00E9\\Katalon Studio\\taes22_grupow_fastugadriver_tests.git\\Reports\\20221210_180006\\US20 Test Suite\\20221210_180006\\execution0.log"/>
         <property name="attachments" value=""/>
         <property name="hostName" value="André - DESKTOP-MHCQ2QC.mshome.net"/>
         <property name="os" value="Windows 10 64bit"/>
         <property name="appiumServerStatus" value="{&quot;value&quot;:{&quot;build&quot;:{&quot;version&quot;:&quot;1.22.3&quot;}},&quot;sessionId&quot;:null,&quot;status&quot;:0}"/>
         <property name="katalonVersion" value="8.5.1.208"/>
         <property name="deviceOS" value="Android"/>
         <property name="appiumVersion" value="1.22.3"/>
         <property name="deviceModel" value="sdk_gphone64_x86_64"/>
         <property name="hostAddress" value="172.30.224.1"/>
         <property name="deviceManufacturer" value="Google"/>
         <property name="deviceId" value="emulator-5554"/>
         <property name="deviceName" value="emulator-5554 (sdk_gphone64_x86_64 - Android 12)"/>
         <property name="deviceOSVersion" value="12"/>
      </properties>
      <testcase name="Test Cases/US20 - Check My Balance/US20TestCaseAllFeatures" time="47.721" classname="Test Cases/US20 - Check My Balance/US20TestCaseAllFeatures" status="PASSED">
         <system-out><![CDATA[2022-12-10 18:00:13 - [TEST_CASE][PASSED] - Test Cases/US20 - Check My Balance/US20TestCaseAllFeatures: Test Cases/US20 - Check My Balance/US20TestCaseAllFeatures

2022-12-10 18:00:13 - [TEST_STEP][PASSED] - runFeatureFile("Include/features/us20.feature"): Feature file: 'Include/features/us20.feature' was passed

2022-12-10 18:00:13 - [MESSAGE][INFO] - Starting run keyword runFeatureFile: 'Include/features/us20.feature' and extract report to folder: 'C:\Users\André\Katalon Studio\taes22_grupow_fastugadriver_tests.git\Reports\20221210_180006\US20 Test Suite\20221210_180006/cucumber_report/1670695213484'...

2022-12-10 18:00:15 - [TEST_CASE][PASSED] - Start Test Case : SCENARIO Check Balance Value Exists: SCENARIO Check Balance Value Exists

2022-12-10 18:00:15 - [TEST_STEP][PASSED] - the user opens the application: the user opens the application

2022-12-10 18:00:15 - [MESSAGE][INFO] - User set preference: ['appWaitActivity', '*']

2022-12-10 18:00:15 - [MESSAGE][INFO] - User set preference: ['deviceId', 'emulator-5554']

2022-12-10 18:00:15 - [MESSAGE][INFO] - Detected NodeJS location: "C:\Program Files\nodejs\node.exe"

2022-12-10 18:00:16 - [MESSAGE][INFO] - Appium server started on port 57,026

2022-12-10 18:00:32 - [MESSAGE][PASSED] - Started app at: 'C:\Users\André\Katalon Studio\taes22_grupow_fastugadriver_tests.git\Apk\app-debug.apk'

2022-12-10 18:00:32 - [MESSAGE][PASSED] - the user opens the application

2022-12-10 18:00:32 - [TEST_STEP][PASSED] - the user is logged in: the user is logged in

2022-12-10 18:00:32 - [MESSAGE][WARNING] - Timeout '0' is invalid. Using default page load timeout: '30'

2022-12-10 18:00:34 - [MESSAGE][PASSED] - Text 'contacto@email.pt' has been set to element 'Object Repository/android.widget.EditText - email'

2022-12-10 18:00:34 - [MESSAGE][WARNING] - Timeout '0' is invalid. Using default page load timeout: '30'

2022-12-10 18:00:35 - [MESSAGE][PASSED] - Text 'password' has been set to element 'Object Repository/android.widget.EditText - password'

2022-12-10 18:00:35 - [MESSAGE][WARNING] - Timeout '0' is invalid. Using default page load timeout: '30'

2022-12-10 18:00:36 - [MESSAGE][PASSED] - Tapped on element 'Object Repository/android.widget.Button - LOGIN'

2022-12-10 18:00:36 - [MESSAGE][WARNING] - Timeout '0' is invalid. Using default page load timeout: '30'

2022-12-10 18:00:38 - [MESSAGE][PASSED] - Element 'Object Repository/android.widget.TextView - Welcome' is exist

2022-12-10 18:00:38 - [MESSAGE][PASSED] - the user is logged in

2022-12-10 18:00:38 - [TEST_STEP][PASSED] - the user can see that the "Balance Text Label" exists: the user can see that the "Balance Text Label" exists

2022-12-10 18:00:38 - [MESSAGE][WARNING] - Timeout '0' is invalid. Using default page load timeout: '30'

2022-12-10 18:00:38 - [MESSAGE][PASSED] - Element 'Object Repository/android.widget.TextView - Balance Text Label' is exist

2022-12-10 18:00:38 - [MESSAGE][PASSED] - the user can see that the "Balance Text Label" exists

2022-12-10 18:00:38 - [TEST_STEP][PASSED] - the user can see that the "Balance Value" has a number: the user can see that the "Balance Value" has a number

2022-12-10 18:00:38 - [MESSAGE][WARNING] - Timeout '0' is invalid. Using default page load timeout: '30'

2022-12-10 18:00:38 - [MESSAGE][PASSED] - Element 'Object Repository/android.widget.TextView - Balance Value' has attribute 'text' is '0'

2022-12-10 18:00:38 - [MESSAGE][WARNING] - Timeout '0' is invalid. Using default page load timeout: '30'

2022-12-10 18:00:39 - [MESSAGE][PASSED] - Element 'Object Repository/android.widget.TextView - Balance Value' has attribute 'text' is '0'

2022-12-10 18:00:39 - [MESSAGE][PASSED] - the user can see that the "Balance Value" has a number

2022-12-10 18:00:39 - [TEST_CASE][PASSED] - Start Test Case : SCENARIO Check Balance Value Updates After Delivery: SCENARIO Check Balance Value Updates After Delivery

2022-12-10 18:00:39 - [TEST_STEP][PASSED] - the user opens the application: the user opens the application

2022-12-10 18:00:39 - [MESSAGE][INFO] - User set preference: ['appWaitActivity', '*']

2022-12-10 18:00:39 - [MESSAGE][INFO] - User set preference: ['deviceId', 'emulator-5554']

2022-12-10 18:00:48 - [MESSAGE][PASSED] - Started app at: 'C:\Users\André\Katalon Studio\taes22_grupow_fastugadriver_tests.git\Apk\app-debug.apk'

2022-12-10 18:00:48 - [MESSAGE][PASSED] - the user opens the application

2022-12-10 18:00:48 - [TEST_STEP][PASSED] - the user is logged in: the user is logged in

2022-12-10 18:00:48 - [MESSAGE][WARNING] - Timeout '0' is invalid. Using default page load timeout: '30'

2022-12-10 18:00:49 - [MESSAGE][PASSED] - Text 'contacto@email.pt' has been set to element 'Object Repository/android.widget.EditText - email'

2022-12-10 18:00:49 - [MESSAGE][WARNING] - Timeout '0' is invalid. Using default page load timeout: '30'

2022-12-10 18:00:51 - [MESSAGE][PASSED] - Text 'password' has been set to element 'Object Repository/android.widget.EditText - password'

2022-12-10 18:00:51 - [MESSAGE][WARNING] - Timeout '0' is invalid. Using default page load timeout: '30'

2022-12-10 18:00:52 - [MESSAGE][PASSED] - Tapped on element 'Object Repository/android.widget.Button - LOGIN'

2022-12-10 18:00:52 - [MESSAGE][WARNING] - Timeout '0' is invalid. Using default page load timeout: '30'

2022-12-10 18:00:54 - [MESSAGE][PASSED] - Element 'Object Repository/android.widget.TextView - Welcome' is exist

2022-12-10 18:00:54 - [MESSAGE][PASSED] - the user is logged in

2022-12-10 18:00:54 - [TEST_STEP][PASSED] - the user sees the Assigned Orders list: the user sees the Assigned Orders list

2022-12-10 18:00:54 - [MESSAGE][WARNING] - Timeout '0' is invalid. Using default page load timeout: '30'

2022-12-10 18:00:54 - [MESSAGE][PASSED] - Element '' is exist

2022-12-10 18:00:54 - [MESSAGE][PASSED] - the user sees the Assigned Orders list

2022-12-10 18:00:54 - [TEST_STEP][PASSED] - the user sees the Balance value: the user sees the Balance value

2022-12-10 18:00:54 - [MESSAGE][WARNING] - Timeout '0' is invalid. Using default page load timeout: '30'

2022-12-10 18:00:54 - [MESSAGE][PASSED] - Element 'Object Repository/android.widget.TextView - Balance Value' has attribute 'text' is '0'

2022-12-10 18:00:54 - [MESSAGE][PASSED] - the user sees the Balance value

2022-12-10 18:00:54 - [TEST_STEP][PASSED] - the user clicks on one of the "Assigned Order Item" in the Assigned Orders list: the user clicks on one of the "Assigned Order Item" in the Assigned Orders list

2022-12-10 18:00:54 - [MESSAGE][PASSED] - Element 'Assigned Order Item' has attribute 'text' is 'ORDER: 8938
DISTANCE: 2.37 KM
DURATION: 4.35 MIN
EARNING: 2€
STATUS: DELIVERING'

2022-12-10 18:00:54 - [MESSAGE][WARNING] - Timeout '0' is invalid. Using default page load timeout: '30'

2022-12-10 18:00:54 - [MESSAGE][PASSED] - Tapped on element 'Assigned Order Item'

2022-12-10 18:00:54 - [MESSAGE][PASSED] - the user clicks on one of the "Assigned Order Item" in the Assigned Orders list

2022-12-10 18:00:54 - [TEST_STEP][PASSED] - the user sees how much he is going to earn for that delivery: the user sees how much he is going to earn for that delivery

2022-12-10 18:00:57 - [MESSAGE][PASSED] - Delayed 3 second(s)

2022-12-10 18:00:58 - [MESSAGE][WARNING] - Timeout '0' is invalid. Using default page load timeout: '30'

2022-12-10 18:00:58 - [MESSAGE][PASSED] - Element 'Object Repository/android.widget.TextView - Earning Value' has attribute 'text' is '2 €'

2022-12-10 18:00:58 - [MESSAGE][PASSED] - the user sees how much he is going to earn for that delivery

2022-12-10 18:00:58 - [TEST_STEP][PASSED] - the user clicks on the "Delivered" button: the user clicks on the "Delivered" button

2022-12-10 18:00:58 - [MESSAGE][WARNING] - Timeout '0' is invalid. Using default page load timeout: '30'

2022-12-10 18:00:58 - [MESSAGE][PASSED] - Tapped on element 'Object Repository/android.widget.Button - Delivered'

2022-12-10 18:00:58 - [MESSAGE][PASSED] - the user clicks on the "Delivered" button

2022-12-10 18:00:58 - [TEST_STEP][PASSED] - the user sees that the balance has gone up: the user sees that the balance has gone up

2022-12-10 18:00:58 - [MESSAGE][WARNING] - Timeout '0' is invalid. Using default page load timeout: '30'

2022-12-10 18:01:00 - [MESSAGE][PASSED] - Element '' has attribute 'text' is '2'

2022-12-10 18:01:00 - [MESSAGE][PASSED] - the user sees that the balance has gone up

2022-12-10 18:01:00 - [MESSAGE][PASSED] - Feature file: 'Include/features/us20.feature' was passed]]></system-out>
         <system-err><![CDATA[]]></system-err>
      </testcase>
      <system-out><![CDATA[2022-12-10 18:00:12 - [TEST_SUITE][PASSED] - US20 Test Suite: Test Cases/US20 - Check My Balance/US20TestCaseAllFeatures]]></system-out>
      <system-err><![CDATA[]]></system-err>
   </testsuite>
</testsuites>
