<?xml version="1.0" encoding="UTF-8"?>
<testsuites name="US15 Test Suite" time="58.548" tests="1" failures="0" errors="0">
   <testsuite name="US15 Test Suite" tests="1" failures="0" errors="0" time="58.548" skipped="0" timestamp="2022-12-08 11:00:42" hostname="Yunikyon - DESKTOP-553098Q.mshome.net" id="Test Suites/US15 Test Suite">
      <properties>
         <property name="deviceName" value="emulator-5554 (sdk_gphone64_x86_64 - Android 13)"/>
         <property name="devicePlatform" value=""/>
         <property name="logFolder" value="D:\\UCs_5th_Semester\\TA_EngenhariaSoftware\\Projeto\\taes22_grupow_fastugadriver_tests.git\\Reports\\20221208_105957\\US15 Test Suite\\20221208_105957"/>
         <property name="logFiles" value="D:\\UCs_5th_Semester\\TA_EngenhariaSoftware\\Projeto\\taes22_grupow_fastugadriver_tests.git\\Reports\\20221208_105957\\US15 Test Suite\\20221208_105957\\appium.log, D:\\UCs_5th_Semester\\TA_EngenhariaSoftware\\Projeto\\taes22_grupow_fastugadriver_tests.git\\Reports\\20221208_105957\\US15 Test Suite\\20221208_105957\\execution0.log"/>
         <property name="attachments" value=""/>
         <property name="hostName" value="Yunikyon - DESKTOP-553098Q.mshome.net"/>
         <property name="os" value="Windows 10 64bit"/>
         <property name="appiumServerStatus" value="{&quot;value&quot;:{&quot;build&quot;:{&quot;version&quot;:&quot;1.22.3&quot;}},&quot;sessionId&quot;:null,&quot;status&quot;:0}"/>
         <property name="katalonVersion" value="8.5.2.208"/>
         <property name="deviceOS" value="Android"/>
         <property name="appiumVersion" value="1.22.3"/>
         <property name="deviceModel" value="sdk_gphone64_x86_64"/>
         <property name="hostAddress" value="172.27.224.1"/>
         <property name="deviceManufacturer" value="Google"/>
         <property name="deviceId" value="emulator-5554"/>
         <property name="deviceName" value="emulator-5554 (sdk_gphone64_x86_64 - Android 13)"/>
         <property name="deviceOSVersion" value="13"/>
      </properties>
      <testcase name="Test Cases/US15 - Get Order Ready Notification/US15TestCaseAllFeatures" time="58.173" classname="Test Cases/US15 - Get Order Ready Notification/US15TestCaseAllFeatures" status="PASSED">
         <system-out><![CDATA[2022-12-08 11:00:42 - [TEST_CASE][PASSED] - Test Cases/US15 - Get Order Ready Notification/US15TestCaseAllFeatures: Test Cases/US15 - Get Order Ready Notification/US15TestCaseAllFeatures

2022-12-08 11:00:43 - [TEST_STEP][PASSED] - runFeatureFile("include/features/us15.feature"): Feature file: 'include/features/us15.feature' was passed

2022-12-08 11:00:43 - [MESSAGE][INFO] - Starting run keyword runFeatureFile: 'include/features/us15.feature' and extract report to folder: 'D:\UCs_5th_Semester\TA_EngenhariaSoftware\Projeto\taes22_grupow_fastugadriver_tests.git\Reports\20221208_105957\US15 Test Suite\20221208_105957/cucumber_report/1670497243436'...

2022-12-08 11:00:45 - [TEST_CASE][PASSED] - Start Test Case : SCENARIO Check Received Ready Order Notification: SCENARIO Check Received Ready Order Notification

2022-12-08 11:00:45 - [TEST_STEP][PASSED] - the user opens the application: the user opens the application

2022-12-08 11:00:45 - [MESSAGE][INFO] - User set preference: ['appWaitActivity', '*']

2022-12-08 11:00:45 - [MESSAGE][INFO] - User set preference: ['deviceId', 'emulator-5554']

2022-12-08 11:00:45 - [MESSAGE][INFO] - Detected NodeJS location: "C:\Program Files\nodejs\node.exe"

2022-12-08 11:00:48 - [MESSAGE][INFO] - Appium server started on port 53,871

2022-12-08 11:01:15 - [MESSAGE][PASSED] - Started app at: 'D:\UCs_5th_Semester\TA_EngenhariaSoftware\Projeto\taes22_grupow_fastugadriver_tests.git\Apk\app-debug.apk'

2022-12-08 11:01:16 - [MESSAGE][PASSED] - the user opens the application

2022-12-08 11:01:16 - [TEST_STEP][PASSED] - the user is logged in: the user is logged in

2022-12-08 11:01:16 - [MESSAGE][WARNING] - Timeout '0' is invalid. Using default page load timeout: '30'

2022-12-08 11:01:18 - [MESSAGE][PASSED] - Text 'contacto@email.pt' has been set to element 'Object Repository/android.widget.EditText - email'

2022-12-08 11:01:18 - [MESSAGE][WARNING] - Timeout '0' is invalid. Using default page load timeout: '30'

2022-12-08 11:01:20 - [MESSAGE][PASSED] - Text 'password' has been set to element 'Object Repository/android.widget.EditText - password'

2022-12-08 11:01:20 - [MESSAGE][WARNING] - Timeout '0' is invalid. Using default page load timeout: '30'

2022-12-08 11:01:21 - [MESSAGE][PASSED] - Tapped on element 'Object Repository/android.widget.Button - LOGIN'

2022-12-08 11:01:21 - [MESSAGE][WARNING] - Timeout '0' is invalid. Using default page load timeout: '30'

2022-12-08 11:01:25 - [MESSAGE][PASSED] - Element 'Object Repository/android.widget.TextView - Welcome' is exist

2022-12-08 11:01:25 - [MESSAGE][PASSED] - the user is logged in

2022-12-08 11:01:25 - [TEST_STEP][PASSED] - the user sees the "Assigned Orders List" list: the user sees the "Assigned Orders List" list

2022-12-08 11:01:25 - [MESSAGE][WARNING] - Timeout '0' is invalid. Using default page load timeout: '30'

2022-12-08 11:01:25 - [MESSAGE][PASSED] - Element 'Object Repository/android.widget.ScrollView - Assigned Orders List' is exist

2022-12-08 11:01:25 - [MESSAGE][PASSED] - the user sees the "Assigned Orders List" list

2022-12-08 11:01:25 - [TEST_STEP][PASSED] - the status is " PREPARING": the status is " PREPARING"

2022-12-08 11:01:25 - [MESSAGE][WARNING] - Timeout '0' is invalid. Using default page load timeout: '30'

2022-12-08 11:01:26 - [MESSAGE][PASSED] - Element '' has attribute 'text' is 'ORDER: 9107
DISTANCE: 2.95 KM
DURATION: 5.75 MIN
EARNING: 2€
STATUS: PREPARING'

2022-12-08 11:01:26 - [MESSAGE][PASSED] - the status is " PREPARING"

2022-12-08 11:01:26 - [TEST_STEP][PASSED] - the user waits "5" seconds: the user waits "5" seconds

2022-12-08 11:01:31 - [MESSAGE][PASSED] - Delayed 5 second(s)

2022-12-08 11:01:31 - [MESSAGE][PASSED] - the user waits "5" seconds

2022-12-08 11:01:31 - [TEST_STEP][PASSED] - the user clicks on the "Menu" in the navbar: the user clicks on the "Menu" in the navbar

2022-12-08 11:01:31 - [MESSAGE][WARNING] - Timeout '0' is invalid. Using default page load timeout: '30'

2022-12-08 11:01:31 - [MESSAGE][PASSED] - Tapped on element 'Object Repository/android.widget.ImageView - Menu'

2022-12-08 11:01:31 - [MESSAGE][PASSED] - the user clicks on the "Menu" in the navbar

2022-12-08 11:01:31 - [TEST_STEP][PASSED] - the user clicks on the "Available Orders" text in the Menu: the user clicks on the "Available Orders" text in the Menu

2022-12-08 11:01:31 - [MESSAGE][WARNING] - Timeout '0' is invalid. Using default page load timeout: '30'

2022-12-08 11:01:32 - [MESSAGE][PASSED] - Tapped on element 'Object Repository/android.widget.CheckedTextView - Available Orders'

2022-12-08 11:01:32 - [MESSAGE][PASSED] - the user clicks on the "Available Orders" text in the Menu

2022-12-08 11:01:32 - [TEST_STEP][PASSED] - the order status switches to " READY TO CLAIM": the order status switches to " READY TO CLAIM"

2022-12-08 11:01:32 - [MESSAGE][WARNING] - Timeout '0' is invalid. Using default page load timeout: '30'

2022-12-08 11:01:37 - [MESSAGE][PASSED] - Element '' has attribute 'text' is 'ORDER: 9107
DISTANCE: 2.95 KM
DURATION: 5.75 MIN
EARNING: 2€
STATUS: READY TO CLAIM'

2022-12-08 11:01:37 - [MESSAGE][PASSED] - the order status switches to " READY TO CLAIM"

2022-12-08 11:01:37 - [TEST_STEP][PASSED] - the user opens the notifications: the user opens the notifications

2022-12-08 11:01:39 - [MESSAGE][PASSED] - Swiped from 0,0 to 0,500

2022-12-08 11:01:39 - [MESSAGE][PASSED] - the user opens the notifications

2022-12-08 11:01:39 - [TEST_STEP][PASSED] - the user sees the "notification ready order" notification: the user sees the "notification ready order" notification

2022-12-08 11:01:39 - [MESSAGE][WARNING] - Timeout '0' is invalid. Using default page load timeout: '30'

2022-12-08 11:01:40 - [MESSAGE][PASSED] - Element 'Object Repository/android.widget.LinearLayout - notification ready order' is exist

2022-12-08 11:01:40 - [MESSAGE][PASSED] - the user sees the "notification ready order" notification

2022-12-08 11:01:40 - [MESSAGE][PASSED] - Feature file: 'include/features/us15.feature' was passed]]></system-out>
         <system-err><![CDATA[]]></system-err>
      </testcase>
      <system-out><![CDATA[2022-12-08 11:00:42 - [TEST_SUITE][PASSED] - US15 Test Suite: Test Cases/US15 - Get Order Ready Notification/US15TestCaseAllFeatures]]></system-out>
      <system-err><![CDATA[]]></system-err>
   </testsuite>
</testsuites>
