<?xml version="1.0" encoding="UTF-8"?>
<testsuites name="US4 Test Suite" time="152.118" tests="1" failures="0" errors="0">
   <testsuite name="US4 Test Suite" tests="1" failures="0" errors="0" time="152.118" skipped="0" timestamp="2022-12-06 10:28:27" hostname="sfili - LAPTOP-19A7R8I6.mshome.net" id="Test Suites/US4 Test Suite">
      <properties>
         <property name="deviceName" value="emulator-5554 (sdk_gphone64_x86_64 - Android 12)"/>
         <property name="devicePlatform" value=""/>
         <property name="logFolder" value="C:\\Users\\sfili\\Katalon Studio\\taes22_grupow_fastugadriver_tests.git\\Reports\\20221206_102815\\US4 Test Suite\\20221206_102815"/>
         <property name="logFiles" value="C:\\Users\\sfili\\Katalon Studio\\taes22_grupow_fastugadriver_tests.git\\Reports\\20221206_102815\\US4 Test Suite\\20221206_102815\\appium.log, C:\\Users\\sfili\\Katalon Studio\\taes22_grupow_fastugadriver_tests.git\\Reports\\20221206_102815\\US4 Test Suite\\20221206_102815\\execution0.log"/>
         <property name="attachments" value=""/>
         <property name="hostName" value="sfili - LAPTOP-19A7R8I6.mshome.net"/>
         <property name="os" value="Windows 10 64bit"/>
         <property name="appiumServerStatus" value="{&quot;value&quot;:{&quot;build&quot;:{&quot;version&quot;:&quot;1.22.3&quot;}},&quot;sessionId&quot;:null,&quot;status&quot;:0}"/>
         <property name="katalonVersion" value="8.5.1.208"/>
         <property name="deviceOS" value="Android"/>
         <property name="appiumVersion" value="1.22.3"/>
         <property name="deviceModel" value="sdk_gphone64_x86_64"/>
         <property name="hostAddress" value="172.17.112.1"/>
         <property name="deviceManufacturer" value="Google"/>
         <property name="deviceId" value="emulator-5554"/>
         <property name="deviceName" value="emulator-5554 (sdk_gphone64_x86_64 - Android 12)"/>
         <property name="deviceOSVersion" value="12"/>
      </properties>
      <testcase name="Test Cases/US4 - Order Details/US4TestCaseAllFeatures" time="151.645" classname="Test Cases/US4 - Order Details/US4TestCaseAllFeatures" status="PASSED">
         <system-out><![CDATA[2022-12-06 10:28:28 - [TEST_CASE][PASSED] - Test Cases/US4 - Order Details/US4TestCaseAllFeatures: Test Cases/US4 - Order Details/US4TestCaseAllFeatures

2022-12-06 10:28:28 - [TEST_STEP][PASSED] - runFeatureFile("Include/features/us4.feature"): Feature file: 'Include/features/us4.feature' was passed

2022-12-06 10:28:29 - [MESSAGE][INFO] - Starting run keyword runFeatureFile: 'Include/features/us4.feature' and extract report to folder: 'C:\Users\sfili\Katalon Studio\taes22_grupow_fastugadriver_tests.git\Reports\20221206_102815\US4 Test Suite\20221206_102815/cucumber_report/1670322508987'...

2022-12-06 10:28:31 - [TEST_CASE][PASSED] - Start Test Case : SCENARIO Check Order Details Screen Exists: SCENARIO Check Order Details Screen Exists

2022-12-06 10:28:31 - [TEST_STEP][PASSED] - the user opens the application: the user opens the application

2022-12-06 10:28:31 - [MESSAGE][INFO] - User set preference: ['appWaitActivity', '*']

2022-12-06 10:28:31 - [MESSAGE][INFO] - User set preference: ['deviceId', 'emulator-5554']

2022-12-06 10:28:31 - [MESSAGE][INFO] - Detected NodeJS location: "C:\Program Files\nodejs\node.exe"

2022-12-06 10:28:34 - [MESSAGE][INFO] - Appium server started on port 59.430

2022-12-06 10:29:12 - [MESSAGE][PASSED] - Started app at: 'C:\Users\sfili\Katalon Studio\taes22_grupow_fastugadriver_tests.git\Apk\app-debug.apk'

2022-12-06 10:29:12 - [MESSAGE][PASSED] - the user opens the application

2022-12-06 10:29:12 - [TEST_STEP][PASSED] - the user logs in the application: the user logs in the application

2022-12-06 10:29:13 - [MESSAGE][WARNING] - Timeout '0' is invalid. Using default page load timeout: '30'

2022-12-06 10:29:19 - [MESSAGE][PASSED] - Text 'contacto@email.pt' has been set to element 'Object Repository/android.widget.EditText - email'

2022-12-06 10:29:19 - [MESSAGE][WARNING] - Timeout '0' is invalid. Using default page load timeout: '30'

2022-12-06 10:29:20 - [MESSAGE][PASSED] - Text 'password' has been set to element 'Object Repository/android.widget.EditText - password'

2022-12-06 10:29:21 - [MESSAGE][WARNING] - Timeout '0' is invalid. Using default page load timeout: '30'

2022-12-06 10:29:21 - [MESSAGE][PASSED] - Tapped on element 'Object Repository/android.widget.Button - LOGIN'

2022-12-06 10:29:21 - [MESSAGE][WARNING] - Timeout '0' is invalid. Using default page load timeout: '30'

2022-12-06 10:29:30 - [MESSAGE][PASSED] - Element 'Object Repository/android.widget.TextView - Welcome' is exist

2022-12-06 10:29:30 - [MESSAGE][PASSED] - the user logs in the application

2022-12-06 10:29:30 - [TEST_STEP][PASSED] - the user sees the Available Orders list: the user sees the Available Orders list

2022-12-06 10:29:30 - [MESSAGE][WARNING] - Timeout '0' is invalid. Using default page load timeout: '30'

2022-12-06 10:29:30 - [MESSAGE][PASSED] - Element '' is exist

2022-12-06 10:29:30 - [MESSAGE][PASSED] - the user sees the Available Orders list

2022-12-06 10:29:30 - [TEST_STEP][PASSED] - the user clicks on one of the orders in the Available Orders list: the user clicks on one of the orders in the Available Orders list

2022-12-06 10:29:30 - [MESSAGE][PASSED] - Element '' has attribute 'text' is 'ORDER: 8438
DISTANCE: 2.37 KM
DURATION: 4.35 MIN
EARNING: 2€
STATUS: AVAILABLE'

2022-12-06 10:29:30 - [MESSAGE][WARNING] - Timeout '0' is invalid. Using default page load timeout: '30'

2022-12-06 10:29:31 - [MESSAGE][PASSED] - Tapped on element ''

2022-12-06 10:29:31 - [MESSAGE][PASSED] - the user clicks on one of the orders in the Available Orders list

2022-12-06 10:29:31 - [TEST_STEP][PASSED] - the user sees the "Order Details" screen: the user sees the "Order Details" screen

2022-12-06 10:29:31 - [MESSAGE][WARNING] - Timeout '0' is invalid. Using default page load timeout: '30'

2022-12-06 10:29:35 - [MESSAGE][PASSED] - Element 'Object Repository/android.widget.TextView - Order Details' is exist

2022-12-06 10:29:35 - [MESSAGE][PASSED] - the user sees the "Order Details" screen

2022-12-06 10:29:35 - [TEST_CASE][PASSED] - Start Test Case : SCENARIO Check Order information: SCENARIO Check Order information

2022-12-06 10:29:35 - [TEST_STEP][PASSED] - the user opens the application: the user opens the application

2022-12-06 10:29:35 - [MESSAGE][INFO] - User set preference: ['appWaitActivity', '*']

2022-12-06 10:29:35 - [MESSAGE][INFO] - User set preference: ['deviceId', 'emulator-5554']

2022-12-06 10:29:54 - [MESSAGE][PASSED] - Started app at: 'C:\Users\sfili\Katalon Studio\taes22_grupow_fastugadriver_tests.git\Apk\app-debug.apk'

2022-12-06 10:29:54 - [MESSAGE][PASSED] - the user opens the application

2022-12-06 10:29:54 - [TEST_STEP][PASSED] - the user logs in the application: the user logs in the application

2022-12-06 10:29:54 - [MESSAGE][WARNING] - Timeout '0' is invalid. Using default page load timeout: '30'

2022-12-06 10:29:56 - [MESSAGE][PASSED] - Text 'contacto@email.pt' has been set to element 'Object Repository/android.widget.EditText - email'

2022-12-06 10:29:56 - [MESSAGE][WARNING] - Timeout '0' is invalid. Using default page load timeout: '30'

2022-12-06 10:29:57 - [MESSAGE][PASSED] - Text 'password' has been set to element 'Object Repository/android.widget.EditText - password'

2022-12-06 10:29:58 - [MESSAGE][WARNING] - Timeout '0' is invalid. Using default page load timeout: '30'

2022-12-06 10:29:58 - [MESSAGE][PASSED] - Tapped on element 'Object Repository/android.widget.Button - LOGIN'

2022-12-06 10:29:58 - [MESSAGE][WARNING] - Timeout '0' is invalid. Using default page load timeout: '30'

2022-12-06 10:30:06 - [MESSAGE][PASSED] - Element 'Object Repository/android.widget.TextView - Welcome' is exist

2022-12-06 10:30:06 - [MESSAGE][PASSED] - the user logs in the application

2022-12-06 10:30:06 - [TEST_STEP][PASSED] - the user sees the Available Orders list: the user sees the Available Orders list

2022-12-06 10:30:06 - [MESSAGE][WARNING] - Timeout '0' is invalid. Using default page load timeout: '30'

2022-12-06 10:30:06 - [MESSAGE][PASSED] - Element '' is exist

2022-12-06 10:30:06 - [MESSAGE][PASSED] - the user sees the Available Orders list

2022-12-06 10:30:06 - [TEST_STEP][PASSED] - the user clicks on one of the orders in the Available Orders list: the user clicks on one of the orders in the Available Orders list

2022-12-06 10:30:06 - [MESSAGE][PASSED] - Element '' has attribute 'text' is 'ORDER: 8438
DISTANCE: 2.37 KM
DURATION: 4.35 MIN
EARNING: 2€
STATUS: AVAILABLE'

2022-12-06 10:30:06 - [MESSAGE][WARNING] - Timeout '0' is invalid. Using default page load timeout: '30'

2022-12-06 10:30:08 - [MESSAGE][PASSED] - Tapped on element ''

2022-12-06 10:30:08 - [MESSAGE][PASSED] - the user clicks on one of the orders in the Available Orders list

2022-12-06 10:30:08 - [TEST_STEP][PASSED] - the user sees the "Order Details" screen: the user sees the "Order Details" screen

2022-12-06 10:30:08 - [MESSAGE][WARNING] - Timeout '0' is invalid. Using default page load timeout: '30'

2022-12-06 10:30:09 - [MESSAGE][PASSED] - Element 'Object Repository/android.widget.TextView - Order Details' is exist

2022-12-06 10:30:09 - [MESSAGE][PASSED] - the user sees the "Order Details" screen

2022-12-06 10:30:09 - [TEST_STEP][PASSED] - the user sees the "8438" text in "Order Number" field: the user sees the "8438" text in "Order Number" field

2022-12-06 10:30:09 - [MESSAGE][WARNING] - Timeout '0' is invalid. Using default page load timeout: '30'

2022-12-06 10:30:13 - [MESSAGE][PASSED] - Element 'Object Repository/android.widget.TextView - Order Number' has attribute 'text' is '8438'

2022-12-06 10:30:13 - [MESSAGE][PASSED] - the user sees the "8438" text in "Order Number" field

2022-12-06 10:30:13 - [TEST_STEP][PASSED] - the user sees the "Customer 2" text in "Client Name" field: the user sees the "Customer 2" text in "Client Name" field

2022-12-06 10:30:13 - [MESSAGE][WARNING] - Timeout '0' is invalid. Using default page load timeout: '30'

2022-12-06 10:30:13 - [MESSAGE][PASSED] - Element 'Object Repository/android.widget.TextView - Client Name' has attribute 'text' is 'Customer 2'

2022-12-06 10:30:13 - [MESSAGE][PASSED] - the user sees the "Customer 2" text in "Client Name" field

2022-12-06 10:30:13 - [TEST_STEP][PASSED] - the user sees the "+351 220136359" text in "Client Phone" field: the user sees the "+351 220136359" text in "Client Phone" field

2022-12-06 10:30:13 - [MESSAGE][WARNING] - Timeout '0' is invalid. Using default page load timeout: '30'

2022-12-06 10:30:14 - [MESSAGE][PASSED] - Element 'Object Repository/android.widget.TextView - Client Phone' has attribute 'text' is '+351 220136359'

2022-12-06 10:30:14 - [MESSAGE][PASSED] - the user sees the "+351 220136359" text in "Client Phone" field

2022-12-06 10:30:14 - [TEST_STEP][PASSED] - the user sees the "Rua Afonso Lopes Vieira, Leiria" text in "Location" field: the user sees the "Rua Afonso Lopes Vieira, Leiria" text in "Location" field

2022-12-06 10:30:14 - [MESSAGE][WARNING] - Timeout '0' is invalid. Using default page load timeout: '30'

2022-12-06 10:30:14 - [MESSAGE][PASSED] - Element 'Object Repository/android.widget.TextView - Location' has attribute 'text' is 'Rua Afonso Lopes Vieira, Leiria'

2022-12-06 10:30:14 - [MESSAGE][PASSED] - the user sees the "Rua Afonso Lopes Vieira, Leiria" text in "Location" field

2022-12-06 10:30:14 - [TEST_STEP][PASSED] - the user sees the "2.37 Km" text in "Distance" field: the user sees the "2.37 Km" text in "Distance" field

2022-12-06 10:30:14 - [MESSAGE][WARNING] - Timeout '0' is invalid. Using default page load timeout: '30'

2022-12-06 10:30:14 - [MESSAGE][PASSED] - Element 'Object Repository/android.widget.TextView - Distance' has attribute 'text' is '2.37 Km'

2022-12-06 10:30:14 - [MESSAGE][PASSED] - the user sees the "2.37 Km" text in "Distance" field

2022-12-06 10:30:14 - [TEST_STEP][PASSED] - the user sees the "2 €" text in "Earning" field: the user sees the "2 €" text in "Earning" field

2022-12-06 10:30:14 - [MESSAGE][WARNING] - Timeout '0' is invalid. Using default page load timeout: '30'

2022-12-06 10:30:15 - [MESSAGE][PASSED] - Element 'Object Repository/android.widget.TextView - Earning' has attribute 'text' is '2 €'

2022-12-06 10:30:15 - [MESSAGE][PASSED] - the user sees the "2 €" text in "Earning" field

2022-12-06 10:30:15 - [TEST_CASE][PASSED] - Start Test Case : SCENARIO Go Back: SCENARIO Go Back

2022-12-06 10:30:15 - [TEST_STEP][PASSED] - the user opens the application: the user opens the application

2022-12-06 10:30:15 - [MESSAGE][INFO] - User set preference: ['appWaitActivity', '*']

2022-12-06 10:30:15 - [MESSAGE][INFO] - User set preference: ['deviceId', 'emulator-5554']

2022-12-06 10:30:36 - [MESSAGE][PASSED] - Started app at: 'C:\Users\sfili\Katalon Studio\taes22_grupow_fastugadriver_tests.git\Apk\app-debug.apk'

2022-12-06 10:30:36 - [MESSAGE][PASSED] - the user opens the application

2022-12-06 10:30:36 - [TEST_STEP][PASSED] - the user logs in the application: the user logs in the application

2022-12-06 10:30:36 - [MESSAGE][WARNING] - Timeout '0' is invalid. Using default page load timeout: '30'

2022-12-06 10:30:38 - [MESSAGE][PASSED] - Text 'contacto@email.pt' has been set to element 'Object Repository/android.widget.EditText - email'

2022-12-06 10:30:38 - [MESSAGE][WARNING] - Timeout '0' is invalid. Using default page load timeout: '30'

2022-12-06 10:30:40 - [MESSAGE][PASSED] - Text 'password' has been set to element 'Object Repository/android.widget.EditText - password'

2022-12-06 10:30:40 - [MESSAGE][WARNING] - Timeout '0' is invalid. Using default page load timeout: '30'

2022-12-06 10:30:41 - [MESSAGE][PASSED] - Tapped on element 'Object Repository/android.widget.Button - LOGIN'

2022-12-06 10:30:41 - [MESSAGE][WARNING] - Timeout '0' is invalid. Using default page load timeout: '30'

2022-12-06 10:30:48 - [MESSAGE][PASSED] - Element 'Object Repository/android.widget.TextView - Welcome' is exist

2022-12-06 10:30:48 - [MESSAGE][PASSED] - the user logs in the application

2022-12-06 10:30:48 - [TEST_STEP][PASSED] - the user sees the Available Orders list: the user sees the Available Orders list

2022-12-06 10:30:48 - [MESSAGE][WARNING] - Timeout '0' is invalid. Using default page load timeout: '30'

2022-12-06 10:30:48 - [MESSAGE][PASSED] - Element '' is exist

2022-12-06 10:30:48 - [MESSAGE][PASSED] - the user sees the Available Orders list

2022-12-06 10:30:48 - [TEST_STEP][PASSED] - the user clicks on one of the orders in the Available Orders list: the user clicks on one of the orders in the Available Orders list

2022-12-06 10:30:48 - [MESSAGE][PASSED] - Element '' has attribute 'text' is 'ORDER: 8438
DISTANCE: 2.37 KM
DURATION: 4.35 MIN
EARNING: 2€
STATUS: AVAILABLE'

2022-12-06 10:30:48 - [MESSAGE][WARNING] - Timeout '0' is invalid. Using default page load timeout: '30'

2022-12-06 10:30:49 - [MESSAGE][PASSED] - Tapped on element ''

2022-12-06 10:30:49 - [MESSAGE][PASSED] - the user clicks on one of the orders in the Available Orders list

2022-12-06 10:30:49 - [TEST_STEP][PASSED] - the user clicks on the "BACK to available orders" button: the user clicks on the "BACK to available orders" button

2022-12-06 10:30:49 - [MESSAGE][WARNING] - Timeout '0' is invalid. Using default page load timeout: '30'

2022-12-06 10:30:51 - [MESSAGE][PASSED] - Tapped on element 'Object Repository/android.widget.Button - BACK to available orders'

2022-12-06 10:30:51 - [MESSAGE][PASSED] - the user clicks on the "BACK to available orders" button

2022-12-06 10:30:51 - [TEST_STEP][PASSED] - the user sees the "Welcome" screen: the user sees the "Welcome" screen

2022-12-06 10:30:51 - [MESSAGE][WARNING] - Timeout '0' is invalid. Using default page load timeout: '30'

2022-12-06 10:30:59 - [MESSAGE][PASSED] - Element 'Object Repository/android.widget.TextView - Welcome' is exist

2022-12-06 10:30:59 - [MESSAGE][PASSED] - the user sees the "Welcome" screen

2022-12-06 10:30:59 - [MESSAGE][PASSED] - Feature file: 'Include/features/us4.feature' was passed]]></system-out>
         <system-err><![CDATA[]]></system-err>
      </testcase>
      <system-out><![CDATA[2022-12-06 10:28:27 - [TEST_SUITE][PASSED] - US4 Test Suite: Test Cases/US4 - Order Details/US4TestCaseAllFeatures]]></system-out>
      <system-err><![CDATA[]]></system-err>
   </testsuite>
</testsuites>
