<?xml version="1.0" encoding="UTF-8"?>
<testsuites name="US8 Test Suite" time="86.307" tests="1" failures="0" errors="0">
   <testsuite name="US8 Test Suite" tests="1" failures="0" errors="0" time="86.307" skipped="0" timestamp="2022-12-05 22:17:30" hostname="André - DESKTOP-MHCQ2QC.mshome.net" id="Test Suites/US8 Test Suite">
      <properties>
         <property name="deviceName" value="emulator-5554 (sdk_gphone64_x86_64 - Android 12)"/>
         <property name="devicePlatform" value=""/>
         <property name="logFolder" value="C:\\Users\\Andr\u00E9\\Katalon Studio\\taes22_grupow_fastugadriver_tests.git\\Reports\\20221205_221723\\US8 Test Suite\\20221205_221723"/>
         <property name="logFiles" value="C:\\Users\\Andr\u00E9\\Katalon Studio\\taes22_grupow_fastugadriver_tests.git\\Reports\\20221205_221723\\US8 Test Suite\\20221205_221723\\appium.log, C:\\Users\\Andr\u00E9\\Katalon Studio\\taes22_grupow_fastugadriver_tests.git\\Reports\\20221205_221723\\US8 Test Suite\\20221205_221723\\execution0.log"/>
         <property name="attachments" value=""/>
         <property name="hostName" value="André - DESKTOP-MHCQ2QC.mshome.net"/>
         <property name="os" value="Windows 10 64bit"/>
         <property name="appiumServerStatus" value="{&quot;value&quot;:{&quot;build&quot;:{&quot;version&quot;:&quot;1.22.3&quot;}},&quot;sessionId&quot;:null,&quot;status&quot;:0}"/>
         <property name="katalonVersion" value="8.5.1.208"/>
         <property name="deviceOS" value="Android"/>
         <property name="appiumVersion" value="1.22.3"/>
         <property name="deviceModel" value="sdk_gphone64_x86_64"/>
         <property name="hostAddress" value="172.30.224.1"/>
         <property name="deviceManufacturer" value="Google"/>
         <property name="deviceId" value="emulator-5554"/>
         <property name="deviceName" value="emulator-5554 (sdk_gphone64_x86_64 - Android 12)"/>
         <property name="deviceOSVersion" value="12"/>
      </properties>
      <testcase name="Test Cases/US8 - Assign Order/US8TestCaseAllFeatures" time="86.054" classname="Test Cases/US8 - Assign Order/US8TestCaseAllFeatures" status="PASSED">
         <system-out><![CDATA[2022-12-05 22:17:30 - [TEST_CASE][PASSED] - Test Cases/US8 - Assign Order/US8TestCaseAllFeatures: Test Cases/US8 - Assign Order/US8TestCaseAllFeatures

2022-12-05 22:17:31 - [TEST_STEP][PASSED] - runFeatureFile("Include/features/us8.feature"): Feature file: 'Include/features/us8.feature' was passed

2022-12-05 22:17:31 - [MESSAGE][INFO] - Starting run keyword runFeatureFile: 'Include/features/us8.feature' and extract report to folder: 'C:\Users\André\Katalon Studio\taes22_grupow_fastugadriver_tests.git\Reports\20221205_221723\US8 Test Suite\20221205_221723/cucumber_report/1670278651064'...

2022-12-05 22:17:32 - [TEST_CASE][PASSED] - Start Test Case : SCENARIO Check Assign Button Exists: SCENARIO Check Assign Button Exists

2022-12-05 22:17:32 - [TEST_STEP][PASSED] - the user opens the application: the user opens the application

2022-12-05 22:17:32 - [MESSAGE][INFO] - User set preference: ['appWaitActivity', '*']

2022-12-05 22:17:32 - [MESSAGE][INFO] - User set preference: ['deviceId', 'emulator-5554']

2022-12-05 22:17:32 - [MESSAGE][INFO] - Detected NodeJS location: "C:\Program Files\nodejs\node.exe"

2022-12-05 22:17:34 - [MESSAGE][INFO] - Appium server started on port 56,001

2022-12-05 22:17:50 - [MESSAGE][PASSED] - Started app at: 'C:\Users\André\Katalon Studio\taes22_grupow_fastugadriver_tests.git\Apk\app-debug.apk'

2022-12-05 22:17:50 - [MESSAGE][PASSED] - the user opens the application

2022-12-05 22:17:50 - [TEST_STEP][PASSED] - the user logs in the application: the user logs in the application

2022-12-05 22:17:50 - [MESSAGE][WARNING] - Timeout '0' is invalid. Using default page load timeout: '30'

2022-12-05 22:17:51 - [MESSAGE][PASSED] - Text 'contacto@email.pt' has been set to element 'Object Repository/android.widget.EditText - email'

2022-12-05 22:17:51 - [MESSAGE][WARNING] - Timeout '0' is invalid. Using default page load timeout: '30'

2022-12-05 22:17:53 - [MESSAGE][PASSED] - Text 'password' has been set to element 'Object Repository/android.widget.EditText - password'

2022-12-05 22:17:53 - [MESSAGE][WARNING] - Timeout '0' is invalid. Using default page load timeout: '30'

2022-12-05 22:17:54 - [MESSAGE][PASSED] - Tapped on element 'Object Repository/android.widget.Button - LOGIN'

2022-12-05 22:17:54 - [MESSAGE][WARNING] - Timeout '0' is invalid. Using default page load timeout: '30'

2022-12-05 22:17:56 - [MESSAGE][PASSED] - Element 'Object Repository/android.widget.TextView - Welcome' is exist

2022-12-05 22:17:56 - [MESSAGE][PASSED] - the user logs in the application

2022-12-05 22:17:56 - [TEST_STEP][PASSED] - the user sees the Available Orders list: the user sees the Available Orders list

2022-12-05 22:17:56 - [MESSAGE][WARNING] - Timeout '0' is invalid. Using default page load timeout: '30'

2022-12-05 22:17:56 - [MESSAGE][PASSED] - Element '' is exist

2022-12-05 22:17:56 - [MESSAGE][PASSED] - the user sees the Available Orders list

2022-12-05 22:17:56 - [TEST_STEP][PASSED] - the user clicks on one of the orders in the Available Orders list: the user clicks on one of the orders in the Available Orders list

2022-12-05 22:17:56 - [MESSAGE][WARNING] - Timeout '0' is invalid. Using default page load timeout: '30'

2022-12-05 22:17:57 - [MESSAGE][PASSED] - Tapped on element ''

2022-12-05 22:17:57 - [MESSAGE][PASSED] - the user clicks on one of the orders in the Available Orders list

2022-12-05 22:17:57 - [TEST_STEP][PASSED] - the user sees the "Order Details" screen: the user sees the "Order Details" screen

2022-12-05 22:17:57 - [MESSAGE][WARNING] - Timeout '0' is invalid. Using default page load timeout: '30'

2022-12-05 22:17:58 - [MESSAGE][PASSED] - Element 'Object Repository/android.widget.TextView - Order Details' is exist

2022-12-05 22:17:58 - [MESSAGE][PASSED] - the user sees the "Order Details" screen

2022-12-05 22:17:58 - [TEST_STEP][PASSED] - the user sees the "Assign" button: the user sees the "Assign" button

2022-12-05 22:17:58 - [MESSAGE][WARNING] - Timeout '0' is invalid. Using default page load timeout: '30'

2022-12-05 22:17:58 - [MESSAGE][PASSED] - Element 'Object Repository/android.widget.Button - Assign' is exist

2022-12-05 22:17:58 - [MESSAGE][PASSED] - the user sees the "Assign" button

2022-12-05 22:17:58 - [TEST_CASE][PASSED] - Start Test Case : SCENARIO Check Assigned Order By Clicking Assign Button: SCENARIO Check Assigned Order By Clicking Assign Button

2022-12-05 22:17:58 - [TEST_STEP][PASSED] - the user opens the application: the user opens the application

2022-12-05 22:17:58 - [MESSAGE][INFO] - User set preference: ['appWaitActivity', '*']

2022-12-05 22:17:58 - [MESSAGE][INFO] - User set preference: ['deviceId', 'emulator-5554']

2022-12-05 22:18:08 - [MESSAGE][PASSED] - Started app at: 'C:\Users\André\Katalon Studio\taes22_grupow_fastugadriver_tests.git\Apk\app-debug.apk'

2022-12-05 22:18:08 - [MESSAGE][PASSED] - the user opens the application

2022-12-05 22:18:08 - [TEST_STEP][PASSED] - the user logs in the application: the user logs in the application

2022-12-05 22:18:08 - [MESSAGE][WARNING] - Timeout '0' is invalid. Using default page load timeout: '30'

2022-12-05 22:18:09 - [MESSAGE][PASSED] - Text 'contacto@email.pt' has been set to element 'Object Repository/android.widget.EditText - email'

2022-12-05 22:18:09 - [MESSAGE][WARNING] - Timeout '0' is invalid. Using default page load timeout: '30'

2022-12-05 22:18:10 - [MESSAGE][PASSED] - Text 'password' has been set to element 'Object Repository/android.widget.EditText - password'

2022-12-05 22:18:10 - [MESSAGE][WARNING] - Timeout '0' is invalid. Using default page load timeout: '30'

2022-12-05 22:18:11 - [MESSAGE][PASSED] - Tapped on element 'Object Repository/android.widget.Button - LOGIN'

2022-12-05 22:18:11 - [MESSAGE][WARNING] - Timeout '0' is invalid. Using default page load timeout: '30'

2022-12-05 22:18:13 - [MESSAGE][PASSED] - Element 'Object Repository/android.widget.TextView - Welcome' is exist

2022-12-05 22:18:13 - [MESSAGE][PASSED] - the user logs in the application

2022-12-05 22:18:13 - [TEST_STEP][PASSED] - the user sees the Available Orders list: the user sees the Available Orders list

2022-12-05 22:18:13 - [MESSAGE][WARNING] - Timeout '0' is invalid. Using default page load timeout: '30'

2022-12-05 22:18:14 - [MESSAGE][PASSED] - Element '' is exist

2022-12-05 22:18:14 - [MESSAGE][PASSED] - the user sees the Available Orders list

2022-12-05 22:18:14 - [TEST_STEP][PASSED] - the user clicks on one of the orders in the Available Orders list: the user clicks on one of the orders in the Available Orders list

2022-12-05 22:18:14 - [MESSAGE][WARNING] - Timeout '0' is invalid. Using default page load timeout: '30'

2022-12-05 22:18:14 - [MESSAGE][PASSED] - Tapped on element ''

2022-12-05 22:18:14 - [MESSAGE][PASSED] - the user clicks on one of the orders in the Available Orders list

2022-12-05 22:18:14 - [TEST_STEP][PASSED] - the user clicks on the "Assign" button: the user clicks on the "Assign" button

2022-12-05 22:18:14 - [MESSAGE][WARNING] - Timeout '0' is invalid. Using default page load timeout: '30'

2022-12-05 22:18:15 - [MESSAGE][PASSED] - Tapped on element 'Object Repository/android.widget.Button - Assign'

2022-12-05 22:18:15 - [MESSAGE][PASSED] - the user clicks on the "Assign" button

2022-12-05 22:18:15 - [TEST_STEP][PASSED] - the user sees the Available Orders list: the user sees the Available Orders list

2022-12-05 22:18:15 - [MESSAGE][WARNING] - Timeout '0' is invalid. Using default page load timeout: '30'

2022-12-05 22:18:17 - [MESSAGE][PASSED] - Element '' is exist

2022-12-05 22:18:17 - [MESSAGE][PASSED] - the user sees the Available Orders list

2022-12-05 22:18:17 - [TEST_STEP][PASSED] - the user sees that the assigned order item is not in the Available Orders list: the user sees that the assigned order item is not in the Available Orders list

2022-12-05 22:18:17 - [MESSAGE][PASSED] - Element '' has attribute 'text' is 'ORDER: 8897
DISTANCE: 2.37 KM
DURATION: 4.35 MIN
EARNING: 2€
STATUS: AVAILABLE'

2022-12-05 22:18:17 - [MESSAGE][PASSED] - Element '' has attribute 'text' is 'ORDER: 8897
DISTANCE: 2.37 KM
DURATION: 4.35 MIN
EARNING: 2€
STATUS: AVAILABLE'

2022-12-05 22:18:17 - [MESSAGE][PASSED] - the user sees that the assigned order item is not in the Available Orders list

2022-12-05 22:18:17 - [MESSAGE][PASSED] - Feature file: 'Include/features/us8.feature' was passed

2022-12-05 22:18:17 - [TEST_STEP][PASSED] - callTestCase(findTestCase("US8 - Assign Order/CheckAssignOrderByButtonAssign"), [:], STOP_ON_FAILURE): Call Test Case 'Test Cases/US8 - Assign Order/CheckAssignOrderByButtonAssign' successfully

2022-12-05 22:18:17 - [TEST_CASE][PASSED] - Test Cases/US8 - Assign Order/CheckAssignOrderByButtonAssign: Test Cases/US8 - Assign Order/CheckAssignOrderByButtonAssign

2022-12-05 22:18:18 - [TEST_STEP][PASSED] - startApplication(".\Apk\app-debug.apk", false): Started app at: 'C:\Users\André\Katalon Studio\taes22_grupow_fastugadriver_tests.git\Apk\app-debug.apk'

2022-12-05 22:18:18 - [MESSAGE][INFO] - User set preference: ['appWaitActivity', '*']

2022-12-05 22:18:18 - [MESSAGE][INFO] - User set preference: ['deviceId', 'emulator-5554']

2022-12-05 22:18:26 - [MESSAGE][PASSED] - Started app at: 'C:\Users\André\Katalon Studio\taes22_grupow_fastugadriver_tests.git\Apk\app-debug.apk'

2022-12-05 22:18:26 - [TEST_STEP][PASSED] - tap(findTestObject("Object Repository/android.widget.CheckBox - Keep Me Logged In"), 0): Tapped on element 'Object Repository/android.widget.CheckBox - Keep Me Logged In'

2022-12-05 22:18:26 - [MESSAGE][WARNING] - Timeout '0' is invalid. Using default page load timeout: '30'

2022-12-05 22:18:27 - [MESSAGE][PASSED] - Tapped on element 'Object Repository/android.widget.CheckBox - Keep Me Logged In'

2022-12-05 22:18:27 - [TEST_STEP][PASSED] - setText(findTestObject("Object Repository/android.widget.EditText - email"), "contacto@email.pt", 0): Text 'contacto@email.pt' has been set to element 'Object Repository/android.widget.EditText - email'

2022-12-05 22:18:27 - [MESSAGE][WARNING] - Timeout '0' is invalid. Using default page load timeout: '30'

2022-12-05 22:18:29 - [MESSAGE][PASSED] - Text 'contacto@email.pt' has been set to element 'Object Repository/android.widget.EditText - email'

2022-12-05 22:18:29 - [TEST_STEP][PASSED] - setText(findTestObject("Object Repository/android.widget.EditText - password"), "password", 0): Text 'password' has been set to element 'Object Repository/android.widget.EditText - password'

2022-12-05 22:18:29 - [MESSAGE][WARNING] - Timeout '0' is invalid. Using default page load timeout: '30'

2022-12-05 22:18:30 - [MESSAGE][PASSED] - Text 'password' has been set to element 'Object Repository/android.widget.EditText - password'

2022-12-05 22:18:30 - [TEST_STEP][PASSED] - tap(findTestObject("Object Repository/android.widget.Button - LOGIN"), 0): Tapped on element 'Object Repository/android.widget.Button - LOGIN'

2022-12-05 22:18:30 - [MESSAGE][WARNING] - Timeout '0' is invalid. Using default page load timeout: '30'

2022-12-05 22:18:31 - [MESSAGE][PASSED] - Tapped on element 'Object Repository/android.widget.Button - LOGIN'

2022-12-05 22:18:31 - [TEST_STEP][PASSED] - verifyElementExist(findTestObject("Object Repository/android.widget.ScrollView - Available Orders List"), 0): Element 'Object Repository/android.widget.ScrollView - Available Orders List' is exist

2022-12-05 22:18:31 - [MESSAGE][WARNING] - Timeout '0' is invalid. Using default page load timeout: '30'

2022-12-05 22:18:33 - [MESSAGE][PASSED] - Element 'Object Repository/android.widget.ScrollView - Available Orders List' is exist

2022-12-05 22:18:33 - [TEST_STEP][PASSED] - newObj = new com.kms.katalon.core.testobject.TestObject(): null

2022-12-05 22:18:33 - [TEST_STEP][PASSED] - newObj.addProperty("xpath", EQUALS, "//android.widget.ScrollView[2]/android.widget.GridLayout[1]/android.widget.Button[1]"): null

2022-12-05 22:18:33 - [TEST_STEP][PASSED] - tap(newObj, 0): Tapped on element ''

2022-12-05 22:18:33 - [MESSAGE][WARNING] - Timeout '0' is invalid. Using default page load timeout: '30'

2022-12-05 22:18:34 - [MESSAGE][PASSED] - Tapped on element ''

2022-12-05 22:18:34 - [TEST_STEP][PASSED] - tap(findTestObject("Object Repository/android.widget.Button - Assign"), 0): Tapped on element 'Object Repository/android.widget.Button - Assign'

2022-12-05 22:18:34 - [MESSAGE][WARNING] - Timeout '0' is invalid. Using default page load timeout: '30'

2022-12-05 22:18:35 - [MESSAGE][PASSED] - Tapped on element 'Object Repository/android.widget.Button - Assign'

2022-12-05 22:18:35 - [TEST_STEP][PASSED] - verifyElementExist(findTestObject("Object Repository/android.widget.TextView - Welcome"), 0): Element 'Object Repository/android.widget.TextView - Welcome' is exist

2022-12-05 22:18:35 - [MESSAGE][WARNING] - Timeout '0' is invalid. Using default page load timeout: '30'

2022-12-05 22:18:37 - [MESSAGE][PASSED] - Element 'Object Repository/android.widget.TextView - Welcome' is exist

2022-12-05 22:18:37 - [MESSAGE][PASSED] - Call Test Case 'Test Cases/US8 - Assign Order/CheckAssignOrderByButtonAssign' successfully

2022-12-05 22:18:37 - [TEST_STEP][PASSED] - runFeatureFile("Include/features/us8emptyorders.feature"): Feature file: 'Include/features/us8emptyorders.feature' was passed

2022-12-05 22:18:37 - [MESSAGE][INFO] - Starting run keyword runFeatureFile: 'Include/features/us8emptyorders.feature' and extract report to folder: 'C:\Users\André\Katalon Studio\taes22_grupow_fastugadriver_tests.git\Reports\20221205_221723\US8 Test Suite\20221205_221723/cucumber_report/1670278717350'...

2022-12-05 22:18:37 - [TEST_CASE][PASSED] - Start Test Case : SCENARIO Check Empty Available Orders: SCENARIO Check Empty Available Orders

2022-12-05 22:18:37 - [TEST_STEP][PASSED] - the user opens the application: the user opens the application

2022-12-05 22:18:37 - [MESSAGE][INFO] - User set preference: ['appWaitActivity', '*']

2022-12-05 22:18:37 - [MESSAGE][INFO] - User set preference: ['deviceId', 'emulator-5554']

2022-12-05 22:18:47 - [MESSAGE][PASSED] - Started app at: 'C:\Users\André\Katalon Studio\taes22_grupow_fastugadriver_tests.git\Apk\app-debug.apk'

2022-12-05 22:18:47 - [MESSAGE][PASSED] - the user opens the application

2022-12-05 22:18:47 - [TEST_STEP][PASSED] - the user logs in the application: the user logs in the application

2022-12-05 22:18:47 - [MESSAGE][WARNING] - Timeout '0' is invalid. Using default page load timeout: '30'

2022-12-05 22:18:49 - [MESSAGE][PASSED] - Text 'contacto@email.pt' has been set to element 'Object Repository/android.widget.EditText - email'

2022-12-05 22:18:49 - [MESSAGE][WARNING] - Timeout '0' is invalid. Using default page load timeout: '30'

2022-12-05 22:18:50 - [MESSAGE][PASSED] - Text 'password' has been set to element 'Object Repository/android.widget.EditText - password'

2022-12-05 22:18:50 - [MESSAGE][WARNING] - Timeout '0' is invalid. Using default page load timeout: '30'

2022-12-05 22:18:51 - [MESSAGE][PASSED] - Tapped on element 'Object Repository/android.widget.Button - LOGIN'

2022-12-05 22:18:51 - [MESSAGE][WARNING] - Timeout '0' is invalid. Using default page load timeout: '30'

2022-12-05 22:18:56 - [MESSAGE][PASSED] - Element 'Object Repository/android.widget.TextView - Welcome' is exist

2022-12-05 22:18:56 - [MESSAGE][PASSED] - the user logs in the application

2022-12-05 22:18:56 - [TEST_STEP][PASSED] - the user sees the Assigned Orders list: the user sees the Assigned Orders list

2022-12-05 22:18:56 - [MESSAGE][WARNING] - Timeout '0' is invalid. Using default page load timeout: '30'

2022-12-05 22:18:56 - [MESSAGE][PASSED] - Element '' is exist

2022-12-05 22:18:56 - [MESSAGE][PASSED] - the user sees the Assigned Orders list

2022-12-05 22:18:56 - [TEST_STEP][PASSED] - the user sees that the "No orders Available" text exists: the user sees that the "No orders Available" text exists

2022-12-05 22:18:56 - [MESSAGE][WARNING] - Timeout '0' is invalid. Using default page load timeout: '30'

2022-12-05 22:18:56 - [MESSAGE][PASSED] - Element 'Object Repository/android.widget.TextView - No orders Available' is exist

2022-12-05 22:18:56 - [MESSAGE][PASSED] - the user sees that the "No orders Available" text exists

2022-12-05 22:18:56 - [MESSAGE][PASSED] - Feature file: 'Include/features/us8emptyorders.feature' was passed]]></system-out>
         <system-err><![CDATA[]]></system-err>
      </testcase>
      <system-out><![CDATA[2022-12-05 22:17:30 - [TEST_SUITE][PASSED] - US8 Test Suite: Test Cases/US8 - Assign Order/US8TestCaseAllFeatures]]></system-out>
      <system-err><![CDATA[]]></system-err>
   </testsuite>
</testsuites>
