<?xml version="1.0" encoding="UTF-8"?>
<testsuites name="US7 Test Suite" time="62.39" tests="1" failures="0" errors="0">
   <testsuite name="US7 Test Suite" tests="1" failures="0" errors="0" time="62.39" skipped="0" timestamp="2022-12-03 23:44:01" hostname="André - DESKTOP-MHCQ2QC.mshome.net" id="Test Suites/US7 Test Suite">
      <properties>
         <property name="deviceName" value="emulator-5554 (sdk_gphone64_x86_64 - Android 12)"/>
         <property name="devicePlatform" value=""/>
         <property name="logFolder" value="C:\\Users\\Andr\u00E9\\Katalon Studio\\taes22_grupow_fastugadriver_tests.git\\Reports\\20221203_234355\\US7 Test Suite\\20221203_234355"/>
         <property name="logFiles" value="C:\\Users\\Andr\u00E9\\Katalon Studio\\taes22_grupow_fastugadriver_tests.git\\Reports\\20221203_234355\\US7 Test Suite\\20221203_234355\\appium.log, C:\\Users\\Andr\u00E9\\Katalon Studio\\taes22_grupow_fastugadriver_tests.git\\Reports\\20221203_234355\\US7 Test Suite\\20221203_234355\\execution0.log"/>
         <property name="attachments" value=""/>
         <property name="hostName" value="André - DESKTOP-MHCQ2QC.mshome.net"/>
         <property name="os" value="Windows 10 64bit"/>
         <property name="appiumServerStatus" value="{&quot;value&quot;:{&quot;build&quot;:{&quot;version&quot;:&quot;1.22.3&quot;}},&quot;sessionId&quot;:null,&quot;status&quot;:0}"/>
         <property name="katalonVersion" value="8.5.1.208"/>
         <property name="deviceOS" value="Android"/>
         <property name="appiumVersion" value="1.22.3"/>
         <property name="deviceModel" value="sdk_gphone64_x86_64"/>
         <property name="hostAddress" value="192.168.96.1"/>
         <property name="deviceManufacturer" value="Google"/>
         <property name="deviceId" value="emulator-5554"/>
         <property name="deviceName" value="emulator-5554 (sdk_gphone64_x86_64 - Android 12)"/>
         <property name="deviceOSVersion" value="12"/>
      </properties>
      <testcase name="Test Cases/US7 - Keep Me Logged In/US7TestCaseAllFeatures" time="62.073" classname="Test Cases/US7 - Keep Me Logged In/US7TestCaseAllFeatures" status="PASSED">
         <system-out><![CDATA[2022-12-03 23:44:02 - [TEST_CASE][PASSED] - Test Cases/US7 - Keep Me Logged In/US7TestCaseAllFeatures: Test Cases/US7 - Keep Me Logged In/US7TestCaseAllFeatures

2022-12-03 23:44:02 - [TEST_STEP][PASSED] - runFeatureFile("Include/features/us7.feature"): Feature file: 'Include/features/us7.feature' was passed

2022-12-03 23:44:02 - [MESSAGE][INFO] - Starting run keyword runFeatureFile: 'Include/features/us7.feature' and extract report to folder: 'C:\Users\André\Katalon Studio\taes22_grupow_fastugadriver_tests.git\Reports\20221203_234355\US7 Test Suite\20221203_234355/cucumber_report/1670111042791'...

2022-12-03 23:44:04 - [TEST_CASE][PASSED] - Start Test Case : SCENARIO Check Keep Me Logged In Checkbox Exists: SCENARIO Check Keep Me Logged In Checkbox Exists

2022-12-03 23:44:04 - [TEST_STEP][PASSED] - the user opens the application: the user opens the application

2022-12-03 23:44:04 - [MESSAGE][INFO] - User set preference: ['appWaitActivity', '*']

2022-12-03 23:44:04 - [MESSAGE][INFO] - User set preference: ['deviceId', 'emulator-5554']

2022-12-03 23:44:04 - [MESSAGE][INFO] - Detected NodeJS location: "C:\Program Files\nodejs\node.exe"

2022-12-03 23:44:06 - [MESSAGE][INFO] - Appium server started on port 49,567

2022-12-03 23:44:17 - [MESSAGE][PASSED] - Started app at: 'C:\Users\André\Katalon Studio\taes22_grupow_fastugadriver_tests.git\Apk\app-debug.apk'

2022-12-03 23:44:17 - [MESSAGE][PASSED] - the user opens the application

2022-12-03 23:44:17 - [TEST_STEP][PASSED] - the user sees the "Keep Me Logged In" checkbox: the user sees the "Keep Me Logged In" checkbox

2022-12-03 23:44:18 - [MESSAGE][WARNING] - Timeout '0' is invalid. Using default page load timeout: '30'

2022-12-03 23:44:18 - [MESSAGE][PASSED] - Element 'Object Repository/android.widget.CheckBox - Keep Me Logged In' is exist

2022-12-03 23:44:18 - [MESSAGE][PASSED] - the user sees the "Keep Me Logged In" checkbox

2022-12-03 23:44:18 - [TEST_CASE][PASSED] - Start Test Case : SCENARIO Check Opening Application After Logout With Keep Me Signed In: SCENARIO Check Opening Application After Logout With Keep Me Signed In

2022-12-03 23:44:18 - [TEST_STEP][PASSED] - the user opens the application - false: the user opens the application - false

2022-12-03 23:44:18 - [MESSAGE][INFO] - User set preference: ['appWaitActivity', '*']

2022-12-03 23:44:18 - [MESSAGE][INFO] - User set preference: ['deviceId', 'emulator-5554']

2022-12-03 23:44:25 - [MESSAGE][PASSED] - Started app at: 'C:\Users\André\Katalon Studio\taes22_grupow_fastugadriver_tests.git\Apk\app-debug.apk'

2022-12-03 23:44:25 - [MESSAGE][PASSED] - the user opens the application - false

2022-12-03 23:44:25 - [TEST_STEP][PASSED] - the user clicks on the "Keep Me Logged In" checkbox: the user clicks on the "Keep Me Logged In" checkbox

2022-12-03 23:44:25 - [MESSAGE][WARNING] - Timeout '0' is invalid. Using default page load timeout: '30'

2022-12-03 23:44:25 - [MESSAGE][PASSED] - Tapped on element 'Object Repository/android.widget.CheckBox - Keep Me Logged In'

2022-12-03 23:44:25 - [MESSAGE][PASSED] - the user clicks on the "Keep Me Logged In" checkbox

2022-12-03 23:44:25 - [TEST_STEP][PASSED] - the user logs in the application: the user logs in the application

2022-12-03 23:44:25 - [MESSAGE][WARNING] - Timeout '0' is invalid. Using default page load timeout: '30'

2022-12-03 23:44:27 - [MESSAGE][PASSED] - Text 'contacto@email.pt' has been set to element 'Object Repository/android.widget.EditText - email'

2022-12-03 23:44:27 - [MESSAGE][WARNING] - Timeout '0' is invalid. Using default page load timeout: '30'

2022-12-03 23:44:29 - [MESSAGE][PASSED] - Text 'password' has been set to element 'Object Repository/android.widget.EditText - password'

2022-12-03 23:44:29 - [MESSAGE][WARNING] - Timeout '0' is invalid. Using default page load timeout: '30'

2022-12-03 23:44:29 - [MESSAGE][PASSED] - Tapped on element 'Object Repository/android.widget.Button - LOGIN'

2022-12-03 23:44:29 - [MESSAGE][WARNING] - Timeout '0' is invalid. Using default page load timeout: '30'

2022-12-03 23:44:30 - [MESSAGE][PASSED] - Element 'Object Repository/android.widget.TextView - Welcome' is exist

2022-12-03 23:44:30 - [MESSAGE][PASSED] - the user logs in the application

2022-12-03 23:44:30 - [TEST_STEP][PASSED] - the user clicks on the "Menu" in the navbar: the user clicks on the "Menu" in the navbar

2022-12-03 23:44:30 - [MESSAGE][WARNING] - Timeout '0' is invalid. Using default page load timeout: '30'

2022-12-03 23:44:30 - [MESSAGE][PASSED] - Tapped on element 'Object Repository/android.widget.ImageView - Menu'

2022-12-03 23:44:30 - [MESSAGE][PASSED] - the user clicks on the "Menu" in the navbar

2022-12-03 23:44:30 - [TEST_STEP][PASSED] - the user clicks on the "Logout" text in the Menu: the user clicks on the "Logout" text in the Menu

2022-12-03 23:44:30 - [MESSAGE][WARNING] - Timeout '0' is invalid. Using default page load timeout: '30'

2022-12-03 23:44:32 - [MESSAGE][PASSED] - Tapped on element 'Object Repository/android.widget.CheckedTextView - Logout'

2022-12-03 23:44:32 - [MESSAGE][PASSED] - the user clicks on the "Logout" text in the Menu

2022-12-03 23:44:32 - [TEST_STEP][PASSED] - the user closes the application: the user closes the application

2022-12-03 23:44:32 - [MESSAGE][PASSED] - Close app successfully

2022-12-03 23:44:32 - [MESSAGE][PASSED] - the user closes the application

2022-12-03 23:44:32 - [TEST_STEP][PASSED] - the user opens the application - false: the user opens the application - false

2022-12-03 23:44:32 - [MESSAGE][INFO] - User set preference: ['appWaitActivity', '*']

2022-12-03 23:44:32 - [MESSAGE][INFO] - User set preference: ['deviceId', 'emulator-5554']

2022-12-03 23:44:32 - [MESSAGE][INFO] - Detected NodeJS location: "C:\Program Files\nodejs\node.exe"

2022-12-03 23:44:34 - [MESSAGE][INFO] - Appium server started on port 49,839

2022-12-03 23:44:42 - [MESSAGE][PASSED] - Started app at: 'C:\Users\André\Katalon Studio\taes22_grupow_fastugadriver_tests.git\Apk\app-debug.apk'

2022-12-03 23:44:42 - [MESSAGE][PASSED] - the user opens the application - false

2022-12-03 23:44:42 - [TEST_STEP][PASSED] - the user sees the "LOGIN" screen: the user sees the "LOGIN" screen

2022-12-03 23:44:42 - [MESSAGE][WARNING] - Timeout '0' is invalid. Using default page load timeout: '30'

2022-12-03 23:44:42 - [MESSAGE][PASSED] - Element 'Object Repository/android.widget.TextView - LOGIN' is exist

2022-12-03 23:44:42 - [MESSAGE][PASSED] - the user sees the "LOGIN" screen

2022-12-03 23:44:42 - [TEST_CASE][PASSED] - Start Test Case : SCENARIO Check Successful Keep Me Logged In: SCENARIO Check Successful Keep Me Logged In

2022-12-03 23:44:42 - [TEST_STEP][PASSED] - the user opens the application - false: the user opens the application - false

2022-12-03 23:44:42 - [MESSAGE][INFO] - User set preference: ['appWaitActivity', '*']

2022-12-03 23:44:42 - [MESSAGE][INFO] - User set preference: ['deviceId', 'emulator-5554']

2022-12-03 23:44:49 - [MESSAGE][PASSED] - Started app at: 'C:\Users\André\Katalon Studio\taes22_grupow_fastugadriver_tests.git\Apk\app-debug.apk'

2022-12-03 23:44:49 - [MESSAGE][PASSED] - the user opens the application - false

2022-12-03 23:44:49 - [TEST_STEP][PASSED] - the user clicks on the "Keep Me Logged In" checkbox: the user clicks on the "Keep Me Logged In" checkbox

2022-12-03 23:44:49 - [MESSAGE][WARNING] - Timeout '0' is invalid. Using default page load timeout: '30'

2022-12-03 23:44:50 - [MESSAGE][PASSED] - Tapped on element 'Object Repository/android.widget.CheckBox - Keep Me Logged In'

2022-12-03 23:44:50 - [MESSAGE][PASSED] - the user clicks on the "Keep Me Logged In" checkbox

2022-12-03 23:44:50 - [TEST_STEP][PASSED] - the user logs in the application: the user logs in the application

2022-12-03 23:44:50 - [MESSAGE][WARNING] - Timeout '0' is invalid. Using default page load timeout: '30'

2022-12-03 23:44:51 - [MESSAGE][PASSED] - Text 'contacto@email.pt' has been set to element 'Object Repository/android.widget.EditText - email'

2022-12-03 23:44:51 - [MESSAGE][WARNING] - Timeout '0' is invalid. Using default page load timeout: '30'

2022-12-03 23:44:53 - [MESSAGE][PASSED] - Text 'password' has been set to element 'Object Repository/android.widget.EditText - password'

2022-12-03 23:44:53 - [MESSAGE][WARNING] - Timeout '0' is invalid. Using default page load timeout: '30'

2022-12-03 23:44:53 - [MESSAGE][PASSED] - Tapped on element 'Object Repository/android.widget.Button - LOGIN'

2022-12-03 23:44:53 - [MESSAGE][WARNING] - Timeout '0' is invalid. Using default page load timeout: '30'

2022-12-03 23:44:54 - [MESSAGE][PASSED] - Element 'Object Repository/android.widget.TextView - Welcome' is exist

2022-12-03 23:44:54 - [MESSAGE][PASSED] - the user logs in the application

2022-12-03 23:44:54 - [TEST_STEP][PASSED] - the user closes the application: the user closes the application

2022-12-03 23:44:54 - [MESSAGE][PASSED] - Close app successfully

2022-12-03 23:44:54 - [MESSAGE][PASSED] - the user closes the application

2022-12-03 23:44:54 - [TEST_STEP][PASSED] - the user opens the application - false: the user opens the application - false

2022-12-03 23:44:54 - [MESSAGE][INFO] - User set preference: ['appWaitActivity', '*']

2022-12-03 23:44:54 - [MESSAGE][INFO] - User set preference: ['deviceId', 'emulator-5554']

2022-12-03 23:44:54 - [MESSAGE][INFO] - Detected NodeJS location: "C:\Program Files\nodejs\node.exe"

2022-12-03 23:44:56 - [MESSAGE][INFO] - Appium server started on port 50,125

2022-12-03 23:45:03 - [MESSAGE][PASSED] - Started app at: 'C:\Users\André\Katalon Studio\taes22_grupow_fastugadriver_tests.git\Apk\app-debug.apk'

2022-12-03 23:45:03 - [MESSAGE][PASSED] - the user opens the application - false

2022-12-03 23:45:03 - [TEST_STEP][PASSED] - the user sees the "Welcome" screen: the user sees the "Welcome" screen

2022-12-03 23:45:03 - [MESSAGE][WARNING] - Timeout '0' is invalid. Using default page load timeout: '30'

2022-12-03 23:45:04 - [MESSAGE][PASSED] - Element 'Object Repository/android.widget.TextView - Welcome' is exist

2022-12-03 23:45:04 - [MESSAGE][PASSED] - the user sees the "Welcome" screen

2022-12-03 23:45:04 - [MESSAGE][PASSED] - Feature file: 'Include/features/us7.feature' was passed]]></system-out>
         <system-err><![CDATA[]]></system-err>
      </testcase>
      <system-out><![CDATA[2022-12-03 23:44:01 - [TEST_SUITE][PASSED] - US7 Test Suite: Test Cases/US7 - Keep Me Logged In/US7TestCaseAllFeatures]]></system-out>
      <system-err><![CDATA[]]></system-err>
   </testsuite>
</testsuites>
