<?xml version="1.0" encoding="UTF-8"?>
<testsuites name="US5 Test Suite" time="34.385" tests="1" failures="0" errors="0">
   <testsuite name="US5 Test Suite" tests="1" failures="0" errors="0" time="34.385" skipped="0" timestamp="2022-12-03 15:04:54" hostname="André - DESKTOP-MHCQ2QC.mshome.net" id="Test Suites/US5 Test Suite">
      <properties>
         <property name="deviceName" value="emulator-5554 (sdk_gphone64_x86_64 - Android 12)"/>
         <property name="devicePlatform" value=""/>
         <property name="logFolder" value="C:\\Users\\Andr\u00E9\\Katalon Studio\\taes22_grupow_fastugadriver_tests.git\\Reports\\20221203_150448\\US5 Test Suite\\20221203_150448"/>
         <property name="logFiles" value="C:\\Users\\Andr\u00E9\\Katalon Studio\\taes22_grupow_fastugadriver_tests.git\\Reports\\20221203_150448\\US5 Test Suite\\20221203_150448\\appium.log, C:\\Users\\Andr\u00E9\\Katalon Studio\\taes22_grupow_fastugadriver_tests.git\\Reports\\20221203_150448\\US5 Test Suite\\20221203_150448\\execution0.log"/>
         <property name="attachments" value=""/>
         <property name="hostName" value="André - DESKTOP-MHCQ2QC.mshome.net"/>
         <property name="os" value="Windows 10 64bit"/>
         <property name="appiumServerStatus" value="{&quot;value&quot;:{&quot;build&quot;:{&quot;version&quot;:&quot;1.22.3&quot;}},&quot;sessionId&quot;:null,&quot;status&quot;:0}"/>
         <property name="katalonVersion" value="8.5.1.208"/>
         <property name="deviceOS" value="Android"/>
         <property name="appiumVersion" value="1.22.3"/>
         <property name="deviceModel" value="sdk_gphone64_x86_64"/>
         <property name="hostAddress" value="192.168.96.1"/>
         <property name="deviceManufacturer" value="Google"/>
         <property name="deviceId" value="emulator-5554"/>
         <property name="deviceName" value="emulator-5554 (sdk_gphone64_x86_64 - Android 12)"/>
         <property name="deviceOSVersion" value="12"/>
      </properties>
      <testcase name="Test Cases/US5 - Logout/US5TestCaseAllFeatures" time="34.114" classname="Test Cases/US5 - Logout/US5TestCaseAllFeatures" status="PASSED">
         <system-out><![CDATA[2022-12-03 15:04:54 - [TEST_CASE][PASSED] - Test Cases/US5 - Logout/US5TestCaseAllFeatures: Test Cases/US5 - Logout/US5TestCaseAllFeatures

2022-12-03 15:04:55 - [TEST_STEP][PASSED] - runFeatureFile("Include/features/us5.feature"): Feature file: 'Include/features/us5.feature' was passed

2022-12-03 15:04:55 - [MESSAGE][INFO] - Starting run keyword runFeatureFile: 'Include/features/us5.feature' and extract report to folder: 'C:\Users\André\Katalon Studio\taes22_grupow_fastugadriver_tests.git\Reports\20221203_150448\US5 Test Suite\20221203_150448/cucumber_report/1670079895303'...

2022-12-03 15:04:56 - [TEST_CASE][PASSED] - Start Test Case : SCENARIO Check Logout Button Exists: SCENARIO Check Logout Button Exists

2022-12-03 15:04:56 - [TEST_STEP][PASSED] - the user opens the application: the user opens the application

2022-12-03 15:04:56 - [MESSAGE][INFO] - User set preference: ['appWaitActivity', '*']

2022-12-03 15:04:56 - [MESSAGE][INFO] - User set preference: ['deviceId', 'emulator-5554']

2022-12-03 15:04:56 - [MESSAGE][INFO] - Detected NodeJS location: "C:\Program Files\nodejs\node.exe"

2022-12-03 15:04:58 - [MESSAGE][INFO] - Appium server started on port 49,415

2022-12-03 15:05:09 - [MESSAGE][PASSED] - Started app at: 'C:\Users\André\Katalon Studio\taes22_grupow_fastugadriver_tests.git\Apk\app-debug.apk'

2022-12-03 15:05:09 - [MESSAGE][PASSED] - the user opens the application

2022-12-03 15:05:09 - [TEST_STEP][PASSED] - the user is logged in: the user is logged in

2022-12-03 15:05:09 - [MESSAGE][WARNING] - Timeout '0' is invalid. Using default page load timeout: '30'

2022-12-03 15:05:10 - [MESSAGE][PASSED] - Text 'contacto@email.pt' has been set to element 'Object Repository/android.widget.EditText - email'

2022-12-03 15:05:10 - [MESSAGE][WARNING] - Timeout '0' is invalid. Using default page load timeout: '30'

2022-12-03 15:05:11 - [MESSAGE][PASSED] - Text 'password' has been set to element 'Object Repository/android.widget.EditText - password'

2022-12-03 15:05:12 - [MESSAGE][WARNING] - Timeout '0' is invalid. Using default page load timeout: '30'

2022-12-03 15:05:12 - [MESSAGE][PASSED] - Tapped on element 'Object Repository/android.widget.Button - LOGIN'

2022-12-03 15:05:12 - [MESSAGE][WARNING] - Timeout '0' is invalid. Using default page load timeout: '30'

2022-12-03 15:05:13 - [MESSAGE][PASSED] - Element 'Object Repository/android.widget.TextView - Welcome' is exist

2022-12-03 15:05:13 - [MESSAGE][PASSED] - the user is logged in

2022-12-03 15:05:13 - [TEST_STEP][PASSED] - the user clicks on the "Menu" in the navbar: the user clicks on the "Menu" in the navbar

2022-12-03 15:05:13 - [MESSAGE][WARNING] - Timeout '0' is invalid. Using default page load timeout: '30'

2022-12-03 15:05:13 - [MESSAGE][PASSED] - Tapped on element 'Object Repository/android.widget.ImageView - Menu'

2022-12-03 15:05:13 - [MESSAGE][PASSED] - the user clicks on the "Menu" in the navbar

2022-12-03 15:05:13 - [TEST_STEP][PASSED] - the user sees the "Logout" text in the Menu: the user sees the "Logout" text in the Menu

2022-12-03 15:05:14 - [MESSAGE][PASSED] - Actual text and expected text of test object 'Object Repository/android.widget.CheckedTextView - Logout' are matched.

2022-12-03 15:05:14 - [MESSAGE][PASSED] - the user sees the "Logout" text in the Menu

2022-12-03 15:05:14 - [TEST_CASE][PASSED] - Start Test Case : SCENARIO Check Successful Logout: SCENARIO Check Successful Logout

2022-12-03 15:05:14 - [TEST_STEP][PASSED] - the user opens the application: the user opens the application

2022-12-03 15:05:14 - [MESSAGE][INFO] - User set preference: ['appWaitActivity', '*']

2022-12-03 15:05:14 - [MESSAGE][INFO] - User set preference: ['deviceId', 'emulator-5554']

2022-12-03 15:05:22 - [MESSAGE][PASSED] - Started app at: 'C:\Users\André\Katalon Studio\taes22_grupow_fastugadriver_tests.git\Apk\app-debug.apk'

2022-12-03 15:05:22 - [MESSAGE][PASSED] - the user opens the application

2022-12-03 15:05:22 - [TEST_STEP][PASSED] - the user is logged in: the user is logged in

2022-12-03 15:05:22 - [MESSAGE][WARNING] - Timeout '0' is invalid. Using default page load timeout: '30'

2022-12-03 15:05:23 - [MESSAGE][PASSED] - Text 'contacto@email.pt' has been set to element 'Object Repository/android.widget.EditText - email'

2022-12-03 15:05:23 - [MESSAGE][WARNING] - Timeout '0' is invalid. Using default page load timeout: '30'

2022-12-03 15:05:25 - [MESSAGE][PASSED] - Text 'password' has been set to element 'Object Repository/android.widget.EditText - password'

2022-12-03 15:05:25 - [MESSAGE][WARNING] - Timeout '0' is invalid. Using default page load timeout: '30'

2022-12-03 15:05:25 - [MESSAGE][PASSED] - Tapped on element 'Object Repository/android.widget.Button - LOGIN'

2022-12-03 15:05:25 - [MESSAGE][WARNING] - Timeout '0' is invalid. Using default page load timeout: '30'

2022-12-03 15:05:26 - [MESSAGE][PASSED] - Element 'Object Repository/android.widget.TextView - Welcome' is exist

2022-12-03 15:05:26 - [MESSAGE][PASSED] - the user is logged in

2022-12-03 15:05:26 - [TEST_STEP][PASSED] - the user clicks on the "Menu" in the navbar: the user clicks on the "Menu" in the navbar

2022-12-03 15:05:26 - [MESSAGE][WARNING] - Timeout '0' is invalid. Using default page load timeout: '30'

2022-12-03 15:05:26 - [MESSAGE][PASSED] - Tapped on element 'Object Repository/android.widget.ImageView - Menu'

2022-12-03 15:05:26 - [MESSAGE][PASSED] - the user clicks on the "Menu" in the navbar

2022-12-03 15:05:27 - [TEST_STEP][PASSED] - the user clicks on the "Logout" text in the Menu: the user clicks on the "Logout" text in the Menu

2022-12-03 15:05:27 - [MESSAGE][WARNING] - Timeout '0' is invalid. Using default page load timeout: '30'

2022-12-03 15:05:28 - [MESSAGE][PASSED] - Tapped on element 'Object Repository/android.widget.CheckedTextView - Logout'

2022-12-03 15:05:28 - [MESSAGE][PASSED] - the user clicks on the "Logout" text in the Menu

2022-12-03 15:05:28 - [TEST_STEP][PASSED] - the user sees the "LOGIN" screen: the user sees the "LOGIN" screen

2022-12-03 15:05:28 - [MESSAGE][WARNING] - Timeout '0' is invalid. Using default page load timeout: '30'

2022-12-03 15:05:28 - [MESSAGE][PASSED] - Element 'Object Repository/android.widget.TextView - LOGIN' is exist

2022-12-03 15:05:28 - [MESSAGE][PASSED] - the user sees the "LOGIN" screen

2022-12-03 15:05:28 - [MESSAGE][PASSED] - Feature file: 'Include/features/us5.feature' was passed]]></system-out>
         <system-err><![CDATA[]]></system-err>
      </testcase>
      <system-out><![CDATA[2022-12-03 15:04:54 - [TEST_SUITE][PASSED] - US5 Test Suite: Test Cases/US5 - Logout/US5TestCaseAllFeatures]]></system-out>
      <system-err><![CDATA[]]></system-err>
   </testsuite>
</testsuites>
