<?xml version="1.0" encoding="UTF-8"?>
<testsuites name="US10 Test Suite" time="78.338" tests="1" failures="0" errors="0">
   <testsuite name="US10 Test Suite" tests="1" failures="0" errors="0" time="78.338" skipped="0" timestamp="2022-12-07 00:00:29" hostname="André - DESKTOP-MHCQ2QC.mshome.net" id="Test Suites/US10 Test Suite">
      <properties>
         <property name="deviceName" value="emulator-5554 (sdk_gphone64_x86_64 - Android 12)"/>
         <property name="devicePlatform" value=""/>
         <property name="logFolder" value="C:\\Users\\Andr\u00E9\\Katalon Studio\\taes22_grupow_fastugadriver_tests.git\\Reports\\20221207_000023\\US10 Test Suite\\20221207_000023"/>
         <property name="logFiles" value="C:\\Users\\Andr\u00E9\\Katalon Studio\\taes22_grupow_fastugadriver_tests.git\\Reports\\20221207_000023\\US10 Test Suite\\20221207_000023\\appium.log, C:\\Users\\Andr\u00E9\\Katalon Studio\\taes22_grupow_fastugadriver_tests.git\\Reports\\20221207_000023\\US10 Test Suite\\20221207_000023\\execution0.log"/>
         <property name="attachments" value=""/>
         <property name="hostName" value="André - DESKTOP-MHCQ2QC.mshome.net"/>
         <property name="os" value="Windows 10 64bit"/>
         <property name="appiumServerStatus" value="{&quot;value&quot;:{&quot;build&quot;:{&quot;version&quot;:&quot;1.22.3&quot;}},&quot;sessionId&quot;:null,&quot;status&quot;:0}"/>
         <property name="katalonVersion" value="8.5.1.208"/>
         <property name="deviceOS" value="Android"/>
         <property name="appiumVersion" value="1.22.3"/>
         <property name="deviceModel" value="sdk_gphone64_x86_64"/>
         <property name="hostAddress" value="172.30.224.1"/>
         <property name="deviceManufacturer" value="Google"/>
         <property name="deviceId" value="emulator-5554"/>
         <property name="deviceName" value="emulator-5554 (sdk_gphone64_x86_64 - Android 12)"/>
         <property name="deviceOSVersion" value="12"/>
      </properties>
      <testcase name="Test Cases/US10 - Complete Handover/US10TestCaseAllFeatures" time="78.034" classname="Test Cases/US10 - Complete Handover/US10TestCaseAllFeatures" status="PASSED">
         <system-out><![CDATA[2022-12-07 00:00:29 - [TEST_CASE][PASSED] - Test Cases/US10 - Complete Handover/US10TestCaseAllFeatures: Test Cases/US10 - Complete Handover/US10TestCaseAllFeatures

2022-12-07 00:00:30 - [TEST_STEP][PASSED] - runFeatureFile("Include/features/us10.feature"): Feature file: 'Include/features/us10.feature' was passed

2022-12-07 00:00:30 - [MESSAGE][INFO] - Starting run keyword runFeatureFile: 'Include/features/us10.feature' and extract report to folder: 'C:\Users\André\Katalon Studio\taes22_grupow_fastugadriver_tests.git\Reports\20221207_000023\US10 Test Suite\20221207_000023/cucumber_report/1670371230486'...

2022-12-07 00:00:32 - [TEST_CASE][PASSED] - Start Test Case : SCENARIO Check Delivered Button Exists: SCENARIO Check Delivered Button Exists

2022-12-07 00:00:32 - [TEST_STEP][PASSED] - the user opens the application: the user opens the application

2022-12-07 00:00:32 - [MESSAGE][INFO] - User set preference: ['appWaitActivity', '*']

2022-12-07 00:00:32 - [MESSAGE][INFO] - User set preference: ['deviceId', 'emulator-5554']

2022-12-07 00:00:32 - [MESSAGE][INFO] - Detected NodeJS location: "C:\Program Files\nodejs\node.exe"

2022-12-07 00:00:33 - [MESSAGE][INFO] - Appium server started on port 64,127

2022-12-07 00:00:50 - [MESSAGE][PASSED] - Started app at: 'C:\Users\André\Katalon Studio\taes22_grupow_fastugadriver_tests.git\Apk\app-debug.apk'

2022-12-07 00:00:50 - [MESSAGE][PASSED] - the user opens the application

2022-12-07 00:00:50 - [TEST_STEP][PASSED] - the user logs in the application: the user logs in the application

2022-12-07 00:00:50 - [MESSAGE][WARNING] - Timeout '0' is invalid. Using default page load timeout: '30'

2022-12-07 00:00:52 - [MESSAGE][PASSED] - Text 'contacto@email.pt' has been set to element 'Object Repository/android.widget.EditText - email'

2022-12-07 00:00:52 - [MESSAGE][WARNING] - Timeout '0' is invalid. Using default page load timeout: '30'

2022-12-07 00:00:54 - [MESSAGE][PASSED] - Text 'password' has been set to element 'Object Repository/android.widget.EditText - password'

2022-12-07 00:00:54 - [MESSAGE][WARNING] - Timeout '0' is invalid. Using default page load timeout: '30'

2022-12-07 00:00:54 - [MESSAGE][PASSED] - Tapped on element 'Object Repository/android.widget.Button - LOGIN'

2022-12-07 00:00:55 - [MESSAGE][WARNING] - Timeout '0' is invalid. Using default page load timeout: '30'

2022-12-07 00:00:59 - [MESSAGE][PASSED] - Element 'Object Repository/android.widget.TextView - Welcome' is exist

2022-12-07 00:00:59 - [MESSAGE][PASSED] - the user logs in the application

2022-12-07 00:00:59 - [TEST_STEP][PASSED] - the user sees the "Welcome" screen: the user sees the "Welcome" screen

2022-12-07 00:00:59 - [MESSAGE][WARNING] - Timeout '0' is invalid. Using default page load timeout: '30'

2022-12-07 00:00:59 - [MESSAGE][PASSED] - Element 'Object Repository/android.widget.TextView - Welcome' is exist

2022-12-07 00:00:59 - [MESSAGE][PASSED] - the user sees the "Welcome" screen

2022-12-07 00:00:59 - [TEST_STEP][PASSED] - the user sees the Assigned Orders list: the user sees the Assigned Orders list

2022-12-07 00:00:59 - [MESSAGE][WARNING] - Timeout '0' is invalid. Using default page load timeout: '30'

2022-12-07 00:00:59 - [MESSAGE][PASSED] - Element '' is exist

2022-12-07 00:00:59 - [MESSAGE][PASSED] - the user sees the Assigned Orders list

2022-12-07 00:00:59 - [TEST_STEP][PASSED] - the user clicks on one of the "Assigned Order Item" in the Assigned Orders list: the user clicks on one of the "Assigned Order Item" in the Assigned Orders list

2022-12-07 00:00:59 - [MESSAGE][PASSED] - Element 'Assigned Order Item' has attribute 'text' is 'ORDER: 8924
DISTANCE: 2.37 KM
DURATION: 4.35 MIN
EARNING: 2€
STATUS: DELIVERING'

2022-12-07 00:01:00 - [MESSAGE][WARNING] - Timeout '0' is invalid. Using default page load timeout: '30'

2022-12-07 00:01:00 - [MESSAGE][PASSED] - Tapped on element 'Assigned Order Item'

2022-12-07 00:01:00 - [MESSAGE][PASSED] - the user clicks on one of the "Assigned Order Item" in the Assigned Orders list

2022-12-07 00:01:00 - [TEST_STEP][PASSED] - the user sees the "Order Details" screen: the user sees the "Order Details" screen

2022-12-07 00:01:00 - [MESSAGE][WARNING] - Timeout '0' is invalid. Using default page load timeout: '30'

2022-12-07 00:01:02 - [MESSAGE][PASSED] - Element 'Object Repository/android.widget.TextView - Order Details' is exist

2022-12-07 00:01:02 - [MESSAGE][PASSED] - the user sees the "Order Details" screen

2022-12-07 00:01:02 - [TEST_STEP][PASSED] - the user sees the "Delivered" button: the user sees the "Delivered" button

2022-12-07 00:01:02 - [MESSAGE][WARNING] - Timeout '0' is invalid. Using default page load timeout: '30'

2022-12-07 00:01:02 - [MESSAGE][PASSED] - Element 'Object Repository/android.widget.Button - Delivered' is exist

2022-12-07 00:01:02 - [MESSAGE][PASSED] - the user sees the "Delivered" button

2022-12-07 00:01:02 - [TEST_CASE][PASSED] - Start Test Case : SCENARIO Check Balance Text Exists: SCENARIO Check Balance Text Exists

2022-12-07 00:01:02 - [TEST_STEP][PASSED] - the user opens the application: the user opens the application

2022-12-07 00:01:02 - [MESSAGE][INFO] - User set preference: ['appWaitActivity', '*']

2022-12-07 00:01:02 - [MESSAGE][INFO] - User set preference: ['deviceId', 'emulator-5554']

2022-12-07 00:01:14 - [MESSAGE][PASSED] - Started app at: 'C:\Users\André\Katalon Studio\taes22_grupow_fastugadriver_tests.git\Apk\app-debug.apk'

2022-12-07 00:01:14 - [MESSAGE][PASSED] - the user opens the application

2022-12-07 00:01:14 - [TEST_STEP][PASSED] - the user logs in the application: the user logs in the application

2022-12-07 00:01:14 - [MESSAGE][WARNING] - Timeout '0' is invalid. Using default page load timeout: '30'

2022-12-07 00:01:15 - [MESSAGE][PASSED] - Text 'contacto@email.pt' has been set to element 'Object Repository/android.widget.EditText - email'

2022-12-07 00:01:15 - [MESSAGE][WARNING] - Timeout '0' is invalid. Using default page load timeout: '30'

2022-12-07 00:01:16 - [MESSAGE][PASSED] - Text 'password' has been set to element 'Object Repository/android.widget.EditText - password'

2022-12-07 00:01:16 - [MESSAGE][WARNING] - Timeout '0' is invalid. Using default page load timeout: '30'

2022-12-07 00:01:17 - [MESSAGE][PASSED] - Tapped on element 'Object Repository/android.widget.Button - LOGIN'

2022-12-07 00:01:17 - [MESSAGE][WARNING] - Timeout '0' is invalid. Using default page load timeout: '30'

2022-12-07 00:01:19 - [MESSAGE][PASSED] - Element 'Object Repository/android.widget.TextView - Welcome' is exist

2022-12-07 00:01:19 - [MESSAGE][PASSED] - the user logs in the application

2022-12-07 00:01:19 - [TEST_STEP][PASSED] - the user sees the "Welcome" screen: the user sees the "Welcome" screen

2022-12-07 00:01:19 - [MESSAGE][WARNING] - Timeout '0' is invalid. Using default page load timeout: '30'

2022-12-07 00:01:19 - [MESSAGE][PASSED] - Element 'Object Repository/android.widget.TextView - Welcome' is exist

2022-12-07 00:01:19 - [MESSAGE][PASSED] - the user sees the "Welcome" screen

2022-12-07 00:01:19 - [TEST_STEP][PASSED] - the user sees that the "Balance Value" text exists: the user sees that the "Balance Value" text exists

2022-12-07 00:01:19 - [MESSAGE][WARNING] - Timeout '0' is invalid. Using default page load timeout: '30'

2022-12-07 00:01:19 - [MESSAGE][PASSED] - Element 'Object Repository/android.widget.TextView - Balance Value' is exist

2022-12-07 00:01:19 - [MESSAGE][PASSED] - the user sees that the "Balance Value" text exists

2022-12-07 00:01:19 - [TEST_CASE][PASSED] - Start Test Case : SCENARIO Check Successful Complete Handover By Button Delivered: SCENARIO Check Successful Complete Handover By Button Delivered

2022-12-07 00:01:19 - [TEST_STEP][PASSED] - the user opens the application: the user opens the application

2022-12-07 00:01:19 - [MESSAGE][INFO] - User set preference: ['appWaitActivity', '*']

2022-12-07 00:01:19 - [MESSAGE][INFO] - User set preference: ['deviceId', 'emulator-5554']

2022-12-07 00:01:34 - [MESSAGE][PASSED] - Started app at: 'C:\Users\André\Katalon Studio\taes22_grupow_fastugadriver_tests.git\Apk\app-debug.apk'

2022-12-07 00:01:34 - [MESSAGE][PASSED] - the user opens the application

2022-12-07 00:01:34 - [TEST_STEP][PASSED] - the user logs in the application: the user logs in the application

2022-12-07 00:01:35 - [MESSAGE][WARNING] - Timeout '0' is invalid. Using default page load timeout: '30'

2022-12-07 00:01:36 - [MESSAGE][PASSED] - Text 'contacto@email.pt' has been set to element 'Object Repository/android.widget.EditText - email'

2022-12-07 00:01:36 - [MESSAGE][WARNING] - Timeout '0' is invalid. Using default page load timeout: '30'

2022-12-07 00:01:37 - [MESSAGE][PASSED] - Text 'password' has been set to element 'Object Repository/android.widget.EditText - password'

2022-12-07 00:01:37 - [MESSAGE][WARNING] - Timeout '0' is invalid. Using default page load timeout: '30'

2022-12-07 00:01:38 - [MESSAGE][PASSED] - Tapped on element 'Object Repository/android.widget.Button - LOGIN'

2022-12-07 00:01:38 - [MESSAGE][WARNING] - Timeout '0' is invalid. Using default page load timeout: '30'

2022-12-07 00:01:40 - [MESSAGE][PASSED] - Element 'Object Repository/android.widget.TextView - Welcome' is exist

2022-12-07 00:01:40 - [MESSAGE][PASSED] - the user logs in the application

2022-12-07 00:01:40 - [TEST_STEP][PASSED] - the user sees the "Welcome" screen: the user sees the "Welcome" screen

2022-12-07 00:01:40 - [MESSAGE][WARNING] - Timeout '0' is invalid. Using default page load timeout: '30'

2022-12-07 00:01:40 - [MESSAGE][PASSED] - Element 'Object Repository/android.widget.TextView - Welcome' is exist

2022-12-07 00:01:40 - [MESSAGE][PASSED] - the user sees the "Welcome" screen

2022-12-07 00:01:40 - [TEST_STEP][PASSED] - the user sees the Assigned Orders list: the user sees the Assigned Orders list

2022-12-07 00:01:40 - [MESSAGE][WARNING] - Timeout '0' is invalid. Using default page load timeout: '30'

2022-12-07 00:01:40 - [MESSAGE][PASSED] - Element '' is exist

2022-12-07 00:01:40 - [MESSAGE][PASSED] - the user sees the Assigned Orders list

2022-12-07 00:01:40 - [TEST_STEP][PASSED] - the user sees the Balance value: the user sees the Balance value

2022-12-07 00:01:40 - [MESSAGE][WARNING] - Timeout '0' is invalid. Using default page load timeout: '30'

2022-12-07 00:01:41 - [MESSAGE][PASSED] - Element '' has attribute 'text' is '0'

2022-12-07 00:01:41 - [MESSAGE][PASSED] - the user sees the Balance value

2022-12-07 00:01:41 - [TEST_STEP][PASSED] - the user clicks on one of the "Assigned Order Item" in the Assigned Orders list: the user clicks on one of the "Assigned Order Item" in the Assigned Orders list

2022-12-07 00:01:41 - [MESSAGE][PASSED] - Element 'Assigned Order Item' has attribute 'text' is 'ORDER: 8924
DISTANCE: 2.37 KM
DURATION: 4.35 MIN
EARNING: 2€
STATUS: DELIVERING'

2022-12-07 00:01:41 - [MESSAGE][WARNING] - Timeout '0' is invalid. Using default page load timeout: '30'

2022-12-07 00:01:41 - [MESSAGE][PASSED] - Tapped on element 'Assigned Order Item'

2022-12-07 00:01:41 - [MESSAGE][PASSED] - the user clicks on one of the "Assigned Order Item" in the Assigned Orders list

2022-12-07 00:01:41 - [TEST_STEP][PASSED] - the user sees how much he is going to earn for that delivery: the user sees how much he is going to earn for that delivery

2022-12-07 00:01:44 - [MESSAGE][PASSED] - Delayed 3 second(s)

2022-12-07 00:01:44 - [MESSAGE][WARNING] - Timeout '0' is invalid. Using default page load timeout: '30'

2022-12-07 00:01:45 - [MESSAGE][PASSED] - Element 'Object Repository/android.widget.TextView - Earning Value' has attribute 'text' is '2 €'

2022-12-07 00:01:45 - [MESSAGE][PASSED] - the user sees how much he is going to earn for that delivery

2022-12-07 00:01:45 - [TEST_STEP][PASSED] - the user clicks on the "Delivered" button: the user clicks on the "Delivered" button

2022-12-07 00:01:45 - [MESSAGE][WARNING] - Timeout '0' is invalid. Using default page load timeout: '30'

2022-12-07 00:01:45 - [MESSAGE][PASSED] - Tapped on element 'Object Repository/android.widget.Button - Delivered'

2022-12-07 00:01:45 - [MESSAGE][PASSED] - the user clicks on the "Delivered" button

2022-12-07 00:01:45 - [TEST_STEP][PASSED] - the user sees the "Welcome" screen: the user sees the "Welcome" screen

2022-12-07 00:01:45 - [MESSAGE][WARNING] - Timeout '0' is invalid. Using default page load timeout: '30'

2022-12-07 00:01:47 - [MESSAGE][PASSED] - Element 'Object Repository/android.widget.TextView - Welcome' is exist

2022-12-07 00:01:47 - [MESSAGE][PASSED] - the user sees the "Welcome" screen

2022-12-07 00:01:47 - [TEST_STEP][PASSED] - the user sees that the clicked order item is not in the Assigned Orders list: the user sees that the clicked order item is not in the Assigned Orders list

2022-12-07 00:01:47 - [MESSAGE][PASSED] - Element '' has attribute 'text' is 'ORDER: 8925
DISTANCE: 2.37 KM
DURATION: 4.35 MIN
EARNING: 2€
STATUS: READY TO CLAIM'

2022-12-07 00:01:47 - [MESSAGE][PASSED] - the user sees that the clicked order item is not in the Assigned Orders list

2022-12-07 00:01:47 - [TEST_STEP][PASSED] - the user sees that the balance has gone up: the user sees that the balance has gone up

2022-12-07 00:01:47 - [MESSAGE][WARNING] - Timeout '0' is invalid. Using default page load timeout: '30'

2022-12-07 00:01:47 - [MESSAGE][PASSED] - Element '' has attribute 'text' is '2'

2022-12-07 00:01:47 - [MESSAGE][PASSED] - the user sees that the balance has gone up

2022-12-07 00:01:48 - [MESSAGE][PASSED] - Feature file: 'Include/features/us10.feature' was passed]]></system-out>
         <system-err><![CDATA[]]></system-err>
      </testcase>
      <system-out><![CDATA[2022-12-07 00:00:29 - [TEST_SUITE][PASSED] - US10 Test Suite: Test Cases/US10 - Complete Handover/US10TestCaseAllFeatures]]></system-out>
      <system-err><![CDATA[]]></system-err>
   </testsuite>
</testsuites>
