<?xml version="1.0" encoding="UTF-8"?>
<testsuites name="US21 Test Suite" time="331.902" tests="1" failures="0" errors="0">
   <testsuite name="US21 Test Suite" tests="1" failures="0" errors="0" time="331.902" skipped="0" timestamp="2022-12-08 20:05:52" hostname="sfili - host.docker.internal" id="Test Suites/US21 Test Suite">
      <properties>
         <property name="deviceName" value="emulator-5554 (sdk_gphone64_x86_64 - Android 12)"/>
         <property name="devicePlatform" value=""/>
         <property name="logFolder" value="C:\\Users\\sfili\\Katalon Studio\\taes22_grupow_fastugadriver_tests.git\\Reports\\20221208_200545\\US21 Test Suite\\20221208_200545"/>
         <property name="logFiles" value="C:\\Users\\sfili\\Katalon Studio\\taes22_grupow_fastugadriver_tests.git\\Reports\\20221208_200545\\US21 Test Suite\\20221208_200545\\appium.log, C:\\Users\\sfili\\Katalon Studio\\taes22_grupow_fastugadriver_tests.git\\Reports\\20221208_200545\\US21 Test Suite\\20221208_200545\\execution0.log"/>
         <property name="attachments" value=""/>
         <property name="hostName" value="sfili - host.docker.internal"/>
         <property name="os" value="Windows 10 64bit"/>
         <property name="appiumServerStatus" value="{&quot;value&quot;:{&quot;build&quot;:{&quot;version&quot;:&quot;1.22.3&quot;}},&quot;sessionId&quot;:null,&quot;status&quot;:0}"/>
         <property name="katalonVersion" value="8.5.1.208"/>
         <property name="deviceOS" value="Android"/>
         <property name="appiumVersion" value="1.22.3"/>
         <property name="deviceModel" value="sdk_gphone64_x86_64"/>
         <property name="hostAddress" value="192.168.1.118"/>
         <property name="deviceManufacturer" value="Google"/>
         <property name="deviceId" value="emulator-5554"/>
         <property name="deviceName" value="emulator-5554 (sdk_gphone64_x86_64 - Android 12)"/>
         <property name="deviceOSVersion" value="12"/>
      </properties>
      <testcase name="Test Cases/US21 - See And Change My Profile Details/US21TestCaseAllFeatures" time="331.581" classname="Test Cases/US21 - See And Change My Profile Details/US21TestCaseAllFeatures" status="PASSED">
         <system-out><![CDATA[2022-12-08 20:05:52 - [TEST_CASE][PASSED] - Test Cases/US21 - See And Change My Profile Details/US21TestCaseAllFeatures: Test Cases/US21 - See And Change My Profile Details/US21TestCaseAllFeatures

2022-12-08 20:05:53 - [TEST_STEP][PASSED] - runFeatureFile("Include/features/us21.feature"): Feature file: 'Include/features/us21.feature' was passed

2022-12-08 20:05:53 - [MESSAGE][INFO] - Starting run keyword runFeatureFile: 'Include/features/us21.feature' and extract report to folder: 'C:\Users\sfili\Katalon Studio\taes22_grupow_fastugadriver_tests.git\Reports\20221208_200545\US21 Test Suite\20221208_200545/cucumber_report/1670529953401'...

2022-12-08 20:05:55 - [TEST_CASE][PASSED] - Start Test Case : SCENARIO Check Profile Button Exists: SCENARIO Check Profile Button Exists

2022-12-08 20:05:55 - [TEST_STEP][PASSED] - the user opens the application: the user opens the application

2022-12-08 20:05:55 - [MESSAGE][INFO] - User set preference: ['appWaitActivity', '*']

2022-12-08 20:05:55 - [MESSAGE][INFO] - User set preference: ['deviceId', 'emulator-5554']

2022-12-08 20:05:55 - [MESSAGE][INFO] - Detected NodeJS location: "C:\Program Files\nodejs\node.exe"

2022-12-08 20:05:57 - [MESSAGE][INFO] - Appium server started on port 63.067

2022-12-08 20:06:19 - [MESSAGE][PASSED] - Started app at: 'C:\Users\sfili\Katalon Studio\taes22_grupow_fastugadriver_tests.git\Apk\app-debug.apk'

2022-12-08 20:06:19 - [MESSAGE][PASSED] - the user opens the application

2022-12-08 20:06:19 - [TEST_STEP][PASSED] - the user fills the "email login" field with "rodrigo.campos@mail.pt": the user fills the "email login" field with "rodrigo.campos@mail.pt"

2022-12-08 20:06:20 - [MESSAGE][WARNING] - Timeout '0' is invalid. Using default page load timeout: '30'

2022-12-08 20:06:21 - [MESSAGE][PASSED] - Text 'rodrigo.campos@mail.pt' has been set to element 'Object Repository/android.widget.EditText - email login'

2022-12-08 20:06:21 - [MESSAGE][PASSED] - the user fills the "email login" field with "rodrigo.campos@mail.pt"

2022-12-08 20:06:21 - [TEST_STEP][PASSED] - the user fills the "password login" field with "12345678": the user fills the "password login" field with "12345678"

2022-12-08 20:06:21 - [MESSAGE][WARNING] - Timeout '0' is invalid. Using default page load timeout: '30'

2022-12-08 20:06:23 - [MESSAGE][PASSED] - Text '12345678' has been set to element 'Object Repository/android.widget.EditText - password login'

2022-12-08 20:06:23 - [MESSAGE][PASSED] - the user fills the "password login" field with "12345678"

2022-12-08 20:06:23 - [TEST_STEP][PASSED] - the user clicks on the "LOGIN" button: the user clicks on the "LOGIN" button

2022-12-08 20:06:23 - [MESSAGE][WARNING] - Timeout '0' is invalid. Using default page load timeout: '30'

2022-12-08 20:06:23 - [MESSAGE][PASSED] - Tapped on element 'Object Repository/android.widget.Button - LOGIN'

2022-12-08 20:06:23 - [MESSAGE][PASSED] - the user clicks on the "LOGIN" button

2022-12-08 20:06:23 - [TEST_STEP][PASSED] - the user clicks on the "Menu" in the navbar: the user clicks on the "Menu" in the navbar

2022-12-08 20:06:23 - [MESSAGE][WARNING] - Timeout '0' is invalid. Using default page load timeout: '30'

2022-12-08 20:06:28 - [MESSAGE][PASSED] - Tapped on element 'Object Repository/android.widget.ImageView - Menu'

2022-12-08 20:06:28 - [MESSAGE][PASSED] - the user clicks on the "Menu" in the navbar

2022-12-08 20:06:28 - [TEST_STEP][PASSED] - the user sees the "Profile" text in the Menu: the user sees the "Profile" text in the Menu

2022-12-08 20:06:28 - [MESSAGE][PASSED] - Actual text and expected text of test object 'Object Repository/android.widget.CheckedTextView - Profile' are matched.

2022-12-08 20:06:28 - [MESSAGE][PASSED] - the user sees the "Profile" text in the Menu

2022-12-08 20:06:28 - [TEST_CASE][PASSED] - Start Test Case : SCENARIO Check User Profile Details Exist: SCENARIO Check User Profile Details Exist

2022-12-08 20:06:28 - [TEST_STEP][PASSED] - the user opens the application: the user opens the application

2022-12-08 20:06:28 - [MESSAGE][INFO] - User set preference: ['appWaitActivity', '*']

2022-12-08 20:06:28 - [MESSAGE][INFO] - User set preference: ['deviceId', 'emulator-5554']

2022-12-08 20:06:39 - [MESSAGE][PASSED] - Started app at: 'C:\Users\sfili\Katalon Studio\taes22_grupow_fastugadriver_tests.git\Apk\app-debug.apk'

2022-12-08 20:06:39 - [MESSAGE][PASSED] - the user opens the application

2022-12-08 20:06:39 - [TEST_STEP][PASSED] - the user fills the "email login" field with "rodrigo.campos@mail.pt": the user fills the "email login" field with "rodrigo.campos@mail.pt"

2022-12-08 20:06:39 - [MESSAGE][WARNING] - Timeout '0' is invalid. Using default page load timeout: '30'

2022-12-08 20:06:41 - [MESSAGE][PASSED] - Text 'rodrigo.campos@mail.pt' has been set to element 'Object Repository/android.widget.EditText - email login'

2022-12-08 20:06:41 - [MESSAGE][PASSED] - the user fills the "email login" field with "rodrigo.campos@mail.pt"

2022-12-08 20:06:41 - [TEST_STEP][PASSED] - the user fills the "password login" field with "12345678": the user fills the "password login" field with "12345678"

2022-12-08 20:06:41 - [MESSAGE][WARNING] - Timeout '0' is invalid. Using default page load timeout: '30'

2022-12-08 20:06:42 - [MESSAGE][PASSED] - Text '12345678' has been set to element 'Object Repository/android.widget.EditText - password login'

2022-12-08 20:06:42 - [MESSAGE][PASSED] - the user fills the "password login" field with "12345678"

2022-12-08 20:06:42 - [TEST_STEP][PASSED] - the user clicks on the "LOGIN" button: the user clicks on the "LOGIN" button

2022-12-08 20:06:42 - [MESSAGE][WARNING] - Timeout '0' is invalid. Using default page load timeout: '30'

2022-12-08 20:06:43 - [MESSAGE][PASSED] - Tapped on element 'Object Repository/android.widget.Button - LOGIN'

2022-12-08 20:06:43 - [MESSAGE][PASSED] - the user clicks on the "LOGIN" button

2022-12-08 20:06:43 - [TEST_STEP][PASSED] - the user clicks on the "Menu" in the navbar: the user clicks on the "Menu" in the navbar

2022-12-08 20:06:43 - [MESSAGE][WARNING] - Timeout '0' is invalid. Using default page load timeout: '30'

2022-12-08 20:06:46 - [MESSAGE][PASSED] - Tapped on element 'Object Repository/android.widget.ImageView - Menu'

2022-12-08 20:06:46 - [MESSAGE][PASSED] - the user clicks on the "Menu" in the navbar

2022-12-08 20:06:46 - [TEST_STEP][PASSED] - the user clicks on the "Profile" text in the Menu: the user clicks on the "Profile" text in the Menu

2022-12-08 20:06:46 - [MESSAGE][WARNING] - Timeout '0' is invalid. Using default page load timeout: '30'

2022-12-08 20:06:48 - [MESSAGE][PASSED] - Tapped on element 'Object Repository/android.widget.CheckedTextView - Profile'

2022-12-08 20:06:48 - [MESSAGE][PASSED] - the user clicks on the "Profile" text in the Menu

2022-12-08 20:06:48 - [TEST_STEP][PASSED] - the user sees that the "Profile Name" text is not empty: the user sees that the "Profile Name" text is not empty

2022-12-08 20:06:49 - [MESSAGE][PASSED] - Element 'Object Repository/android.widget.TextView - Profile Name' has attribute 'text' is 'PrimeiroNome Apelido'

2022-12-08 20:06:49 - [MESSAGE][PASSED] - the user sees that the "Profile Name" text is not empty

2022-12-08 20:06:49 - [TEST_STEP][PASSED] - the user sees that the "Profile Email" text is not empty: the user sees that the "Profile Email" text is not empty

2022-12-08 20:06:49 - [MESSAGE][PASSED] - Element 'Object Repository/android.widget.TextView - Profile Email' has attribute 'text' is 'rodrigo.campos@mail.pt'

2022-12-08 20:06:49 - [MESSAGE][PASSED] - the user sees that the "Profile Email" text is not empty

2022-12-08 20:06:49 - [TEST_CASE][PASSED] - Start Test Case : SCENARIO Check Change Password Button Exists: SCENARIO Check Change Password Button Exists

2022-12-08 20:06:49 - [TEST_STEP][PASSED] - the user opens the application: the user opens the application

2022-12-08 20:06:49 - [MESSAGE][INFO] - User set preference: ['appWaitActivity', '*']

2022-12-08 20:06:49 - [MESSAGE][INFO] - User set preference: ['deviceId', 'emulator-5554']

2022-12-08 20:07:00 - [MESSAGE][PASSED] - Started app at: 'C:\Users\sfili\Katalon Studio\taes22_grupow_fastugadriver_tests.git\Apk\app-debug.apk'

2022-12-08 20:07:01 - [MESSAGE][PASSED] - the user opens the application

2022-12-08 20:07:01 - [TEST_STEP][PASSED] - the user fills the "email login" field with "rodrigo.campos@mail.pt": the user fills the "email login" field with "rodrigo.campos@mail.pt"

2022-12-08 20:07:01 - [MESSAGE][WARNING] - Timeout '0' is invalid. Using default page load timeout: '30'

2022-12-08 20:07:02 - [MESSAGE][PASSED] - Text 'rodrigo.campos@mail.pt' has been set to element 'Object Repository/android.widget.EditText - email login'

2022-12-08 20:07:02 - [MESSAGE][PASSED] - the user fills the "email login" field with "rodrigo.campos@mail.pt"

2022-12-08 20:07:02 - [TEST_STEP][PASSED] - the user fills the "password login" field with "12345678": the user fills the "password login" field with "12345678"

2022-12-08 20:07:02 - [MESSAGE][WARNING] - Timeout '0' is invalid. Using default page load timeout: '30'

2022-12-08 20:07:03 - [MESSAGE][PASSED] - Text '12345678' has been set to element 'Object Repository/android.widget.EditText - password login'

2022-12-08 20:07:03 - [MESSAGE][PASSED] - the user fills the "password login" field with "12345678"

2022-12-08 20:07:03 - [TEST_STEP][PASSED] - the user clicks on the "LOGIN" button: the user clicks on the "LOGIN" button

2022-12-08 20:07:03 - [MESSAGE][WARNING] - Timeout '0' is invalid. Using default page load timeout: '30'

2022-12-08 20:07:04 - [MESSAGE][PASSED] - Tapped on element 'Object Repository/android.widget.Button - LOGIN'

2022-12-08 20:07:04 - [MESSAGE][PASSED] - the user clicks on the "LOGIN" button

2022-12-08 20:07:04 - [TEST_STEP][PASSED] - the user clicks on the "Menu" in the navbar: the user clicks on the "Menu" in the navbar

2022-12-08 20:07:04 - [MESSAGE][WARNING] - Timeout '0' is invalid. Using default page load timeout: '30'

2022-12-08 20:07:08 - [MESSAGE][PASSED] - Tapped on element 'Object Repository/android.widget.ImageView - Menu'

2022-12-08 20:07:08 - [MESSAGE][PASSED] - the user clicks on the "Menu" in the navbar

2022-12-08 20:07:08 - [TEST_STEP][PASSED] - the user clicks on the "Profile" text in the Menu: the user clicks on the "Profile" text in the Menu

2022-12-08 20:07:08 - [MESSAGE][WARNING] - Timeout '0' is invalid. Using default page load timeout: '30'

2022-12-08 20:07:10 - [MESSAGE][PASSED] - Tapped on element 'Object Repository/android.widget.CheckedTextView - Profile'

2022-12-08 20:07:10 - [MESSAGE][PASSED] - the user clicks on the "Profile" text in the Menu

2022-12-08 20:07:10 - [TEST_STEP][PASSED] - the user sees the "CHANGE PASSWORD Profile" button: the user sees the "CHANGE PASSWORD Profile" button

2022-12-08 20:07:10 - [MESSAGE][WARNING] - Timeout '0' is invalid. Using default page load timeout: '30'

2022-12-08 20:07:11 - [MESSAGE][PASSED] - Element 'Object Repository/android.widget.Button - CHANGE PASSWORD Profile' is exist

2022-12-08 20:07:11 - [MESSAGE][PASSED] - the user sees the "CHANGE PASSWORD Profile" button

2022-12-08 20:07:11 - [TEST_CASE][PASSED] - Start Test Case : SCENARIO Check Change Name Button Exists: SCENARIO Check Change Name Button Exists

2022-12-08 20:07:11 - [TEST_STEP][PASSED] - the user opens the application: the user opens the application

2022-12-08 20:07:11 - [MESSAGE][INFO] - User set preference: ['appWaitActivity', '*']

2022-12-08 20:07:11 - [MESSAGE][INFO] - User set preference: ['deviceId', 'emulator-5554']

2022-12-08 20:07:28 - [MESSAGE][PASSED] - Started app at: 'C:\Users\sfili\Katalon Studio\taes22_grupow_fastugadriver_tests.git\Apk\app-debug.apk'

2022-12-08 20:07:28 - [MESSAGE][PASSED] - the user opens the application

2022-12-08 20:07:28 - [TEST_STEP][PASSED] - the user fills the "email login" field with "rodrigo.campos@mail.pt": the user fills the "email login" field with "rodrigo.campos@mail.pt"

2022-12-08 20:07:28 - [MESSAGE][WARNING] - Timeout '0' is invalid. Using default page load timeout: '30'

2022-12-08 20:07:29 - [MESSAGE][PASSED] - Text 'rodrigo.campos@mail.pt' has been set to element 'Object Repository/android.widget.EditText - email login'

2022-12-08 20:07:29 - [MESSAGE][PASSED] - the user fills the "email login" field with "rodrigo.campos@mail.pt"

2022-12-08 20:07:29 - [TEST_STEP][PASSED] - the user fills the "password login" field with "12345678": the user fills the "password login" field with "12345678"

2022-12-08 20:07:29 - [MESSAGE][WARNING] - Timeout '0' is invalid. Using default page load timeout: '30'

2022-12-08 20:07:31 - [MESSAGE][PASSED] - Text '12345678' has been set to element 'Object Repository/android.widget.EditText - password login'

2022-12-08 20:07:31 - [MESSAGE][PASSED] - the user fills the "password login" field with "12345678"

2022-12-08 20:07:31 - [TEST_STEP][PASSED] - the user clicks on the "LOGIN" button: the user clicks on the "LOGIN" button

2022-12-08 20:07:31 - [MESSAGE][WARNING] - Timeout '0' is invalid. Using default page load timeout: '30'

2022-12-08 20:07:32 - [MESSAGE][PASSED] - Tapped on element 'Object Repository/android.widget.Button - LOGIN'

2022-12-08 20:07:32 - [MESSAGE][PASSED] - the user clicks on the "LOGIN" button

2022-12-08 20:07:32 - [TEST_STEP][PASSED] - the user clicks on the "Menu" in the navbar: the user clicks on the "Menu" in the navbar

2022-12-08 20:07:32 - [MESSAGE][WARNING] - Timeout '0' is invalid. Using default page load timeout: '30'

2022-12-08 20:07:35 - [MESSAGE][PASSED] - Tapped on element 'Object Repository/android.widget.ImageView - Menu'

2022-12-08 20:07:35 - [MESSAGE][PASSED] - the user clicks on the "Menu" in the navbar

2022-12-08 20:07:35 - [TEST_STEP][PASSED] - the user clicks on the "Profile" text in the Menu: the user clicks on the "Profile" text in the Menu

2022-12-08 20:07:35 - [MESSAGE][WARNING] - Timeout '0' is invalid. Using default page load timeout: '30'

2022-12-08 20:07:36 - [MESSAGE][PASSED] - Tapped on element 'Object Repository/android.widget.CheckedTextView - Profile'

2022-12-08 20:07:36 - [MESSAGE][PASSED] - the user clicks on the "Profile" text in the Menu

2022-12-08 20:07:36 - [TEST_STEP][PASSED] - the user sees the "CHANGE NAME Profile" button: the user sees the "CHANGE NAME Profile" button

2022-12-08 20:07:36 - [MESSAGE][WARNING] - Timeout '0' is invalid. Using default page load timeout: '30'

2022-12-08 20:07:37 - [MESSAGE][PASSED] - Element 'Object Repository/android.widget.Button - CHANGE NAME Profile' is exist

2022-12-08 20:07:37 - [MESSAGE][PASSED] - the user sees the "CHANGE NAME Profile" button

2022-12-08 20:07:37 - [TEST_CASE][PASSED] - Start Test Case : SCENARIO Go to Change Password Screen: SCENARIO Go to Change Password Screen

2022-12-08 20:07:37 - [TEST_STEP][PASSED] - the user opens the application: the user opens the application

2022-12-08 20:07:37 - [MESSAGE][INFO] - User set preference: ['appWaitActivity', '*']

2022-12-08 20:07:37 - [MESSAGE][INFO] - User set preference: ['deviceId', 'emulator-5554']

2022-12-08 20:07:50 - [MESSAGE][PASSED] - Started app at: 'C:\Users\sfili\Katalon Studio\taes22_grupow_fastugadriver_tests.git\Apk\app-debug.apk'

2022-12-08 20:07:50 - [MESSAGE][PASSED] - the user opens the application

2022-12-08 20:07:50 - [TEST_STEP][PASSED] - the user fills the "email login" field with "rodrigo.campos@mail.pt": the user fills the "email login" field with "rodrigo.campos@mail.pt"

2022-12-08 20:07:50 - [MESSAGE][WARNING] - Timeout '0' is invalid. Using default page load timeout: '30'

2022-12-08 20:07:51 - [MESSAGE][PASSED] - Text 'rodrigo.campos@mail.pt' has been set to element 'Object Repository/android.widget.EditText - email login'

2022-12-08 20:07:51 - [MESSAGE][PASSED] - the user fills the "email login" field with "rodrigo.campos@mail.pt"

2022-12-08 20:07:51 - [TEST_STEP][PASSED] - the user fills the "password login" field with "12345678": the user fills the "password login" field with "12345678"

2022-12-08 20:07:51 - [MESSAGE][WARNING] - Timeout '0' is invalid. Using default page load timeout: '30'

2022-12-08 20:07:53 - [MESSAGE][PASSED] - Text '12345678' has been set to element 'Object Repository/android.widget.EditText - password login'

2022-12-08 20:07:53 - [MESSAGE][PASSED] - the user fills the "password login" field with "12345678"

2022-12-08 20:07:53 - [TEST_STEP][PASSED] - the user clicks on the "LOGIN" button: the user clicks on the "LOGIN" button

2022-12-08 20:07:53 - [MESSAGE][WARNING] - Timeout '0' is invalid. Using default page load timeout: '30'

2022-12-08 20:07:53 - [MESSAGE][PASSED] - Tapped on element 'Object Repository/android.widget.Button - LOGIN'

2022-12-08 20:07:53 - [MESSAGE][PASSED] - the user clicks on the "LOGIN" button

2022-12-08 20:07:53 - [TEST_STEP][PASSED] - the user clicks on the "Menu" in the navbar: the user clicks on the "Menu" in the navbar

2022-12-08 20:07:53 - [MESSAGE][WARNING] - Timeout '0' is invalid. Using default page load timeout: '30'

2022-12-08 20:07:57 - [MESSAGE][PASSED] - Tapped on element 'Object Repository/android.widget.ImageView - Menu'

2022-12-08 20:07:57 - [MESSAGE][PASSED] - the user clicks on the "Menu" in the navbar

2022-12-08 20:07:57 - [TEST_STEP][PASSED] - the user clicks on the "Profile" text in the Menu: the user clicks on the "Profile" text in the Menu

2022-12-08 20:07:57 - [MESSAGE][WARNING] - Timeout '0' is invalid. Using default page load timeout: '30'

2022-12-08 20:07:58 - [MESSAGE][PASSED] - Tapped on element 'Object Repository/android.widget.CheckedTextView - Profile'

2022-12-08 20:07:58 - [MESSAGE][PASSED] - the user clicks on the "Profile" text in the Menu

2022-12-08 20:07:58 - [TEST_STEP][PASSED] - the user clicks on the "CHANGE PASSWORD Profile" button: the user clicks on the "CHANGE PASSWORD Profile" button

2022-12-08 20:07:58 - [MESSAGE][WARNING] - Timeout '0' is invalid. Using default page load timeout: '30'

2022-12-08 20:07:59 - [MESSAGE][PASSED] - Tapped on element 'Object Repository/android.widget.Button - CHANGE PASSWORD Profile'

2022-12-08 20:07:59 - [MESSAGE][PASSED] - the user clicks on the "CHANGE PASSWORD Profile" button

2022-12-08 20:07:59 - [TEST_STEP][PASSED] - the user sees the "Change My Password" text: the user sees the "Change My Password" text

2022-12-08 20:08:00 - [MESSAGE][PASSED] - Actual text and expected text of test object 'Object Repository/android.widget.TextView - Change My Password' are matched.

2022-12-08 20:08:00 - [MESSAGE][PASSED] - the user sees the "Change My Password" text

2022-12-08 20:08:00 - [TEST_CASE][PASSED] - Start Test Case : SCENARIO Go Back to Profile Screen in Change Password Screen: SCENARIO Go Back to Profile Screen in Change Password Screen

2022-12-08 20:08:00 - [TEST_STEP][PASSED] - the user opens the application: the user opens the application

2022-12-08 20:08:00 - [MESSAGE][INFO] - User set preference: ['appWaitActivity', '*']

2022-12-08 20:08:00 - [MESSAGE][INFO] - User set preference: ['deviceId', 'emulator-5554']

2022-12-08 20:08:13 - [MESSAGE][PASSED] - Started app at: 'C:\Users\sfili\Katalon Studio\taes22_grupow_fastugadriver_tests.git\Apk\app-debug.apk'

2022-12-08 20:08:13 - [MESSAGE][PASSED] - the user opens the application

2022-12-08 20:08:13 - [TEST_STEP][PASSED] - the user fills the "email login" field with "rodrigo.campos@mail.pt": the user fills the "email login" field with "rodrigo.campos@mail.pt"

2022-12-08 20:08:13 - [MESSAGE][WARNING] - Timeout '0' is invalid. Using default page load timeout: '30'

2022-12-08 20:08:15 - [MESSAGE][PASSED] - Text 'rodrigo.campos@mail.pt' has been set to element 'Object Repository/android.widget.EditText - email login'

2022-12-08 20:08:15 - [MESSAGE][PASSED] - the user fills the "email login" field with "rodrigo.campos@mail.pt"

2022-12-08 20:08:15 - [TEST_STEP][PASSED] - the user fills the "password login" field with "12345678": the user fills the "password login" field with "12345678"

2022-12-08 20:08:15 - [MESSAGE][WARNING] - Timeout '0' is invalid. Using default page load timeout: '30'

2022-12-08 20:08:16 - [MESSAGE][PASSED] - Text '12345678' has been set to element 'Object Repository/android.widget.EditText - password login'

2022-12-08 20:08:16 - [MESSAGE][PASSED] - the user fills the "password login" field with "12345678"

2022-12-08 20:08:16 - [TEST_STEP][PASSED] - the user clicks on the "LOGIN" button: the user clicks on the "LOGIN" button

2022-12-08 20:08:16 - [MESSAGE][WARNING] - Timeout '0' is invalid. Using default page load timeout: '30'

2022-12-08 20:08:17 - [MESSAGE][PASSED] - Tapped on element 'Object Repository/android.widget.Button - LOGIN'

2022-12-08 20:08:17 - [MESSAGE][PASSED] - the user clicks on the "LOGIN" button

2022-12-08 20:08:17 - [TEST_STEP][PASSED] - the user clicks on the "Menu" in the navbar: the user clicks on the "Menu" in the navbar

2022-12-08 20:08:17 - [MESSAGE][WARNING] - Timeout '0' is invalid. Using default page load timeout: '30'

2022-12-08 20:08:20 - [MESSAGE][PASSED] - Tapped on element 'Object Repository/android.widget.ImageView - Menu'

2022-12-08 20:08:20 - [MESSAGE][PASSED] - the user clicks on the "Menu" in the navbar

2022-12-08 20:08:20 - [TEST_STEP][PASSED] - the user clicks on the "Profile" text in the Menu: the user clicks on the "Profile" text in the Menu

2022-12-08 20:08:20 - [MESSAGE][WARNING] - Timeout '0' is invalid. Using default page load timeout: '30'

2022-12-08 20:08:22 - [MESSAGE][PASSED] - Tapped on element 'Object Repository/android.widget.CheckedTextView - Profile'

2022-12-08 20:08:22 - [MESSAGE][PASSED] - the user clicks on the "Profile" text in the Menu

2022-12-08 20:08:22 - [TEST_STEP][PASSED] - the user clicks on the "CHANGE PASSWORD Profile" button: the user clicks on the "CHANGE PASSWORD Profile" button

2022-12-08 20:08:22 - [MESSAGE][WARNING] - Timeout '0' is invalid. Using default page load timeout: '30'

2022-12-08 20:08:23 - [MESSAGE][PASSED] - Tapped on element 'Object Repository/android.widget.Button - CHANGE PASSWORD Profile'

2022-12-08 20:08:23 - [MESSAGE][PASSED] - the user clicks on the "CHANGE PASSWORD Profile" button

2022-12-08 20:08:23 - [TEST_STEP][PASSED] - the user clicks on the "BACK Change Password" button: the user clicks on the "BACK Change Password" button

2022-12-08 20:08:23 - [MESSAGE][WARNING] - Timeout '0' is invalid. Using default page load timeout: '30'

2022-12-08 20:08:24 - [MESSAGE][PASSED] - Tapped on element 'Object Repository/android.widget.Button - BACK Change Password'

2022-12-08 20:08:24 - [MESSAGE][PASSED] - the user clicks on the "BACK Change Password" button

2022-12-08 20:08:24 - [TEST_STEP][PASSED] - the user sees that the "Profile Name" text is not empty: the user sees that the "Profile Name" text is not empty

2022-12-08 20:08:24 - [MESSAGE][PASSED] - Element 'Object Repository/android.widget.TextView - Profile Name' has attribute 'text' is 'PrimeiroNome Apelido'

2022-12-08 20:08:24 - [MESSAGE][PASSED] - the user sees that the "Profile Name" text is not empty

2022-12-08 20:08:24 - [TEST_STEP][PASSED] - the user sees that the "Profile Email" text is not empty: the user sees that the "Profile Email" text is not empty

2022-12-08 20:08:25 - [MESSAGE][PASSED] - Element 'Object Repository/android.widget.TextView - Profile Email' has attribute 'text' is 'rodrigo.campos@mail.pt'

2022-12-08 20:08:25 - [MESSAGE][PASSED] - the user sees that the "Profile Email" text is not empty

2022-12-08 20:08:25 - [TEST_CASE][PASSED] - Start Test Case : SCENARIO Check Change Password Button Exists: SCENARIO Check Change Password Button Exists

2022-12-08 20:08:25 - [TEST_STEP][PASSED] - the user opens the application: the user opens the application

2022-12-08 20:08:25 - [MESSAGE][INFO] - User set preference: ['appWaitActivity', '*']

2022-12-08 20:08:25 - [MESSAGE][INFO] - User set preference: ['deviceId', 'emulator-5554']

2022-12-08 20:08:37 - [MESSAGE][PASSED] - Started app at: 'C:\Users\sfili\Katalon Studio\taes22_grupow_fastugadriver_tests.git\Apk\app-debug.apk'

2022-12-08 20:08:37 - [MESSAGE][PASSED] - the user opens the application

2022-12-08 20:08:37 - [TEST_STEP][PASSED] - the user fills the "email login" field with "rodrigo.campos@mail.pt": the user fills the "email login" field with "rodrigo.campos@mail.pt"

2022-12-08 20:08:37 - [MESSAGE][WARNING] - Timeout '0' is invalid. Using default page load timeout: '30'

2022-12-08 20:08:39 - [MESSAGE][PASSED] - Text 'rodrigo.campos@mail.pt' has been set to element 'Object Repository/android.widget.EditText - email login'

2022-12-08 20:08:39 - [MESSAGE][PASSED] - the user fills the "email login" field with "rodrigo.campos@mail.pt"

2022-12-08 20:08:39 - [TEST_STEP][PASSED] - the user fills the "password login" field with "12345678": the user fills the "password login" field with "12345678"

2022-12-08 20:08:39 - [MESSAGE][WARNING] - Timeout '0' is invalid. Using default page load timeout: '30'

2022-12-08 20:08:40 - [MESSAGE][PASSED] - Text '12345678' has been set to element 'Object Repository/android.widget.EditText - password login'

2022-12-08 20:08:40 - [MESSAGE][PASSED] - the user fills the "password login" field with "12345678"

2022-12-08 20:08:40 - [TEST_STEP][PASSED] - the user clicks on the "LOGIN" button: the user clicks on the "LOGIN" button

2022-12-08 20:08:40 - [MESSAGE][WARNING] - Timeout '0' is invalid. Using default page load timeout: '30'

2022-12-08 20:08:40 - [MESSAGE][PASSED] - Tapped on element 'Object Repository/android.widget.Button - LOGIN'

2022-12-08 20:08:40 - [MESSAGE][PASSED] - the user clicks on the "LOGIN" button

2022-12-08 20:08:40 - [TEST_STEP][PASSED] - the user clicks on the "Menu" in the navbar: the user clicks on the "Menu" in the navbar

2022-12-08 20:08:40 - [MESSAGE][WARNING] - Timeout '0' is invalid. Using default page load timeout: '30'

2022-12-08 20:08:48 - [MESSAGE][PASSED] - Tapped on element 'Object Repository/android.widget.ImageView - Menu'

2022-12-08 20:08:48 - [MESSAGE][PASSED] - the user clicks on the "Menu" in the navbar

2022-12-08 20:08:48 - [TEST_STEP][PASSED] - the user clicks on the "Profile" text in the Menu: the user clicks on the "Profile" text in the Menu

2022-12-08 20:08:48 - [MESSAGE][WARNING] - Timeout '0' is invalid. Using default page load timeout: '30'

2022-12-08 20:08:50 - [MESSAGE][PASSED] - Tapped on element 'Object Repository/android.widget.CheckedTextView - Profile'

2022-12-08 20:08:50 - [MESSAGE][PASSED] - the user clicks on the "Profile" text in the Menu

2022-12-08 20:08:50 - [TEST_STEP][PASSED] - the user clicks on the "CHANGE PASSWORD Profile" button: the user clicks on the "CHANGE PASSWORD Profile" button

2022-12-08 20:08:50 - [MESSAGE][WARNING] - Timeout '0' is invalid. Using default page load timeout: '30'

2022-12-08 20:08:51 - [MESSAGE][PASSED] - Tapped on element 'Object Repository/android.widget.Button - CHANGE PASSWORD Profile'

2022-12-08 20:08:51 - [MESSAGE][PASSED] - the user clicks on the "CHANGE PASSWORD Profile" button

2022-12-08 20:08:51 - [TEST_STEP][PASSED] - the user sees the "CHANGE PASSWORD Change" button: the user sees the "CHANGE PASSWORD Change" button

2022-12-08 20:08:51 - [MESSAGE][WARNING] - Timeout '0' is invalid. Using default page load timeout: '30'

2022-12-08 20:08:52 - [MESSAGE][PASSED] - Element 'Object Repository/android.widget.Button - CHANGE PASSWORD Change' is exist

2022-12-08 20:08:52 - [MESSAGE][PASSED] - the user sees the "CHANGE PASSWORD Change" button

2022-12-08 20:08:52 - [TEST_CASE][PASSED] - Start Test Case : SCENARIO Check Successful Change Password: SCENARIO Check Successful Change Password

2022-12-08 20:08:52 - [TEST_STEP][PASSED] - the user opens the application: the user opens the application

2022-12-08 20:08:52 - [MESSAGE][INFO] - User set preference: ['appWaitActivity', '*']

2022-12-08 20:08:52 - [MESSAGE][INFO] - User set preference: ['deviceId', 'emulator-5554']

2022-12-08 20:09:05 - [MESSAGE][PASSED] - Started app at: 'C:\Users\sfili\Katalon Studio\taes22_grupow_fastugadriver_tests.git\Apk\app-debug.apk'

2022-12-08 20:09:05 - [MESSAGE][PASSED] - the user opens the application

2022-12-08 20:09:05 - [TEST_STEP][PASSED] - the user fills the "email login" field with "rodrigo.campos@mail.pt": the user fills the "email login" field with "rodrigo.campos@mail.pt"

2022-12-08 20:09:05 - [MESSAGE][WARNING] - Timeout '0' is invalid. Using default page load timeout: '30'

2022-12-08 20:09:07 - [MESSAGE][PASSED] - Text 'rodrigo.campos@mail.pt' has been set to element 'Object Repository/android.widget.EditText - email login'

2022-12-08 20:09:07 - [MESSAGE][PASSED] - the user fills the "email login" field with "rodrigo.campos@mail.pt"

2022-12-08 20:09:07 - [TEST_STEP][PASSED] - the user fills the "password login" field with "12345678": the user fills the "password login" field with "12345678"

2022-12-08 20:09:07 - [MESSAGE][WARNING] - Timeout '0' is invalid. Using default page load timeout: '30'

2022-12-08 20:09:08 - [MESSAGE][PASSED] - Text '12345678' has been set to element 'Object Repository/android.widget.EditText - password login'

2022-12-08 20:09:08 - [MESSAGE][PASSED] - the user fills the "password login" field with "12345678"

2022-12-08 20:09:08 - [TEST_STEP][PASSED] - the user clicks on the "LOGIN" button: the user clicks on the "LOGIN" button

2022-12-08 20:09:08 - [MESSAGE][WARNING] - Timeout '0' is invalid. Using default page load timeout: '30'

2022-12-08 20:09:09 - [MESSAGE][PASSED] - Tapped on element 'Object Repository/android.widget.Button - LOGIN'

2022-12-08 20:09:09 - [MESSAGE][PASSED] - the user clicks on the "LOGIN" button

2022-12-08 20:09:09 - [TEST_STEP][PASSED] - the user clicks on the "Menu" in the navbar: the user clicks on the "Menu" in the navbar

2022-12-08 20:09:09 - [MESSAGE][WARNING] - Timeout '0' is invalid. Using default page load timeout: '30'

2022-12-08 20:09:13 - [MESSAGE][PASSED] - Tapped on element 'Object Repository/android.widget.ImageView - Menu'

2022-12-08 20:09:13 - [MESSAGE][PASSED] - the user clicks on the "Menu" in the navbar

2022-12-08 20:09:13 - [TEST_STEP][PASSED] - the user clicks on the "Profile" text in the Menu: the user clicks on the "Profile" text in the Menu

2022-12-08 20:09:13 - [MESSAGE][WARNING] - Timeout '0' is invalid. Using default page load timeout: '30'

2022-12-08 20:09:14 - [MESSAGE][PASSED] - Tapped on element 'Object Repository/android.widget.CheckedTextView - Profile'

2022-12-08 20:09:14 - [MESSAGE][PASSED] - the user clicks on the "Profile" text in the Menu

2022-12-08 20:09:14 - [TEST_STEP][PASSED] - the user clicks on the "CHANGE PASSWORD Profile" button: the user clicks on the "CHANGE PASSWORD Profile" button

2022-12-08 20:09:14 - [MESSAGE][WARNING] - Timeout '0' is invalid. Using default page load timeout: '30'

2022-12-08 20:09:15 - [MESSAGE][PASSED] - Tapped on element 'Object Repository/android.widget.Button - CHANGE PASSWORD Profile'

2022-12-08 20:09:15 - [MESSAGE][PASSED] - the user clicks on the "CHANGE PASSWORD Profile" button

2022-12-08 20:09:15 - [TEST_STEP][PASSED] - the user fills the "Atual Password" field with "12345678": the user fills the "Atual Password" field with "12345678"

2022-12-08 20:09:15 - [MESSAGE][WARNING] - Timeout '0' is invalid. Using default page load timeout: '30'

2022-12-08 20:09:16 - [MESSAGE][PASSED] - Text '12345678' has been set to element 'Object Repository/android.widget.EditText - Atual Password'

2022-12-08 20:09:16 - [MESSAGE][PASSED] - the user fills the "Atual Password" field with "12345678"

2022-12-08 20:09:16 - [TEST_STEP][PASSED] - the user fills the "New Password" field with "password": the user fills the "New Password" field with "password"

2022-12-08 20:09:16 - [MESSAGE][WARNING] - Timeout '0' is invalid. Using default page load timeout: '30'

2022-12-08 20:09:17 - [MESSAGE][PASSED] - Text 'password' has been set to element 'Object Repository/android.widget.EditText - New Password'

2022-12-08 20:09:17 - [MESSAGE][PASSED] - the user fills the "New Password" field with "password"

2022-12-08 20:09:17 - [TEST_STEP][PASSED] - the user fills the "Confirm Password" field with "password": the user fills the "Confirm Password" field with "password"

2022-12-08 20:09:17 - [MESSAGE][WARNING] - Timeout '0' is invalid. Using default page load timeout: '30'

2022-12-08 20:09:18 - [MESSAGE][PASSED] - Text 'password' has been set to element 'Object Repository/android.widget.EditText - Confirm Password'

2022-12-08 20:09:18 - [MESSAGE][PASSED] - the user fills the "Confirm Password" field with "password"

2022-12-08 20:09:18 - [TEST_STEP][PASSED] - the user clicks on the "CHANGE PASSWORD Change" button: the user clicks on the "CHANGE PASSWORD Change" button

2022-12-08 20:09:19 - [MESSAGE][WARNING] - Timeout '0' is invalid. Using default page load timeout: '30'

2022-12-08 20:09:19 - [MESSAGE][PASSED] - Tapped on element 'Object Repository/android.widget.Button - CHANGE PASSWORD Change'

2022-12-08 20:09:19 - [MESSAGE][PASSED] - the user clicks on the "CHANGE PASSWORD Change" button

2022-12-08 20:09:19 - [TEST_STEP][PASSED] - the user sees the Confirmation Dialog "Success": the user sees the Confirmation Dialog "Success"

2022-12-08 20:09:19 - [MESSAGE][WARNING] - Timeout '0' is invalid. Using default page load timeout: '30'

2022-12-08 20:09:22 - [MESSAGE][PASSED] - Element 'Object Repository/android.widget.RelativeLayout - Success' is exist

2022-12-08 20:09:22 - [MESSAGE][PASSED] - the user sees the Confirmation Dialog "Success"

2022-12-08 20:09:22 - [TEST_STEP][PASSED] - the user clicks on the "Success OK" button: the user clicks on the "Success OK" button

2022-12-08 20:09:22 - [MESSAGE][WARNING] - Timeout '0' is invalid. Using default page load timeout: '30'

2022-12-08 20:09:22 - [MESSAGE][PASSED] - Tapped on element 'Object Repository/android.widget.Button - Success OK'

2022-12-08 20:09:22 - [MESSAGE][PASSED] - the user clicks on the "Success OK" button

2022-12-08 20:09:22 - [TEST_STEP][PASSED] - the user clicks on the "Menu" in the navbar: the user clicks on the "Menu" in the navbar

2022-12-08 20:09:23 - [MESSAGE][WARNING] - Timeout '0' is invalid. Using default page load timeout: '30'

2022-12-08 20:09:23 - [MESSAGE][PASSED] - Tapped on element 'Object Repository/android.widget.ImageView - Menu'

2022-12-08 20:09:23 - [MESSAGE][PASSED] - the user clicks on the "Menu" in the navbar

2022-12-08 20:09:23 - [TEST_STEP][PASSED] - the user clicks on the "Logout" text in the Menu: the user clicks on the "Logout" text in the Menu

2022-12-08 20:09:23 - [MESSAGE][WARNING] - Timeout '0' is invalid. Using default page load timeout: '30'

2022-12-08 20:09:24 - [MESSAGE][PASSED] - Tapped on element 'Object Repository/android.widget.CheckedTextView - Logout'

2022-12-08 20:09:24 - [MESSAGE][PASSED] - the user clicks on the "Logout" text in the Menu

2022-12-08 20:09:24 - [TEST_STEP][PASSED] - the user sees the "LOGIN" screen: the user sees the "LOGIN" screen

2022-12-08 20:09:25 - [MESSAGE][WARNING] - Timeout '0' is invalid. Using default page load timeout: '30'

2022-12-08 20:09:25 - [MESSAGE][PASSED] - Element 'Object Repository/android.widget.TextView - LOGIN' is exist

2022-12-08 20:09:25 - [MESSAGE][PASSED] - the user sees the "LOGIN" screen

2022-12-08 20:09:25 - [TEST_STEP][PASSED] - the user fills the "email login" field with "rodrigo.campos@mail.pt": the user fills the "email login" field with "rodrigo.campos@mail.pt"

2022-12-08 20:09:25 - [MESSAGE][WARNING] - Timeout '0' is invalid. Using default page load timeout: '30'

2022-12-08 20:09:26 - [MESSAGE][PASSED] - Text 'rodrigo.campos@mail.pt' has been set to element 'Object Repository/android.widget.EditText - email login'

2022-12-08 20:09:26 - [MESSAGE][PASSED] - the user fills the "email login" field with "rodrigo.campos@mail.pt"

2022-12-08 20:09:26 - [TEST_STEP][PASSED] - the user fills the "password login" field with "password": the user fills the "password login" field with "password"

2022-12-08 20:09:26 - [MESSAGE][WARNING] - Timeout '0' is invalid. Using default page load timeout: '30'

2022-12-08 20:09:27 - [MESSAGE][PASSED] - Text 'password' has been set to element 'Object Repository/android.widget.EditText - password login'

2022-12-08 20:09:27 - [MESSAGE][PASSED] - the user fills the "password login" field with "password"

2022-12-08 20:09:27 - [TEST_STEP][PASSED] - the user clicks on the "LOGIN" button: the user clicks on the "LOGIN" button

2022-12-08 20:09:27 - [MESSAGE][WARNING] - Timeout '0' is invalid. Using default page load timeout: '30'

2022-12-08 20:09:28 - [MESSAGE][PASSED] - Tapped on element 'Object Repository/android.widget.Button - LOGIN'

2022-12-08 20:09:28 - [MESSAGE][PASSED] - the user clicks on the "LOGIN" button

2022-12-08 20:09:28 - [TEST_STEP][PASSED] - the user sees the "Welcome" screen: the user sees the "Welcome" screen

2022-12-08 20:09:28 - [MESSAGE][WARNING] - Timeout '0' is invalid. Using default page load timeout: '30'

2022-12-08 20:09:31 - [MESSAGE][PASSED] - Element 'Object Repository/android.widget.TextView - Welcome' is exist

2022-12-08 20:09:31 - [MESSAGE][PASSED] - the user sees the "Welcome" screen

2022-12-08 20:09:31 - [TEST_CASE][PASSED] - Start Test Case : SCENARIO Go to Change Name Screen: SCENARIO Go to Change Name Screen

2022-12-08 20:09:31 - [TEST_STEP][PASSED] - the user opens the application: the user opens the application

2022-12-08 20:09:31 - [MESSAGE][INFO] - User set preference: ['appWaitActivity', '*']

2022-12-08 20:09:31 - [MESSAGE][INFO] - User set preference: ['deviceId', 'emulator-5554']

2022-12-08 20:09:48 - [MESSAGE][PASSED] - Started app at: 'C:\Users\sfili\Katalon Studio\taes22_grupow_fastugadriver_tests.git\Apk\app-debug.apk'

2022-12-08 20:09:48 - [MESSAGE][PASSED] - the user opens the application

2022-12-08 20:09:48 - [TEST_STEP][PASSED] - the user fills the "email login" field with "rodrigo.campos@mail.pt": the user fills the "email login" field with "rodrigo.campos@mail.pt"

2022-12-08 20:09:48 - [MESSAGE][WARNING] - Timeout '0' is invalid. Using default page load timeout: '30'

2022-12-08 20:09:50 - [MESSAGE][PASSED] - Text 'rodrigo.campos@mail.pt' has been set to element 'Object Repository/android.widget.EditText - email login'

2022-12-08 20:09:50 - [MESSAGE][PASSED] - the user fills the "email login" field with "rodrigo.campos@mail.pt"

2022-12-08 20:09:50 - [TEST_STEP][PASSED] - the user fills the "password login" field with "12345678": the user fills the "password login" field with "12345678"

2022-12-08 20:09:50 - [MESSAGE][WARNING] - Timeout '0' is invalid. Using default page load timeout: '30'

2022-12-08 20:09:51 - [MESSAGE][PASSED] - Text '12345678' has been set to element 'Object Repository/android.widget.EditText - password login'

2022-12-08 20:09:51 - [MESSAGE][PASSED] - the user fills the "password login" field with "12345678"

2022-12-08 20:09:51 - [TEST_STEP][PASSED] - the user clicks on the "LOGIN" button: the user clicks on the "LOGIN" button

2022-12-08 20:09:51 - [MESSAGE][WARNING] - Timeout '0' is invalid. Using default page load timeout: '30'

2022-12-08 20:09:51 - [MESSAGE][PASSED] - Tapped on element 'Object Repository/android.widget.Button - LOGIN'

2022-12-08 20:09:51 - [MESSAGE][PASSED] - the user clicks on the "LOGIN" button

2022-12-08 20:09:51 - [TEST_STEP][PASSED] - the user clicks on the "Menu" in the navbar: the user clicks on the "Menu" in the navbar

2022-12-08 20:09:52 - [MESSAGE][WARNING] - Timeout '0' is invalid. Using default page load timeout: '30'

2022-12-08 20:09:55 - [MESSAGE][PASSED] - Tapped on element 'Object Repository/android.widget.ImageView - Menu'

2022-12-08 20:09:55 - [MESSAGE][PASSED] - the user clicks on the "Menu" in the navbar

2022-12-08 20:09:55 - [TEST_STEP][PASSED] - the user clicks on the "Profile" text in the Menu: the user clicks on the "Profile" text in the Menu

2022-12-08 20:09:55 - [MESSAGE][WARNING] - Timeout '0' is invalid. Using default page load timeout: '30'

2022-12-08 20:09:56 - [MESSAGE][PASSED] - Tapped on element 'Object Repository/android.widget.CheckedTextView - Profile'

2022-12-08 20:09:56 - [MESSAGE][PASSED] - the user clicks on the "Profile" text in the Menu

2022-12-08 20:09:56 - [TEST_STEP][PASSED] - the user clicks on the "CHANGE NAME Profile" button: the user clicks on the "CHANGE NAME Profile" button

2022-12-08 20:09:56 - [MESSAGE][WARNING] - Timeout '0' is invalid. Using default page load timeout: '30'

2022-12-08 20:09:57 - [MESSAGE][PASSED] - Tapped on element 'Object Repository/android.widget.Button - CHANGE NAME Profile'

2022-12-08 20:09:57 - [MESSAGE][PASSED] - the user clicks on the "CHANGE NAME Profile" button

2022-12-08 20:09:57 - [TEST_STEP][PASSED] - the user sees the "Change Name" text: the user sees the "Change Name" text

2022-12-08 20:09:58 - [MESSAGE][PASSED] - Actual text and expected text of test object 'Object Repository/android.widget.TextView - Change Name' are matched.

2022-12-08 20:09:58 - [MESSAGE][PASSED] - the user sees the "Change Name" text

2022-12-08 20:09:58 - [TEST_CASE][PASSED] - Start Test Case : SCENARIO Go Back to Profile Screen in Change Name Screen: SCENARIO Go Back to Profile Screen in Change Name Screen

2022-12-08 20:09:58 - [TEST_STEP][PASSED] - the user opens the application: the user opens the application

2022-12-08 20:09:58 - [MESSAGE][INFO] - User set preference: ['appWaitActivity', '*']

2022-12-08 20:09:58 - [MESSAGE][INFO] - User set preference: ['deviceId', 'emulator-5554']

2022-12-08 20:10:10 - [MESSAGE][PASSED] - Started app at: 'C:\Users\sfili\Katalon Studio\taes22_grupow_fastugadriver_tests.git\Apk\app-debug.apk'

2022-12-08 20:10:10 - [MESSAGE][PASSED] - the user opens the application

2022-12-08 20:10:10 - [TEST_STEP][PASSED] - the user fills the "email login" field with "rodrigo.campos@mail.pt": the user fills the "email login" field with "rodrigo.campos@mail.pt"

2022-12-08 20:10:10 - [MESSAGE][WARNING] - Timeout '0' is invalid. Using default page load timeout: '30'

2022-12-08 20:10:11 - [MESSAGE][PASSED] - Text 'rodrigo.campos@mail.pt' has been set to element 'Object Repository/android.widget.EditText - email login'

2022-12-08 20:10:11 - [MESSAGE][PASSED] - the user fills the "email login" field with "rodrigo.campos@mail.pt"

2022-12-08 20:10:11 - [TEST_STEP][PASSED] - the user fills the "password login" field with "12345678": the user fills the "password login" field with "12345678"

2022-12-08 20:10:11 - [MESSAGE][WARNING] - Timeout '0' is invalid. Using default page load timeout: '30'

2022-12-08 20:10:13 - [MESSAGE][PASSED] - Text '12345678' has been set to element 'Object Repository/android.widget.EditText - password login'

2022-12-08 20:10:13 - [MESSAGE][PASSED] - the user fills the "password login" field with "12345678"

2022-12-08 20:10:13 - [TEST_STEP][PASSED] - the user clicks on the "LOGIN" button: the user clicks on the "LOGIN" button

2022-12-08 20:10:13 - [MESSAGE][WARNING] - Timeout '0' is invalid. Using default page load timeout: '30'

2022-12-08 20:10:13 - [MESSAGE][PASSED] - Tapped on element 'Object Repository/android.widget.Button - LOGIN'

2022-12-08 20:10:13 - [MESSAGE][PASSED] - the user clicks on the "LOGIN" button

2022-12-08 20:10:13 - [TEST_STEP][PASSED] - the user clicks on the "Menu" in the navbar: the user clicks on the "Menu" in the navbar

2022-12-08 20:10:13 - [MESSAGE][WARNING] - Timeout '0' is invalid. Using default page load timeout: '30'

2022-12-08 20:10:18 - [MESSAGE][PASSED] - Tapped on element 'Object Repository/android.widget.ImageView - Menu'

2022-12-08 20:10:18 - [MESSAGE][PASSED] - the user clicks on the "Menu" in the navbar

2022-12-08 20:10:18 - [TEST_STEP][PASSED] - the user clicks on the "Profile" text in the Menu: the user clicks on the "Profile" text in the Menu

2022-12-08 20:10:18 - [MESSAGE][WARNING] - Timeout '0' is invalid. Using default page load timeout: '30'

2022-12-08 20:10:20 - [MESSAGE][PASSED] - Tapped on element 'Object Repository/android.widget.CheckedTextView - Profile'

2022-12-08 20:10:20 - [MESSAGE][PASSED] - the user clicks on the "Profile" text in the Menu

2022-12-08 20:10:20 - [TEST_STEP][PASSED] - the user clicks on the "CHANGE NAME Profile" button: the user clicks on the "CHANGE NAME Profile" button

2022-12-08 20:10:20 - [MESSAGE][WARNING] - Timeout '0' is invalid. Using default page load timeout: '30'

2022-12-08 20:10:21 - [MESSAGE][PASSED] - Tapped on element 'Object Repository/android.widget.Button - CHANGE NAME Profile'

2022-12-08 20:10:21 - [MESSAGE][PASSED] - the user clicks on the "CHANGE NAME Profile" button

2022-12-08 20:10:21 - [TEST_STEP][PASSED] - the user clicks on the "BACK Change Name" button: the user clicks on the "BACK Change Name" button

2022-12-08 20:10:21 - [MESSAGE][WARNING] - Timeout '0' is invalid. Using default page load timeout: '30'

2022-12-08 20:10:22 - [MESSAGE][PASSED] - Tapped on element 'Object Repository/android.widget.Button - BACK Change Name'

2022-12-08 20:10:22 - [MESSAGE][PASSED] - the user clicks on the "BACK Change Name" button

2022-12-08 20:10:22 - [TEST_STEP][PASSED] - the user sees that the "Profile Name" text is not empty: the user sees that the "Profile Name" text is not empty

2022-12-08 20:10:23 - [MESSAGE][PASSED] - Element 'Object Repository/android.widget.TextView - Profile Name' has attribute 'text' is 'PrimeiroNome Apelido'

2022-12-08 20:10:23 - [MESSAGE][PASSED] - the user sees that the "Profile Name" text is not empty

2022-12-08 20:10:23 - [TEST_STEP][PASSED] - the user sees that the "Profile Email" text is not empty: the user sees that the "Profile Email" text is not empty

2022-12-08 20:10:23 - [MESSAGE][PASSED] - Element 'Object Repository/android.widget.TextView - Profile Email' has attribute 'text' is 'rodrigo.campos@mail.pt'

2022-12-08 20:10:23 - [MESSAGE][PASSED] - the user sees that the "Profile Email" text is not empty

2022-12-08 20:10:23 - [TEST_CASE][PASSED] - Start Test Case : SCENARIO Check Change Name Button Exists: SCENARIO Check Change Name Button Exists

2022-12-08 20:10:23 - [TEST_STEP][PASSED] - the user opens the application: the user opens the application

2022-12-08 20:10:23 - [MESSAGE][INFO] - User set preference: ['appWaitActivity', '*']

2022-12-08 20:10:23 - [MESSAGE][INFO] - User set preference: ['deviceId', 'emulator-5554']

2022-12-08 20:10:36 - [MESSAGE][PASSED] - Started app at: 'C:\Users\sfili\Katalon Studio\taes22_grupow_fastugadriver_tests.git\Apk\app-debug.apk'

2022-12-08 20:10:36 - [MESSAGE][PASSED] - the user opens the application

2022-12-08 20:10:36 - [TEST_STEP][PASSED] - the user fills the "email login" field with "rodrigo.campos@mail.pt": the user fills the "email login" field with "rodrigo.campos@mail.pt"

2022-12-08 20:10:36 - [MESSAGE][WARNING] - Timeout '0' is invalid. Using default page load timeout: '30'

2022-12-08 20:10:37 - [MESSAGE][PASSED] - Text 'rodrigo.campos@mail.pt' has been set to element 'Object Repository/android.widget.EditText - email login'

2022-12-08 20:10:37 - [MESSAGE][PASSED] - the user fills the "email login" field with "rodrigo.campos@mail.pt"

2022-12-08 20:10:37 - [TEST_STEP][PASSED] - the user fills the "password login" field with "12345678": the user fills the "password login" field with "12345678"

2022-12-08 20:10:37 - [MESSAGE][WARNING] - Timeout '0' is invalid. Using default page load timeout: '30'

2022-12-08 20:10:39 - [MESSAGE][PASSED] - Text '12345678' has been set to element 'Object Repository/android.widget.EditText - password login'

2022-12-08 20:10:39 - [MESSAGE][PASSED] - the user fills the "password login" field with "12345678"

2022-12-08 20:10:39 - [TEST_STEP][PASSED] - the user clicks on the "LOGIN" button: the user clicks on the "LOGIN" button

2022-12-08 20:10:39 - [MESSAGE][WARNING] - Timeout '0' is invalid. Using default page load timeout: '30'

2022-12-08 20:10:40 - [MESSAGE][PASSED] - Tapped on element 'Object Repository/android.widget.Button - LOGIN'

2022-12-08 20:10:40 - [MESSAGE][PASSED] - the user clicks on the "LOGIN" button

2022-12-08 20:10:40 - [TEST_STEP][PASSED] - the user clicks on the "Menu" in the navbar: the user clicks on the "Menu" in the navbar

2022-12-08 20:10:40 - [MESSAGE][WARNING] - Timeout '0' is invalid. Using default page load timeout: '30'

2022-12-08 20:10:50 - [MESSAGE][PASSED] - Tapped on element 'Object Repository/android.widget.ImageView - Menu'

2022-12-08 20:10:50 - [MESSAGE][PASSED] - the user clicks on the "Menu" in the navbar

2022-12-08 20:10:50 - [TEST_STEP][PASSED] - the user clicks on the "Profile" text in the Menu: the user clicks on the "Profile" text in the Menu

2022-12-08 20:10:50 - [MESSAGE][WARNING] - Timeout '0' is invalid. Using default page load timeout: '30'

2022-12-08 20:10:51 - [MESSAGE][PASSED] - Tapped on element 'Object Repository/android.widget.CheckedTextView - Profile'

2022-12-08 20:10:51 - [MESSAGE][PASSED] - the user clicks on the "Profile" text in the Menu

2022-12-08 20:10:51 - [TEST_STEP][PASSED] - the user clicks on the "CHANGE NAME Profile" button: the user clicks on the "CHANGE NAME Profile" button

2022-12-08 20:10:51 - [MESSAGE][WARNING] - Timeout '0' is invalid. Using default page load timeout: '30'

2022-12-08 20:10:52 - [MESSAGE][PASSED] - Tapped on element 'Object Repository/android.widget.Button - CHANGE NAME Profile'

2022-12-08 20:10:52 - [MESSAGE][PASSED] - the user clicks on the "CHANGE NAME Profile" button

2022-12-08 20:10:52 - [TEST_STEP][PASSED] - the user sees the "CHANGE NAME Change" button: the user sees the "CHANGE NAME Change" button

2022-12-08 20:10:53 - [MESSAGE][WARNING] - Timeout '0' is invalid. Using default page load timeout: '30'

2022-12-08 20:10:53 - [MESSAGE][PASSED] - Element 'Object Repository/android.widget.Button - CHANGE NAME Change' is exist

2022-12-08 20:10:53 - [MESSAGE][PASSED] - the user sees the "CHANGE NAME Change" button

2022-12-08 20:10:53 - [TEST_CASE][PASSED] - Start Test Case : SCENARIO Check Successful Change Name: SCENARIO Check Successful Change Name

2022-12-08 20:10:53 - [TEST_STEP][PASSED] - the user opens the application: the user opens the application

2022-12-08 20:10:53 - [MESSAGE][INFO] - User set preference: ['appWaitActivity', '*']

2022-12-08 20:10:53 - [MESSAGE][INFO] - User set preference: ['deviceId', 'emulator-5554']

2022-12-08 20:11:07 - [MESSAGE][PASSED] - Started app at: 'C:\Users\sfili\Katalon Studio\taes22_grupow_fastugadriver_tests.git\Apk\app-debug.apk'

2022-12-08 20:11:07 - [MESSAGE][PASSED] - the user opens the application

2022-12-08 20:11:07 - [TEST_STEP][PASSED] - the user fills the "email login" field with "rodrigo.campos@mail.pt": the user fills the "email login" field with "rodrigo.campos@mail.pt"

2022-12-08 20:11:08 - [MESSAGE][WARNING] - Timeout '0' is invalid. Using default page load timeout: '30'

2022-12-08 20:11:09 - [MESSAGE][PASSED] - Text 'rodrigo.campos@mail.pt' has been set to element 'Object Repository/android.widget.EditText - email login'

2022-12-08 20:11:09 - [MESSAGE][PASSED] - the user fills the "email login" field with "rodrigo.campos@mail.pt"

2022-12-08 20:11:09 - [TEST_STEP][PASSED] - the user fills the "password login" field with "12345678": the user fills the "password login" field with "12345678"

2022-12-08 20:11:09 - [MESSAGE][WARNING] - Timeout '0' is invalid. Using default page load timeout: '30'

2022-12-08 20:11:10 - [MESSAGE][PASSED] - Text '12345678' has been set to element 'Object Repository/android.widget.EditText - password login'

2022-12-08 20:11:10 - [MESSAGE][PASSED] - the user fills the "password login" field with "12345678"

2022-12-08 20:11:10 - [TEST_STEP][PASSED] - the user clicks on the "LOGIN" button: the user clicks on the "LOGIN" button

2022-12-08 20:11:10 - [MESSAGE][WARNING] - Timeout '0' is invalid. Using default page load timeout: '30'

2022-12-08 20:11:11 - [MESSAGE][PASSED] - Tapped on element 'Object Repository/android.widget.Button - LOGIN'

2022-12-08 20:11:11 - [MESSAGE][PASSED] - the user clicks on the "LOGIN" button

2022-12-08 20:11:11 - [TEST_STEP][PASSED] - the user clicks on the "Menu" in the navbar: the user clicks on the "Menu" in the navbar

2022-12-08 20:11:11 - [MESSAGE][WARNING] - Timeout '0' is invalid. Using default page load timeout: '30'

2022-12-08 20:11:14 - [MESSAGE][PASSED] - Tapped on element 'Object Repository/android.widget.ImageView - Menu'

2022-12-08 20:11:14 - [MESSAGE][PASSED] - the user clicks on the "Menu" in the navbar

2022-12-08 20:11:14 - [TEST_STEP][PASSED] - the user clicks on the "Profile" text in the Menu: the user clicks on the "Profile" text in the Menu

2022-12-08 20:11:14 - [MESSAGE][WARNING] - Timeout '0' is invalid. Using default page load timeout: '30'

2022-12-08 20:11:15 - [MESSAGE][PASSED] - Tapped on element 'Object Repository/android.widget.CheckedTextView - Profile'

2022-12-08 20:11:15 - [MESSAGE][PASSED] - the user clicks on the "Profile" text in the Menu

2022-12-08 20:11:15 - [TEST_STEP][PASSED] - the user clicks on the "CHANGE NAME Profile" button: the user clicks on the "CHANGE NAME Profile" button

2022-12-08 20:11:15 - [MESSAGE][WARNING] - Timeout '0' is invalid. Using default page load timeout: '30'

2022-12-08 20:11:16 - [MESSAGE][PASSED] - Tapped on element 'Object Repository/android.widget.Button - CHANGE NAME Profile'

2022-12-08 20:11:16 - [MESSAGE][PASSED] - the user clicks on the "CHANGE NAME Profile" button

2022-12-08 20:11:16 - [TEST_STEP][PASSED] - the user fills the "First Name Change" field with "MARIO": the user fills the "First Name Change" field with "MARIO"

2022-12-08 20:11:17 - [MESSAGE][WARNING] - Timeout '0' is invalid. Using default page load timeout: '30'

2022-12-08 20:11:18 - [MESSAGE][PASSED] - Text 'MARIO' has been set to element 'Object Repository/android.widget.EditText - First Name Change'

2022-12-08 20:11:18 - [MESSAGE][PASSED] - the user fills the "First Name Change" field with "MARIO"

2022-12-08 20:11:18 - [TEST_STEP][PASSED] - the user fills the "Last Name Change" field with "ANTUNES": the user fills the "Last Name Change" field with "ANTUNES"

2022-12-08 20:11:18 - [MESSAGE][WARNING] - Timeout '0' is invalid. Using default page load timeout: '30'

2022-12-08 20:11:19 - [MESSAGE][PASSED] - Text 'ANTUNES' has been set to element 'Object Repository/android.widget.EditText - Last Name Change'

2022-12-08 20:11:19 - [MESSAGE][PASSED] - the user fills the "Last Name Change" field with "ANTUNES"

2022-12-08 20:11:19 - [TEST_STEP][PASSED] - the user clicks on the "CHANGE NAME Change" button: the user clicks on the "CHANGE NAME Change" button

2022-12-08 20:11:19 - [MESSAGE][WARNING] - Timeout '0' is invalid. Using default page load timeout: '30'

2022-12-08 20:11:20 - [MESSAGE][PASSED] - Tapped on element 'Object Repository/android.widget.Button - CHANGE NAME Change'

2022-12-08 20:11:20 - [MESSAGE][PASSED] - the user clicks on the "CHANGE NAME Change" button

2022-12-08 20:11:20 - [TEST_STEP][PASSED] - the user sees the Confirmation Dialog "Success": the user sees the Confirmation Dialog "Success"

2022-12-08 20:11:20 - [MESSAGE][WARNING] - Timeout '0' is invalid. Using default page load timeout: '30'

2022-12-08 20:11:23 - [MESSAGE][PASSED] - Element 'Object Repository/android.widget.RelativeLayout - Success' is exist

2022-12-08 20:11:23 - [MESSAGE][PASSED] - the user sees the Confirmation Dialog "Success"

2022-12-08 20:11:23 - [TEST_STEP][PASSED] - the user clicks on the "Success OK" button: the user clicks on the "Success OK" button

2022-12-08 20:11:23 - [MESSAGE][WARNING] - Timeout '0' is invalid. Using default page load timeout: '30'

2022-12-08 20:11:23 - [MESSAGE][PASSED] - Tapped on element 'Object Repository/android.widget.Button - Success OK'

2022-12-08 20:11:23 - [MESSAGE][PASSED] - the user clicks on the "Success OK" button

2022-12-08 20:11:23 - [TEST_STEP][PASSED] - the user sees that the "Profile Name" text equals "MARIO ANTUNES": the user sees that the "Profile Name" text equals "MARIO ANTUNES"

2022-12-08 20:11:24 - [MESSAGE][PASSED] - Element 'Object Repository/android.widget.TextView - Profile Name' has attribute 'text' is 'MARIO ANTUNES'

2022-12-08 20:11:24 - [MESSAGE][PASSED] - the user sees that the "Profile Name" text equals "MARIO ANTUNES"

2022-12-08 20:11:24 - [MESSAGE][PASSED] - Feature file: 'Include/features/us21.feature' was passed]]></system-out>
         <system-err><![CDATA[]]></system-err>
      </testcase>
      <system-out><![CDATA[2022-12-08 20:05:52 - [TEST_SUITE][PASSED] - US21 Test Suite: Test Cases/US21 - See And Change My Profile Details/US21TestCaseAllFeatures]]></system-out>
      <system-err><![CDATA[]]></system-err>
   </testsuite>
</testsuites>
